#! /opt/homebrew/Cellar/icarus-verilog/13.0/bin/vvp
:ivl_version "13.0 (stable)" "(v13_0)";
:ivl_delay_selection "TYPICAL";
:vpi_time_precision - 12;
:vpi_module "/opt/homebrew/Cellar/icarus-verilog/13.0/lib/ivl/system.vpi";
:vpi_module "/opt/homebrew/Cellar/icarus-verilog/13.0/lib/ivl/vhdl_sys.vpi";
:vpi_module "/opt/homebrew/Cellar/icarus-verilog/13.0/lib/ivl/vhdl_textio.vpi";
:vpi_module "/opt/homebrew/Cellar/icarus-verilog/13.0/lib/ivl/v2005_math.vpi";
:vpi_module "/opt/homebrew/Cellar/icarus-verilog/13.0/lib/ivl/va_math.vpi";
:vpi_module "/opt/homebrew/Cellar/icarus-verilog/13.0/lib/ivl/v2009.vpi";
S_0x15876d370 .scope package, "$unit" "$unit" 2 1;
 .timescale 0 0;
S_0x15876c730 .scope module, "tb_special_case_fpu" "tb_special_case_fpu" 3 7;
 .timescale -9 -12;
v0x1587bf150_0 .var "clk", 0 0;
v0x1587bf270_0 .var "reset", 0 0;
S_0x1587788a0 .scope module, "dut" "tinker_core" 3 15, 4 8 0, S_0x15876c730;
 .timescale -9 -12;
    .port_info 0 /INPUT 1 "clk";
    .port_info 1 /INPUT 1 "reset";
L_0x1587bff20 .functor BUFZ 1, v0x1587b72a0_0, C4<0>, C4<0>, C4<0>;
v0x1587bcf30_0 .net "L", 11 0, L_0x1587c1e00;  1 drivers
L_0x160088010 .functor BUFT 1, C4<0000000000000000000000000000000000000000000000000000>, C4<0>, C4<0>, C4<0>;
v0x1587bd000_0 .net/2u *"_ivl_0", 51 0, L_0x160088010;  1 drivers
L_0x160088058 .functor BUFT 1, C4<0000000000000000000000000000000000000000000000000000000000001000>, C4<0>, C4<0>, C4<0>;
v0x1587bd090_0 .net/2u *"_ivl_16", 63 0, L_0x160088058;  1 drivers
L_0x1600880a0 .functor BUFT 1, C4<0000000000000000000000000000000000000000000000000000000000000100>, C4<0>, C4<0>, C4<0>;
v0x1587bd120_0 .net/2u *"_ivl_20", 63 0, L_0x1600880a0;  1 drivers
v0x1587bd1b0_0 .net *"_ivl_5", 0 0, L_0x1587bf4d0;  1 drivers
v0x1587bd2a0_0 .net *"_ivl_7", 51 0, L_0x1587bf570;  1 drivers
v0x1587bd350_0 .net "alu_a", 63 0, L_0x1587bf7b0;  1 drivers
v0x1587bd3f0_0 .net "alu_b", 63 0, L_0x1587bf940;  1 drivers
v0x1587bd4a0_0 .net "alu_op", 4 0, v0x1587b6e80_0;  1 drivers
v0x1587bd5b0_0 .net "alu_result", 63 0, v0x1587b67b0_0;  1 drivers
v0x1587bd650_0 .net "br_abs", 0 0, v0x1587b6f40_0;  1 drivers
v0x1587bd700_0 .net "br_gt", 0 0, v0x1587b6ff0_0;  1 drivers
v0x1587bd7b0_0 .net "br_nz", 0 0, v0x1587b7080_0;  1 drivers
v0x1587bd860_0 .net "br_rel_lit", 0 0, v0x1587b7160_0;  1 drivers
v0x1587bd910_0 .net "br_rel_reg", 0 0, v0x1587b7200_0;  1 drivers
v0x1587bd9c0_0 .net "branch_offset", 63 0, L_0x1587bf650;  1 drivers
v0x1587bda50_0 .net "call_inst", 0 0, v0x1587b72a0_0;  1 drivers
v0x1587bdc00_0 .net "clk", 0 0, v0x1587bf150_0;  1 drivers
v0x1587bdc90_0 .net "fpu_op", 4 0, v0x1587b7340_0;  1 drivers
v0x1587bdd20_0 .net "fpu_result", 63 0, v0x1587b8f90_0;  1 drivers
v0x1587bddb0_0 .net "instruction", 31 0, L_0x1587c06d0;  1 drivers
v0x1587bde40_0 .net "is_literal", 0 0, v0x1587b7500_0;  1 drivers
v0x1587bded0_0 .net "literal_ext", 63 0, L_0x1587bf390;  1 drivers
v0x1587bdf60_0 .net "mem_addr", 63 0, L_0x1587bfc90;  1 drivers
v0x1587be010_0 .net "mem_data", 63 0, L_0x1587c15c0;  1 drivers
v0x1587be0c0_0 .net "mem_write", 0 0, L_0x1587bff20;  1 drivers
v0x1587be170_0 .net "mem_write_data", 63 0, L_0x1587bfdd0;  1 drivers
v0x1587be220_0 .var "next_pc", 63 0;
v0x1587be2d0_0 .net "opcode", 4 0, L_0x1587c1ac0;  1 drivers
v0x1587be380_0 .net "pc", 63 0, v0x1587b8080_0;  1 drivers
v0x1587bc5f0_31 .array/port v0x1587bc5f0, 31;
v0x1587be450_0 .net "r31_data", 63 0, v0x1587bc5f0_31;  1 drivers
v0x1587be4e0_0 .net "rd", 4 0, L_0x1587c1c20;  1 drivers
v0x1587be5b0_0 .net "rd_data", 63 0, L_0x1587c20e0;  1 drivers
v0x1587bdae0_0 .net "reg_write", 0 0, v0x1587b7700_0;  1 drivers
v0x1587be840_0 .net "reset", 0 0, v0x1587bf270_0;  1 drivers
v0x1587be8d0_0 .net "return_inst", 0 0, v0x1587b77a0_0;  1 drivers
v0x1587be960_0 .net "rs", 4 0, L_0x1587c1cc0;  1 drivers
v0x1587bea30_0 .net "rs_data", 63 0, L_0x1587c2390;  1 drivers
v0x1587beb00_0 .net "rt", 4 0, L_0x1587c1d60;  1 drivers
v0x1587bebd0_0 .net "rt_data", 63 0, L_0x1587c26b0;  1 drivers
v0x1587beca0_0 .net "use_alu", 0 0, v0x1587b7a80_0;  1 drivers
v0x1587bed30_0 .net "use_fpu", 0 0, v0x1587b7b10_0;  1 drivers
v0x1587bedc0_0 .net "write_data", 63 0, L_0x1587bfa60;  1 drivers
E_0x158746d00/0 .event anyedge, v0x1587b77a0_0, v0x1587bb3d0_0, v0x1587b72a0_0, v0x1587bc4a0_0;
E_0x158746d00/1 .event anyedge, v0x1587b6f40_0, v0x1587b7200_0, v0x1587b8080_0, v0x1587b7160_0;
E_0x158746d00/2 .event anyedge, v0x1587bd9c0_0, v0x1587b7080_0, v0x1587b8570_0, v0x1587b6ff0_0;
E_0x158746d00/3 .event anyedge, v0x1587b8630_0;
E_0x158746d00 .event/or E_0x158746d00/0, E_0x158746d00/1, E_0x158746d00/2, E_0x158746d00/3;
L_0x1587bf390 .concat [ 12 52 0 0], L_0x1587c1e00, L_0x160088010;
L_0x1587bf4d0 .part L_0x1587c1e00, 11, 1;
L_0x1587bf570 .repeat 52, 52, L_0x1587bf4d0;
L_0x1587bf650 .concat [ 12 52 0 0], L_0x1587c1e00, L_0x1587bf570;
L_0x1587bf7b0 .functor MUXZ 64, L_0x1587c2390, L_0x1587c20e0, v0x1587b7500_0, C4<>;
L_0x1587bf940 .functor MUXZ 64, L_0x1587c26b0, L_0x1587bf390, v0x1587b7500_0, C4<>;
L_0x1587bfa60 .functor MUXZ 64, v0x1587b67b0_0, v0x1587b8f90_0, v0x1587b7b10_0, C4<>;
L_0x1587bfc90 .arith/sub 64, v0x1587bc5f0_31, L_0x160088058;
L_0x1587bfdd0 .arith/sum 64, v0x1587b8080_0, L_0x1600880a0;
S_0x158772b00 .scope module, "alu" "alu" 4 77, 5 1 0, S_0x1587788a0;
 .timescale -9 -12;
    .port_info 0 /INPUT 5 "alu_op";
    .port_info 1 /INPUT 64 "a";
    .port_info 2 /INPUT 64 "b";
    .port_info 3 /OUTPUT 64 "result";
v0x158785090_0 .net "a", 63 0, L_0x1587bf7b0;  alias, 1 drivers
v0x1587b6640_0 .net "alu_op", 4 0, v0x1587b6e80_0;  alias, 1 drivers
v0x1587b66f0_0 .net "b", 63 0, L_0x1587bf940;  alias, 1 drivers
v0x1587b67b0_0 .var "result", 63 0;
E_0x158747220 .event anyedge, v0x1587b6640_0, v0x158785090_0, v0x1587b66f0_0;
S_0x1587b68c0 .scope module, "decoder" "instruction_decoder" 4 75, 6 1 0, S_0x1587788a0;
 .timescale -9 -12;
    .port_info 0 /INPUT 32 "instruction";
    .port_info 1 /OUTPUT 5 "opcode";
    .port_info 2 /OUTPUT 5 "rd";
    .port_info 3 /OUTPUT 5 "rs";
    .port_info 4 /OUTPUT 5 "rt";
    .port_info 5 /OUTPUT 12 "L";
    .port_info 6 /OUTPUT 1 "use_alu";
    .port_info 7 /OUTPUT 1 "use_fpu";
    .port_info 8 /OUTPUT 1 "is_literal";
    .port_info 9 /OUTPUT 1 "br_abs";
    .port_info 10 /OUTPUT 1 "br_rel_reg";
    .port_info 11 /OUTPUT 1 "br_rel_lit";
    .port_info 12 /OUTPUT 1 "br_nz";
    .port_info 13 /OUTPUT 1 "br_gt";
    .port_info 14 /OUTPUT 1 "call_inst";
    .port_info 15 /OUTPUT 1 "return_inst";
    .port_info 16 /OUTPUT 5 "alu_op";
    .port_info 17 /OUTPUT 5 "fpu_op";
    .port_info 18 /OUTPUT 1 "reg_write";
v0x1587b6dd0_0 .net "L", 11 0, L_0x1587c1e00;  alias, 1 drivers
v0x1587b6e80_0 .var "alu_op", 4 0;
v0x1587b6f40_0 .var "br_abs", 0 0;
v0x1587b6ff0_0 .var "br_gt", 0 0;
v0x1587b7080_0 .var "br_nz", 0 0;
v0x1587b7160_0 .var "br_rel_lit", 0 0;
v0x1587b7200_0 .var "br_rel_reg", 0 0;
v0x1587b72a0_0 .var "call_inst", 0 0;
v0x1587b7340_0 .var "fpu_op", 4 0;
v0x1587b7450_0 .net "instruction", 31 0, L_0x1587c06d0;  alias, 1 drivers
v0x1587b7500_0 .var "is_literal", 0 0;
v0x1587b75a0_0 .net "opcode", 4 0, L_0x1587c1ac0;  alias, 1 drivers
v0x1587b7650_0 .net "rd", 4 0, L_0x1587c1c20;  alias, 1 drivers
v0x1587b7700_0 .var "reg_write", 0 0;
v0x1587b77a0_0 .var "return_inst", 0 0;
v0x1587b7840_0 .net "rs", 4 0, L_0x1587c1cc0;  alias, 1 drivers
v0x1587b78f0_0 .net "rt", 4 0, L_0x1587c1d60;  alias, 1 drivers
v0x1587b7a80_0 .var "use_alu", 0 0;
v0x1587b7b10_0 .var "use_fpu", 0 0;
E_0x1587b6d90 .event anyedge, v0x1587b75a0_0;
L_0x1587c1ac0 .part L_0x1587c06d0, 27, 5;
L_0x1587c1c20 .part L_0x1587c06d0, 22, 5;
L_0x1587c1cc0 .part L_0x1587c06d0, 17, 5;
L_0x1587c1d60 .part L_0x1587c06d0, 12, 5;
L_0x1587c1e00 .part L_0x1587c06d0, 0, 12;
S_0x1587b7d70 .scope module, "fetch" "instruction_fetch" 4 73, 7 1 0, S_0x1587788a0;
 .timescale -9 -12;
    .port_info 0 /INPUT 1 "clk";
    .port_info 1 /INPUT 1 "reset";
    .port_info 2 /INPUT 64 "next_pc";
    .port_info 3 /OUTPUT 64 "pc";
v0x1587b7f20_0 .net "clk", 0 0, v0x1587bf150_0;  alias, 1 drivers
v0x1587b7fd0_0 .net "next_pc", 63 0, v0x1587be220_0;  1 drivers
v0x1587b8080_0 .var "pc", 63 0;
v0x1587b8140_0 .net "reset", 0 0, v0x1587bf270_0;  alias, 1 drivers
E_0x1587b7ee0 .event posedge, v0x1587b8140_0, v0x1587b7f20_0;
S_0x1587b8240 .scope module, "fpu" "fpu" 4 78, 8 1 0, S_0x1587788a0;
 .timescale -9 -12;
    .port_info 0 /INPUT 64 "a";
    .port_info 1 /INPUT 64 "b";
    .port_info 2 /INPUT 5 "fpu_op";
    .port_info 3 /OUTPUT 64 "result";
v0x1587b8570_0 .net "a", 63 0, L_0x1587c2390;  alias, 1 drivers
v0x1587b8630_0 .net "b", 63 0, L_0x1587c26b0;  alias, 1 drivers
v0x1587b86e0_0 .var "diff", 10 0;
v0x1587b87a0_0 .var "exp_1", 10 0;
v0x1587b8850_0 .var/i "exp_1den", 31 0;
v0x1587b8940_0 .var "exp_2", 10 0;
v0x1587b89f0_0 .var/i "exp_2den", 31 0;
v0x1587b8aa0_0 .var "exp_res", 11 0;
v0x1587b8b50_0 .var/i "exp_resden", 31 0;
v0x1587b8c60_0 .net "fpu_op", 4 0, v0x1587b7340_0;  alias, 1 drivers
v0x1587b8d20_0 .var/i "i", 31 0;
v0x1587b8db0_0 .var "mant_1", 52 0;
v0x1587b8e40_0 .var "mant_2", 52 0;
v0x1587b8ee0_0 .var "mant_res", 52 0;
v0x1587b8f90_0 .var "result", 63 0;
v0x1587b9040_0 .var/i "shift", 31 0;
v0x1587b90f0_0 .var "sign", 0 0;
v0x1587b9290_0 .var "sign_a", 0 0;
v0x1587b9330_0 .var "sign_b", 0 0;
v0x1587b93d0_0 .var "temp", 53 0;
v0x1587b9480_0 .var "temp_big", 105 0;
E_0x1587b8480/0 .event anyedge, v0x1587b7340_0, v0x1587b8570_0, v0x1587b8630_0, v0x1587b87a0_0;
E_0x1587b8480/1 .event anyedge, v0x1587b8940_0, v0x1587b8e40_0, v0x1587b86e0_0, v0x1587b8db0_0;
E_0x1587b8480/2 .event anyedge, v0x1587b9290_0, v0x1587b9330_0, v0x1587b93d0_0, v0x1587b8ee0_0;
E_0x1587b8480/3 .event anyedge, v0x1587b90f0_0, v0x1587b9480_0, v0x1587b8aa0_0, v0x1587b8850_0;
E_0x1587b8480/4 .event anyedge, v0x1587b89f0_0, v0x1587b8b50_0, v0x1587b9040_0;
E_0x1587b8480 .event/or E_0x1587b8480/0, E_0x1587b8480/1, E_0x1587b8480/2, E_0x1587b8480/3, E_0x1587b8480/4;
S_0x1587b9590 .scope module, "memory" "memory" 4 74, 9 1 0, S_0x1587788a0;
 .timescale -9 -12;
    .port_info 0 /INPUT 1 "clk";
    .port_info 1 /INPUT 1 "reset";
    .port_info 2 /INPUT 64 "pc";
    .port_info 3 /OUTPUT 32 "instruction";
    .port_info 4 /INPUT 64 "data_addr";
    .port_info 5 /INPUT 64 "write_data";
    .port_info 6 /INPUT 1 "mem_write";
    .port_info 7 /OUTPUT 64 "data_read";
P_0x1587b9740 .param/l "MEM_SIZE" 0 9 2, +C4<0000000000000000000000000000000000000000000010000000000000000000>;
v0x1587b9a00_0 .net *"_ivl_0", 7 0, L_0x1587bffd0;  1 drivers
v0x1587b9a90_0 .net *"_ivl_10", 63 0, L_0x1587c02d0;  1 drivers
v0x1587b9b20_0 .net *"_ivl_12", 7 0, L_0x1587c0410;  1 drivers
L_0x160088178 .functor BUFT 1, C4<0000000000000000000000000000000000000000000000000000000000000001>, C4<0>, C4<0>, C4<0>;
v0x1587b9bb0_0 .net/2u *"_ivl_14", 63 0, L_0x160088178;  1 drivers
v0x1587b9c40_0 .net *"_ivl_16", 63 0, L_0x1587c04b0;  1 drivers
v0x1587b9d10_0 .net *"_ivl_18", 7 0, L_0x1587c05f0;  1 drivers
L_0x1600880e8 .functor BUFT 1, C4<0000000000000000000000000000000000000000000000000000000000000011>, C4<0>, C4<0>, C4<0>;
v0x1587b9db0_0 .net/2u *"_ivl_2", 63 0, L_0x1600880e8;  1 drivers
v0x1587b9e60_0 .net *"_ivl_22", 7 0, L_0x1587c0870;  1 drivers
L_0x1600881c0 .functor BUFT 1, C4<0000000000000000000000000000000000000000000000000000000000000111>, C4<0>, C4<0>, C4<0>;
v0x1587b9f10_0 .net/2u *"_ivl_24", 63 0, L_0x1600881c0;  1 drivers
v0x1587ba020_0 .net *"_ivl_26", 63 0, L_0x1587c0960;  1 drivers
v0x1587ba0d0_0 .net *"_ivl_28", 7 0, L_0x1587c0a60;  1 drivers
L_0x160088208 .functor BUFT 1, C4<0000000000000000000000000000000000000000000000000000000000000110>, C4<0>, C4<0>, C4<0>;
v0x1587ba180_0 .net/2u *"_ivl_30", 63 0, L_0x160088208;  1 drivers
v0x1587ba230_0 .net *"_ivl_32", 63 0, L_0x1587c0b60;  1 drivers
v0x1587ba2e0_0 .net *"_ivl_34", 7 0, L_0x1587c0ce0;  1 drivers
L_0x160088250 .functor BUFT 1, C4<0000000000000000000000000000000000000000000000000000000000000101>, C4<0>, C4<0>, C4<0>;
v0x1587ba390_0 .net/2u *"_ivl_36", 63 0, L_0x160088250;  1 drivers
v0x1587ba440_0 .net *"_ivl_38", 63 0, L_0x1587c0e70;  1 drivers
v0x1587ba4f0_0 .net *"_ivl_4", 63 0, L_0x1587c0070;  1 drivers
v0x1587ba680_0 .net *"_ivl_40", 7 0, L_0x1587c0f10;  1 drivers
L_0x160088298 .functor BUFT 1, C4<0000000000000000000000000000000000000000000000000000000000000100>, C4<0>, C4<0>, C4<0>;
v0x1587ba710_0 .net/2u *"_ivl_42", 63 0, L_0x160088298;  1 drivers
v0x1587ba7c0_0 .net *"_ivl_44", 63 0, L_0x1587c1030;  1 drivers
v0x1587ba870_0 .net *"_ivl_46", 7 0, L_0x1587c10d0;  1 drivers
L_0x1600882e0 .functor BUFT 1, C4<0000000000000000000000000000000000000000000000000000000000000011>, C4<0>, C4<0>, C4<0>;
v0x1587ba920_0 .net/2u *"_ivl_48", 63 0, L_0x1600882e0;  1 drivers
v0x1587ba9d0_0 .net *"_ivl_50", 63 0, L_0x1587c1200;  1 drivers
v0x1587baa80_0 .net *"_ivl_52", 7 0, L_0x1587c12e0;  1 drivers
L_0x160088328 .functor BUFT 1, C4<0000000000000000000000000000000000000000000000000000000000000010>, C4<0>, C4<0>, C4<0>;
v0x1587bab30_0 .net/2u *"_ivl_54", 63 0, L_0x160088328;  1 drivers
v0x1587babe0_0 .net *"_ivl_56", 63 0, L_0x1587c1420;  1 drivers
v0x1587bac90_0 .net *"_ivl_58", 7 0, L_0x1587c0c40;  1 drivers
v0x1587bad40_0 .net *"_ivl_6", 7 0, L_0x1587c0230;  1 drivers
L_0x160088370 .functor BUFT 1, C4<0000000000000000000000000000000000000000000000000000000000000001>, C4<0>, C4<0>, C4<0>;
v0x1587badf0_0 .net/2u *"_ivl_60", 63 0, L_0x160088370;  1 drivers
v0x1587baea0_0 .net *"_ivl_62", 63 0, L_0x1587c1380;  1 drivers
v0x1587baf50_0 .net *"_ivl_64", 7 0, L_0x1587c16d0;  1 drivers
L_0x160088130 .functor BUFT 1, C4<0000000000000000000000000000000000000000000000000000000000000010>, C4<0>, C4<0>, C4<0>;
v0x1587bb000_0 .net/2u *"_ivl_8", 63 0, L_0x160088130;  1 drivers
v0x1587bb0b0 .array "bytes", 524287 0, 7 0;
v0x1587ba590_0 .net "clk", 0 0, v0x1587bf150_0;  alias, 1 drivers
v0x1587bb340_0 .net "data_addr", 63 0, L_0x1587bfc90;  alias, 1 drivers
v0x1587bb3d0_0 .net "data_read", 63 0, L_0x1587c15c0;  alias, 1 drivers
v0x1587bb460_0 .net "instruction", 31 0, L_0x1587c06d0;  alias, 1 drivers
v0x1587bb4f0_0 .net "mem_write", 0 0, L_0x1587bff20;  alias, 1 drivers
v0x1587bb580_0 .net "pc", 63 0, v0x1587b8080_0;  alias, 1 drivers
v0x1587bb610_0 .net "reset", 0 0, v0x1587bf270_0;  alias, 1 drivers
v0x1587bb6a0_0 .net "write_data", 63 0, L_0x1587bfdd0;  alias, 1 drivers
E_0x1587b9800 .event posedge, v0x1587b7f20_0;
L_0x1587bffd0 .array/port v0x1587bb0b0, L_0x1587c0070;
L_0x1587c0070 .arith/sum 64, v0x1587b8080_0, L_0x1600880e8;
L_0x1587c0230 .array/port v0x1587bb0b0, L_0x1587c02d0;
L_0x1587c02d0 .arith/sum 64, v0x1587b8080_0, L_0x160088130;
L_0x1587c0410 .array/port v0x1587bb0b0, L_0x1587c04b0;
L_0x1587c04b0 .arith/sum 64, v0x1587b8080_0, L_0x160088178;
L_0x1587c05f0 .array/port v0x1587bb0b0, v0x1587b8080_0;
L_0x1587c06d0 .concat [ 8 8 8 8], L_0x1587c05f0, L_0x1587c0410, L_0x1587c0230, L_0x1587bffd0;
L_0x1587c0870 .array/port v0x1587bb0b0, L_0x1587c0960;
L_0x1587c0960 .arith/sum 64, L_0x1587bfc90, L_0x1600881c0;
L_0x1587c0a60 .array/port v0x1587bb0b0, L_0x1587c0b60;
L_0x1587c0b60 .arith/sum 64, L_0x1587bfc90, L_0x160088208;
L_0x1587c0ce0 .array/port v0x1587bb0b0, L_0x1587c0e70;
L_0x1587c0e70 .arith/sum 64, L_0x1587bfc90, L_0x160088250;
L_0x1587c0f10 .array/port v0x1587bb0b0, L_0x1587c1030;
L_0x1587c1030 .arith/sum 64, L_0x1587bfc90, L_0x160088298;
L_0x1587c10d0 .array/port v0x1587bb0b0, L_0x1587c1200;
L_0x1587c1200 .arith/sum 64, L_0x1587bfc90, L_0x1600882e0;
L_0x1587c12e0 .array/port v0x1587bb0b0, L_0x1587c1420;
L_0x1587c1420 .arith/sum 64, L_0x1587bfc90, L_0x160088328;
L_0x1587c0c40 .array/port v0x1587bb0b0, L_0x1587c1380;
L_0x1587c1380 .arith/sum 64, L_0x1587bfc90, L_0x160088370;
L_0x1587c16d0 .array/port v0x1587bb0b0, L_0x1587bfc90;
LS_0x1587c15c0_0_0 .concat [ 8 8 8 8], L_0x1587c16d0, L_0x1587c0c40, L_0x1587c12e0, L_0x1587c10d0;
LS_0x1587c15c0_0_4 .concat [ 8 8 8 8], L_0x1587c0f10, L_0x1587c0ce0, L_0x1587c0a60, L_0x1587c0870;
L_0x1587c15c0 .concat [ 32 32 0 0], LS_0x1587c15c0_0_0, LS_0x1587c15c0_0_4;
S_0x1587bb7e0 .scope module, "reg_file" "register_file" 4 76, 10 1 0, S_0x1587788a0;
 .timescale -9 -12;
    .port_info 0 /INPUT 1 "clk";
    .port_info 1 /INPUT 1 "reset";
    .port_info 2 /INPUT 5 "rd";
    .port_info 3 /INPUT 5 "rs";
    .port_info 4 /INPUT 5 "rt";
    .port_info 5 /INPUT 64 "write_data";
    .port_info 6 /INPUT 1 "reg_write";
    .port_info 7 /OUTPUT 64 "rd_data";
    .port_info 8 /OUTPUT 64 "rs_data";
    .port_info 9 /OUTPUT 64 "rt_data";
    .port_info 10 /OUTPUT 64 "r31_data";
L_0x1587c20e0 .functor BUFZ 64, L_0x1587c1fa0, C4<0000000000000000000000000000000000000000000000000000000000000000>, C4<0000000000000000000000000000000000000000000000000000000000000000>, C4<0000000000000000000000000000000000000000000000000000000000000000>;
L_0x1587c2390 .functor BUFZ 64, L_0x1587c2190, C4<0000000000000000000000000000000000000000000000000000000000000000>, C4<0000000000000000000000000000000000000000000000000000000000000000>, C4<0000000000000000000000000000000000000000000000000000000000000000>;
L_0x1587c26b0 .functor BUFZ 64, L_0x1587c2480, C4<0000000000000000000000000000000000000000000000000000000000000000>, C4<0000000000000000000000000000000000000000000000000000000000000000>, C4<0000000000000000000000000000000000000000000000000000000000000000>;
v0x1587bbb60_0 .net *"_ivl_0", 63 0, L_0x1587c1fa0;  1 drivers
v0x1587bbc20_0 .net *"_ivl_10", 6 0, L_0x1587c2230;  1 drivers
L_0x160088400 .functor BUFT 1, C4<00>, C4<0>, C4<0>, C4<0>;
v0x1587bbcc0_0 .net *"_ivl_13", 1 0, L_0x160088400;  1 drivers
v0x1587bbd50_0 .net *"_ivl_16", 63 0, L_0x1587c2480;  1 drivers
v0x1587bbe00_0 .net *"_ivl_18", 6 0, L_0x1587c2550;  1 drivers
v0x1587bbef0_0 .net *"_ivl_2", 6 0, L_0x1587c2040;  1 drivers
L_0x160088448 .functor BUFT 1, C4<00>, C4<0>, C4<0>, C4<0>;
v0x1587bbfa0_0 .net *"_ivl_21", 1 0, L_0x160088448;  1 drivers
L_0x1600883b8 .functor BUFT 1, C4<00>, C4<0>, C4<0>, C4<0>;
v0x1587bc050_0 .net *"_ivl_5", 1 0, L_0x1600883b8;  1 drivers
v0x1587bc100_0 .net *"_ivl_8", 63 0, L_0x1587c2190;  1 drivers
v0x1587bc210_0 .net "clk", 0 0, v0x1587bf150_0;  alias, 1 drivers
v0x1587bc2a0_0 .var/i "i", 31 0;
v0x1587bc350_0 .net "r31_data", 63 0, v0x1587bc5f0_31;  alias, 1 drivers
v0x1587bc400_0 .net "rd", 4 0, L_0x1587c1c20;  alias, 1 drivers
v0x1587bc4a0_0 .net "rd_data", 63 0, L_0x1587c20e0;  alias, 1 drivers
v0x1587bc540_0 .net "reg_write", 0 0, v0x1587b7700_0;  alias, 1 drivers
v0x1587bc5f0 .array "registers", 31 0, 63 0;
v0x1587bc980_0 .net "reset", 0 0, v0x1587bf270_0;  alias, 1 drivers
v0x1587bcb50_0 .net "rs", 4 0, L_0x1587c1cc0;  alias, 1 drivers
v0x1587bcbe0_0 .net "rs_data", 63 0, L_0x1587c2390;  alias, 1 drivers
v0x1587bcc70_0 .net "rt", 4 0, L_0x1587c1d60;  alias, 1 drivers
v0x1587bcd00_0 .net "rt_data", 63 0, L_0x1587c26b0;  alias, 1 drivers
v0x1587bcd90_0 .net "write_data", 63 0, L_0x1587bfa60;  alias, 1 drivers
L_0x1587c1fa0 .array/port v0x1587bc5f0, L_0x1587c2040;
L_0x1587c2040 .concat [ 5 2 0 0], L_0x1587c1c20, L_0x1600883b8;
L_0x1587c2190 .array/port v0x1587bc5f0, L_0x1587c2230;
L_0x1587c2230 .concat [ 5 2 0 0], L_0x1587c1cc0, L_0x160088400;
L_0x1587c2480 .array/port v0x1587bc5f0, L_0x1587c2550;
L_0x1587c2550 .concat [ 5 2 0 0], L_0x1587c1d60, L_0x160088448;
S_0x1587bee50 .scope task, "load_instr" "load_instr" 3 19, 3 19 0, S_0x15876c730;
 .timescale -9 -12;
v0x1587bf010_0 .var "addr", 63 0;
v0x1587bf0a0_0 .var "instr", 31 0;
TD_tb_special_case_fpu.load_instr ;
    %load/vec4 v0x1587bf0a0_0;
    %parti/s 8, 0, 2;
    %ix/getv 4, v0x1587bf010_0;
    %store/vec4a v0x1587bb0b0, 4, 0;
    %load/vec4 v0x1587bf0a0_0;
    %parti/s 8, 8, 5;
    %load/vec4 v0x1587bf010_0;
    %addi 1, 0, 64;
    %ix/vec4 4;
    %store/vec4a v0x1587bb0b0, 4, 0;
    %load/vec4 v0x1587bf0a0_0;
    %parti/s 8, 16, 6;
    %load/vec4 v0x1587bf010_0;
    %addi 2, 0, 64;
    %ix/vec4 4;
    %store/vec4a v0x1587bb0b0, 4, 0;
    %load/vec4 v0x1587bf0a0_0;
    %parti/s 8, 24, 6;
    %load/vec4 v0x1587bf010_0;
    %addi 3, 0, 64;
    %ix/vec4 4;
    %store/vec4a v0x1587bb0b0, 4, 0;
    %end;
    .scope S_0x1587b7d70;
T_1 ;
    %wait E_0x1587b7ee0;
    %load/vec4 v0x1587b8140_0;
    %flag_set/vec4 8;
    %jmp/0xz  T_1.0, 8;
    %pushi/vec4 8192, 0, 64;
    %assign/vec4 v0x1587b8080_0, 0;
    %jmp T_1.1;
T_1.0 ;
    %load/vec4 v0x1587b7fd0_0;
    %assign/vec4 v0x1587b8080_0, 0;
T_1.1 ;
    %jmp T_1;
    .thread T_1;
    .scope S_0x1587b9590;
T_2 ;
    %wait E_0x1587b9800;
    %load/vec4 v0x1587bb4f0_0;
    %flag_set/vec4 8;
    %jmp/0xz  T_2.0, 8;
    %load/vec4 v0x1587bb6a0_0;
    %parti/s 8, 56, 7;
    %load/vec4 v0x1587bb340_0;
    %addi 7, 0, 64;
    %ix/vec4 3;
    %ix/load 4, 0, 0; Constant delay
    %assign/vec4/a/d v0x1587bb0b0, 0, 4;
    %load/vec4 v0x1587bb6a0_0;
    %parti/s 8, 48, 7;
    %load/vec4 v0x1587bb340_0;
    %addi 6, 0, 64;
    %ix/vec4 3;
    %ix/load 4, 0, 0; Constant delay
    %assign/vec4/a/d v0x1587bb0b0, 0, 4;
    %load/vec4 v0x1587bb6a0_0;
    %parti/s 8, 40, 7;
    %load/vec4 v0x1587bb340_0;
    %addi 5, 0, 64;
    %ix/vec4 3;
    %ix/load 4, 0, 0; Constant delay
    %assign/vec4/a/d v0x1587bb0b0, 0, 4;
    %load/vec4 v0x1587bb6a0_0;
    %parti/s 8, 32, 7;
    %load/vec4 v0x1587bb340_0;
    %addi 4, 0, 64;
    %ix/vec4 3;
    %ix/load 4, 0, 0; Constant delay
    %assign/vec4/a/d v0x1587bb0b0, 0, 4;
    %load/vec4 v0x1587bb6a0_0;
    %parti/s 8, 24, 6;
    %load/vec4 v0x1587bb340_0;
    %addi 3, 0, 64;
    %ix/vec4 3;
    %ix/load 4, 0, 0; Constant delay
    %assign/vec4/a/d v0x1587bb0b0, 0, 4;
    %load/vec4 v0x1587bb6a0_0;
    %parti/s 8, 16, 6;
    %load/vec4 v0x1587bb340_0;
    %addi 2, 0, 64;
    %ix/vec4 3;
    %ix/load 4, 0, 0; Constant delay
    %assign/vec4/a/d v0x1587bb0b0, 0, 4;
    %load/vec4 v0x1587bb6a0_0;
    %parti/s 8, 8, 5;
    %load/vec4 v0x1587bb340_0;
    %addi 1, 0, 64;
    %ix/vec4 3;
    %ix/load 4, 0, 0; Constant delay
    %assign/vec4/a/d v0x1587bb0b0, 0, 4;
    %load/vec4 v0x1587bb6a0_0;
    %parti/s 8, 0, 2;
    %ix/getv 3, v0x1587bb340_0;
    %ix/load 4, 0, 0; Constant delay
    %assign/vec4/a/d v0x1587bb0b0, 0, 4;
T_2.0 ;
    %jmp T_2;
    .thread T_2;
    .scope S_0x1587b68c0;
T_3 ;
    %wait E_0x1587b6d90;
    %pushi/vec4 0, 0, 1;
    %store/vec4 v0x1587b7a80_0, 0, 1;
    %pushi/vec4 0, 0, 1;
    %store/vec4 v0x1587b7b10_0, 0, 1;
    %pushi/vec4 0, 0, 1;
    %store/vec4 v0x1587b7500_0, 0, 1;
    %pushi/vec4 0, 0, 1;
    %store/vec4 v0x1587b6f40_0, 0, 1;
    %pushi/vec4 0, 0, 1;
    %store/vec4 v0x1587b7200_0, 0, 1;
    %pushi/vec4 0, 0, 1;
    %store/vec4 v0x1587b7160_0, 0, 1;
    %pushi/vec4 0, 0, 1;
    %store/vec4 v0x1587b7080_0, 0, 1;
    %pushi/vec4 0, 0, 1;
    %store/vec4 v0x1587b6ff0_0, 0, 1;
    %pushi/vec4 0, 0, 1;
    %store/vec4 v0x1587b72a0_0, 0, 1;
    %pushi/vec4 0, 0, 1;
    %store/vec4 v0x1587b77a0_0, 0, 1;
    %pushi/vec4 0, 0, 5;
    %store/vec4 v0x1587b6e80_0, 0, 5;
    %pushi/vec4 0, 0, 5;
    %store/vec4 v0x1587b7340_0, 0, 5;
    %pushi/vec4 0, 0, 1;
    %store/vec4 v0x1587b7700_0, 0, 1;
    %load/vec4 v0x1587b75a0_0;
    %dup/vec4;
    %pushi/vec4 0, 0, 5;
    %cmp/u;
    %jmp/1 T_3.0, 6;
    %dup/vec4;
    %pushi/vec4 1, 0, 5;
    %cmp/u;
    %jmp/1 T_3.1, 6;
    %dup/vec4;
    %pushi/vec4 2, 0, 5;
    %cmp/u;
    %jmp/1 T_3.2, 6;
    %dup/vec4;
    %pushi/vec4 3, 0, 5;
    %cmp/u;
    %jmp/1 T_3.3, 6;
    %dup/vec4;
    %pushi/vec4 4, 0, 5;
    %cmp/u;
    %jmp/1 T_3.4, 6;
    %dup/vec4;
    %pushi/vec4 5, 0, 5;
    %cmp/u;
    %jmp/1 T_3.5, 6;
    %dup/vec4;
    %pushi/vec4 6, 0, 5;
    %cmp/u;
    %jmp/1 T_3.6, 6;
    %dup/vec4;
    %pushi/vec4 7, 0, 5;
    %cmp/u;
    %jmp/1 T_3.7, 6;
    %dup/vec4;
    %pushi/vec4 8, 0, 5;
    %cmp/u;
    %jmp/1 T_3.8, 6;
    %dup/vec4;
    %pushi/vec4 9, 0, 5;
    %cmp/u;
    %jmp/1 T_3.9, 6;
    %dup/vec4;
    %pushi/vec4 10, 0, 5;
    %cmp/u;
    %jmp/1 T_3.10, 6;
    %dup/vec4;
    %pushi/vec4 11, 0, 5;
    %cmp/u;
    %jmp/1 T_3.11, 6;
    %dup/vec4;
    %pushi/vec4 12, 0, 5;
    %cmp/u;
    %jmp/1 T_3.12, 6;
    %dup/vec4;
    %pushi/vec4 13, 0, 5;
    %cmp/u;
    %jmp/1 T_3.13, 6;
    %dup/vec4;
    %pushi/vec4 14, 0, 5;
    %cmp/u;
    %jmp/1 T_3.14, 6;
    %dup/vec4;
    %pushi/vec4 17, 0, 5;
    %cmp/u;
    %jmp/1 T_3.15, 6;
    %dup/vec4;
    %pushi/vec4 18, 0, 5;
    %cmp/u;
    %jmp/1 T_3.16, 6;
    %dup/vec4;
    %pushi/vec4 20, 0, 5;
    %cmp/u;
    %jmp/1 T_3.17, 6;
    %dup/vec4;
    %pushi/vec4 21, 0, 5;
    %cmp/u;
    %jmp/1 T_3.18, 6;
    %dup/vec4;
    %pushi/vec4 22, 0, 5;
    %cmp/u;
    %jmp/1 T_3.19, 6;
    %dup/vec4;
    %pushi/vec4 23, 0, 5;
    %cmp/u;
    %jmp/1 T_3.20, 6;
    %dup/vec4;
    %pushi/vec4 24, 0, 5;
    %cmp/u;
    %jmp/1 T_3.21, 6;
    %dup/vec4;
    %pushi/vec4 25, 0, 5;
    %cmp/u;
    %jmp/1 T_3.22, 6;
    %dup/vec4;
    %pushi/vec4 26, 0, 5;
    %cmp/u;
    %jmp/1 T_3.23, 6;
    %dup/vec4;
    %pushi/vec4 27, 0, 5;
    %cmp/u;
    %jmp/1 T_3.24, 6;
    %dup/vec4;
    %pushi/vec4 28, 0, 5;
    %cmp/u;
    %jmp/1 T_3.25, 6;
    %dup/vec4;
    %pushi/vec4 29, 0, 5;
    %cmp/u;
    %jmp/1 T_3.26, 6;
    %jmp T_3.28;
T_3.0 ;
    %pushi/vec4 1, 0, 1;
    %store/vec4 v0x1587b7a80_0, 0, 1;
    %pushi/vec4 1, 0, 1;
    %store/vec4 v0x1587b7700_0, 0, 1;
    %pushi/vec4 0, 0, 5;
    %store/vec4 v0x1587b6e80_0, 0, 5;
    %jmp T_3.28;
T_3.1 ;
    %pushi/vec4 1, 0, 1;
    %store/vec4 v0x1587b7a80_0, 0, 1;
    %pushi/vec4 1, 0, 1;
    %store/vec4 v0x1587b7700_0, 0, 1;
    %pushi/vec4 1, 0, 5;
    %store/vec4 v0x1587b6e80_0, 0, 5;
    %jmp T_3.28;
T_3.2 ;
    %pushi/vec4 1, 0, 1;
    %store/vec4 v0x1587b7a80_0, 0, 1;
    %pushi/vec4 1, 0, 1;
    %store/vec4 v0x1587b7700_0, 0, 1;
    %pushi/vec4 2, 0, 5;
    %store/vec4 v0x1587b6e80_0, 0, 5;
    %jmp T_3.28;
T_3.3 ;
    %pushi/vec4 1, 0, 1;
    %store/vec4 v0x1587b7a80_0, 0, 1;
    %pushi/vec4 1, 0, 1;
    %store/vec4 v0x1587b7700_0, 0, 1;
    %pushi/vec4 3, 0, 5;
    %store/vec4 v0x1587b6e80_0, 0, 5;
    %jmp T_3.28;
T_3.4 ;
    %pushi/vec4 1, 0, 1;
    %store/vec4 v0x1587b7a80_0, 0, 1;
    %pushi/vec4 1, 0, 1;
    %store/vec4 v0x1587b7700_0, 0, 1;
    %pushi/vec4 4, 0, 5;
    %store/vec4 v0x1587b6e80_0, 0, 5;
    %jmp T_3.28;
T_3.5 ;
    %pushi/vec4 1, 0, 1;
    %store/vec4 v0x1587b7a80_0, 0, 1;
    %pushi/vec4 1, 0, 1;
    %store/vec4 v0x1587b7500_0, 0, 1;
    %pushi/vec4 1, 0, 1;
    %store/vec4 v0x1587b7700_0, 0, 1;
    %pushi/vec4 4, 0, 5;
    %store/vec4 v0x1587b6e80_0, 0, 5;
    %jmp T_3.28;
T_3.6 ;
    %pushi/vec4 1, 0, 1;
    %store/vec4 v0x1587b7a80_0, 0, 1;
    %pushi/vec4 1, 0, 1;
    %store/vec4 v0x1587b7700_0, 0, 1;
    %pushi/vec4 5, 0, 5;
    %store/vec4 v0x1587b6e80_0, 0, 5;
    %jmp T_3.28;
T_3.7 ;
    %pushi/vec4 1, 0, 1;
    %store/vec4 v0x1587b7a80_0, 0, 1;
    %pushi/vec4 1, 0, 1;
    %store/vec4 v0x1587b7500_0, 0, 1;
    %pushi/vec4 1, 0, 1;
    %store/vec4 v0x1587b7700_0, 0, 1;
    %pushi/vec4 5, 0, 5;
    %store/vec4 v0x1587b6e80_0, 0, 5;
    %jmp T_3.28;
T_3.8 ;
    %pushi/vec4 1, 0, 1;
    %store/vec4 v0x1587b6f40_0, 0, 1;
    %jmp T_3.28;
T_3.9 ;
    %pushi/vec4 1, 0, 1;
    %store/vec4 v0x1587b7200_0, 0, 1;
    %jmp T_3.28;
T_3.10 ;
    %pushi/vec4 1, 0, 1;
    %store/vec4 v0x1587b7160_0, 0, 1;
    %jmp T_3.28;
T_3.11 ;
    %pushi/vec4 1, 0, 1;
    %store/vec4 v0x1587b7080_0, 0, 1;
    %jmp T_3.28;
T_3.12 ;
    %pushi/vec4 1, 0, 1;
    %store/vec4 v0x1587b72a0_0, 0, 1;
    %jmp T_3.28;
T_3.13 ;
    %pushi/vec4 1, 0, 1;
    %store/vec4 v0x1587b77a0_0, 0, 1;
    %jmp T_3.28;
T_3.14 ;
    %pushi/vec4 1, 0, 1;
    %store/vec4 v0x1587b6ff0_0, 0, 1;
    %jmp T_3.28;
T_3.15 ;
    %pushi/vec4 1, 0, 1;
    %store/vec4 v0x1587b7a80_0, 0, 1;
    %pushi/vec4 1, 0, 1;
    %store/vec4 v0x1587b7700_0, 0, 1;
    %pushi/vec4 8, 0, 5;
    %store/vec4 v0x1587b6e80_0, 0, 5;
    %jmp T_3.28;
T_3.16 ;
    %pushi/vec4 1, 0, 1;
    %store/vec4 v0x1587b7a80_0, 0, 1;
    %pushi/vec4 1, 0, 1;
    %store/vec4 v0x1587b7500_0, 0, 1;
    %pushi/vec4 1, 0, 1;
    %store/vec4 v0x1587b7700_0, 0, 1;
    %pushi/vec4 9, 0, 5;
    %store/vec4 v0x1587b6e80_0, 0, 5;
    %jmp T_3.28;
T_3.17 ;
    %pushi/vec4 1, 0, 1;
    %store/vec4 v0x1587b7b10_0, 0, 1;
    %pushi/vec4 1, 0, 1;
    %store/vec4 v0x1587b7700_0, 0, 1;
    %pushi/vec4 0, 0, 5;
    %store/vec4 v0x1587b7340_0, 0, 5;
    %jmp T_3.28;
T_3.18 ;
    %pushi/vec4 1, 0, 1;
    %store/vec4 v0x1587b7b10_0, 0, 1;
    %pushi/vec4 1, 0, 1;
    %store/vec4 v0x1587b7700_0, 0, 1;
    %pushi/vec4 1, 0, 5;
    %store/vec4 v0x1587b7340_0, 0, 5;
    %jmp T_3.28;
T_3.19 ;
    %pushi/vec4 1, 0, 1;
    %store/vec4 v0x1587b7b10_0, 0, 1;
    %pushi/vec4 1, 0, 1;
    %store/vec4 v0x1587b7700_0, 0, 1;
    %pushi/vec4 2, 0, 5;
    %store/vec4 v0x1587b7340_0, 0, 5;
    %jmp T_3.28;
T_3.20 ;
    %pushi/vec4 1, 0, 1;
    %store/vec4 v0x1587b7b10_0, 0, 1;
    %pushi/vec4 1, 0, 1;
    %store/vec4 v0x1587b7700_0, 0, 1;
    %pushi/vec4 3, 0, 5;
    %store/vec4 v0x1587b7340_0, 0, 5;
    %jmp T_3.28;
T_3.21 ;
    %pushi/vec4 1, 0, 1;
    %store/vec4 v0x1587b7a80_0, 0, 1;
    %pushi/vec4 1, 0, 1;
    %store/vec4 v0x1587b7700_0, 0, 1;
    %pushi/vec4 6, 0, 5;
    %store/vec4 v0x1587b6e80_0, 0, 5;
    %jmp T_3.28;
T_3.22 ;
    %pushi/vec4 1, 0, 1;
    %store/vec4 v0x1587b7a80_0, 0, 1;
    %pushi/vec4 1, 0, 1;
    %store/vec4 v0x1587b7500_0, 0, 1;
    %pushi/vec4 1, 0, 1;
    %store/vec4 v0x1587b7700_0, 0, 1;
    %pushi/vec4 6, 0, 5;
    %store/vec4 v0x1587b6e80_0, 0, 5;
    %jmp T_3.28;
T_3.23 ;
    %pushi/vec4 1, 0, 1;
    %store/vec4 v0x1587b7a80_0, 0, 1;
    %pushi/vec4 1, 0, 1;
    %store/vec4 v0x1587b7700_0, 0, 1;
    %pushi/vec4 7, 0, 5;
    %store/vec4 v0x1587b6e80_0, 0, 5;
    %jmp T_3.28;
T_3.24 ;
    %pushi/vec4 1, 0, 1;
    %store/vec4 v0x1587b7a80_0, 0, 1;
    %pushi/vec4 1, 0, 1;
    %store/vec4 v0x1587b7500_0, 0, 1;
    %pushi/vec4 1, 0, 1;
    %store/vec4 v0x1587b7700_0, 0, 1;
    %pushi/vec4 7, 0, 5;
    %store/vec4 v0x1587b6e80_0, 0, 5;
    %jmp T_3.28;
T_3.25 ;
    %pushi/vec4 1, 0, 1;
    %store/vec4 v0x1587b7a80_0, 0, 1;
    %pushi/vec4 1, 0, 1;
    %store/vec4 v0x1587b7700_0, 0, 1;
    %pushi/vec4 10, 0, 5;
    %store/vec4 v0x1587b6e80_0, 0, 5;
    %jmp T_3.28;
T_3.26 ;
    %pushi/vec4 1, 0, 1;
    %store/vec4 v0x1587b7a80_0, 0, 1;
    %pushi/vec4 1, 0, 1;
    %store/vec4 v0x1587b7700_0, 0, 1;
    %pushi/vec4 11, 0, 5;
    %store/vec4 v0x1587b6e80_0, 0, 5;
    %jmp T_3.28;
T_3.28 ;
    %pop/vec4 1;
    %jmp T_3;
    .thread T_3, $push;
    .scope S_0x1587bb7e0;
T_4 ;
    %wait E_0x1587b7ee0;
    %load/vec4 v0x1587bc980_0;
    %flag_set/vec4 8;
    %jmp/0xz  T_4.0, 8;
    %pushi/vec4 0, 0, 32;
    %store/vec4 v0x1587bc2a0_0, 0, 32;
T_4.2 ; Top of for-loop
    %load/vec4 v0x1587bc2a0_0;
    %cmpi/s 31, 0, 32;
	  %jmp/0xz T_4.3, 5;
    %pushi/vec4 0, 0, 64;
    %ix/getv/s 3, v0x1587bc2a0_0;
    %ix/load 4, 0, 0; Constant delay
    %assign/vec4/a/d v0x1587bc5f0, 0, 4;
T_4.4 ; for-loop step statement
    %load/vec4 v0x1587bc2a0_0;
    %addi 1, 0, 32;
    %store/vec4 v0x1587bc2a0_0, 0, 32;
    %jmp T_4.2;
T_4.3 ; for-loop exit label
    %pushi/vec4 524288, 0, 64;
    %ix/load 3, 31, 0;
    %flag_set/imm 4, 0;
    %ix/load 4, 0, 0; Constant delay
    %assign/vec4/a/d v0x1587bc5f0, 0, 4;
    %jmp T_4.1;
T_4.0 ;
    %load/vec4 v0x1587bc540_0;
    %flag_set/vec4 8;
    %jmp/0xz  T_4.5, 8;
    %load/vec4 v0x1587bcd90_0;
    %load/vec4 v0x1587bc400_0;
    %pad/u 7;
    %ix/vec4 3;
    %ix/load 4, 0, 0; Constant delay
    %assign/vec4/a/d v0x1587bc5f0, 0, 4;
T_4.5 ;
T_4.1 ;
    %jmp T_4;
    .thread T_4;
    .scope S_0x158772b00;
T_5 ;
    %wait E_0x158747220;
    %load/vec4 v0x1587b6640_0;
    %dup/vec4;
    %pushi/vec4 0, 0, 5;
    %cmp/u;
    %jmp/1 T_5.0, 6;
    %dup/vec4;
    %pushi/vec4 1, 0, 5;
    %cmp/u;
    %jmp/1 T_5.1, 6;
    %dup/vec4;
    %pushi/vec4 2, 0, 5;
    %cmp/u;
    %jmp/1 T_5.2, 6;
    %dup/vec4;
    %pushi/vec4 3, 0, 5;
    %cmp/u;
    %jmp/1 T_5.3, 6;
    %dup/vec4;
    %pushi/vec4 4, 0, 5;
    %cmp/u;
    %jmp/1 T_5.4, 6;
    %dup/vec4;
    %pushi/vec4 5, 0, 5;
    %cmp/u;
    %jmp/1 T_5.5, 6;
    %dup/vec4;
    %pushi/vec4 6, 0, 5;
    %cmp/u;
    %jmp/1 T_5.6, 6;
    %dup/vec4;
    %pushi/vec4 7, 0, 5;
    %cmp/u;
    %jmp/1 T_5.7, 6;
    %dup/vec4;
    %pushi/vec4 8, 0, 5;
    %cmp/u;
    %jmp/1 T_5.8, 6;
    %dup/vec4;
    %pushi/vec4 9, 0, 5;
    %cmp/u;
    %jmp/1 T_5.9, 6;
    %dup/vec4;
    %pushi/vec4 10, 0, 5;
    %cmp/u;
    %jmp/1 T_5.10, 6;
    %dup/vec4;
    %pushi/vec4 11, 0, 5;
    %cmp/u;
    %jmp/1 T_5.11, 6;
    %pushi/vec4 0, 0, 64;
    %store/vec4 v0x1587b67b0_0, 0, 64;
    %jmp T_5.13;
T_5.0 ;
    %load/vec4 v0x158785090_0;
    %load/vec4 v0x1587b66f0_0;
    %and;
    %store/vec4 v0x1587b67b0_0, 0, 64;
    %jmp T_5.13;
T_5.1 ;
    %load/vec4 v0x158785090_0;
    %load/vec4 v0x1587b66f0_0;
    %or;
    %store/vec4 v0x1587b67b0_0, 0, 64;
    %jmp T_5.13;
T_5.2 ;
    %load/vec4 v0x158785090_0;
    %load/vec4 v0x1587b66f0_0;
    %xor;
    %store/vec4 v0x1587b67b0_0, 0, 64;
    %jmp T_5.13;
T_5.3 ;
    %load/vec4 v0x158785090_0;
    %inv;
    %store/vec4 v0x1587b67b0_0, 0, 64;
    %jmp T_5.13;
T_5.4 ;
    %load/vec4 v0x158785090_0;
    %load/vec4 v0x1587b66f0_0;
    %parti/s 6, 0, 2;
    %ix/vec4 4;
    %shiftr 4;
    %store/vec4 v0x1587b67b0_0, 0, 64;
    %jmp T_5.13;
T_5.5 ;
    %load/vec4 v0x158785090_0;
    %load/vec4 v0x1587b66f0_0;
    %parti/s 6, 0, 2;
    %ix/vec4 4;
    %shiftl 4;
    %store/vec4 v0x1587b67b0_0, 0, 64;
    %jmp T_5.13;
T_5.6 ;
    %load/vec4 v0x158785090_0;
    %load/vec4 v0x1587b66f0_0;
    %add;
    %store/vec4 v0x1587b67b0_0, 0, 64;
    %jmp T_5.13;
T_5.7 ;
    %load/vec4 v0x158785090_0;
    %load/vec4 v0x1587b66f0_0;
    %sub;
    %store/vec4 v0x1587b67b0_0, 0, 64;
    %jmp T_5.13;
T_5.8 ;
    %load/vec4 v0x158785090_0;
    %store/vec4 v0x1587b67b0_0, 0, 64;
    %jmp T_5.13;
T_5.9 ;
    %load/vec4 v0x158785090_0;
    %parti/s 52, 12, 5;
    %load/vec4 v0x1587b66f0_0;
    %parti/s 12, 0, 2;
    %concat/vec4; draw_concat_vec4
    %store/vec4 v0x1587b67b0_0, 0, 64;
    %jmp T_5.13;
T_5.10 ;
    %load/vec4 v0x158785090_0;
    %load/vec4 v0x1587b66f0_0;
    %mul;
    %store/vec4 v0x1587b67b0_0, 0, 64;
    %jmp T_5.13;
T_5.11 ;
    %load/vec4 v0x1587b66f0_0;
    %cmpi/ne 0, 0, 64;
    %flag_mov 8, 4;
    %jmp/0 T_5.14, 8;
    %load/vec4 v0x158785090_0;
    %load/vec4 v0x1587b66f0_0;
    %div;
    %jmp/1 T_5.15, 8;
T_5.14 ; End of true expr.
    %pushi/vec4 0, 0, 64;
    %jmp/0 T_5.15, 8;
 ; End of false expr.
    %blend;
T_5.15;
    %store/vec4 v0x1587b67b0_0, 0, 64;
    %jmp T_5.13;
T_5.13 ;
    %pop/vec4 1;
    %jmp T_5;
    .thread T_5, $push;
    .scope S_0x1587b8240;
T_6 ;
    %wait E_0x1587b8480;
    %load/vec4 v0x1587b8c60_0;
    %dup/vec4;
    %pushi/vec4 0, 0, 5;
    %cmp/u;
    %jmp/1 T_6.0, 6;
    %dup/vec4;
    %pushi/vec4 1, 0, 5;
    %cmp/u;
    %jmp/1 T_6.1, 6;
    %dup/vec4;
    %pushi/vec4 2, 0, 5;
    %cmp/u;
    %jmp/1 T_6.2, 6;
    %dup/vec4;
    %pushi/vec4 3, 0, 5;
    %cmp/u;
    %jmp/1 T_6.3, 6;
    %pushi/vec4 0, 0, 64;
    %store/vec4 v0x1587b8f90_0, 0, 64;
    %jmp T_6.5;
T_6.0 ;
    %load/vec4 v0x1587b8570_0;
    %parti/s 63, 0, 2;
    %cmpi/e 0, 0, 63;
    %jmp/0xz  T_6.6, 4;
    %load/vec4 v0x1587b8630_0;
    %parti/s 63, 0, 2;
    %cmpi/e 0, 0, 63;
    %jmp/0xz  T_6.8, 4;
    %pushi/vec4 0, 0, 64;
    %store/vec4 v0x1587b8f90_0, 0, 64;
    %jmp T_6.9;
T_6.8 ;
    %load/vec4 v0x1587b8c60_0;
    %cmpi/e 0, 0, 5;
    %jmp/0xz  T_6.10, 4;
    %load/vec4 v0x1587b8630_0;
    %store/vec4 v0x1587b8f90_0, 0, 64;
    %jmp T_6.11;
T_6.10 ;
    %load/vec4 v0x1587b8630_0;
    %parti/s 1, 63, 7;
    %inv;
    %load/vec4 v0x1587b8630_0;
    %parti/s 63, 0, 2;
    %concat/vec4; draw_concat_vec4
    %store/vec4 v0x1587b8f90_0, 0, 64;
T_6.11 ;
T_6.9 ;
    %jmp T_6.7;
T_6.6 ;
    %load/vec4 v0x1587b8630_0;
    %parti/s 63, 0, 2;
    %cmpi/e 0, 0, 63;
    %jmp/0xz  T_6.12, 4;
    %load/vec4 v0x1587b8570_0;
    %store/vec4 v0x1587b8f90_0, 0, 64;
    %jmp T_6.13;
T_6.12 ;
    %load/vec4 v0x1587b8570_0;
    %parti/s 1, 63, 7;
    %store/vec4 v0x1587b9290_0, 0, 1;
    %load/vec4 v0x1587b8630_0;
    %parti/s 1, 63, 7;
    %load/vec4 v0x1587b8c60_0;
    %pushi/vec4 1, 0, 5;
    %cmp/e;
    %flag_get/vec4 4;
    %xor;
    %store/vec4 v0x1587b9330_0, 0, 1;
    %load/vec4 v0x1587b8570_0;
    %parti/s 11, 52, 7;
    %store/vec4 v0x1587b87a0_0, 0, 11;
    %load/vec4 v0x1587b8630_0;
    %parti/s 11, 52, 7;
    %store/vec4 v0x1587b8940_0, 0, 11;
    %pushi/vec4 1, 0, 1;
    %load/vec4 v0x1587b8570_0;
    %parti/s 52, 0, 2;
    %concat/vec4; draw_concat_vec4
    %store/vec4 v0x1587b8db0_0, 0, 53;
    %pushi/vec4 1, 0, 1;
    %load/vec4 v0x1587b8630_0;
    %parti/s 52, 0, 2;
    %concat/vec4; draw_concat_vec4
    %store/vec4 v0x1587b8e40_0, 0, 53;
    %load/vec4 v0x1587b8940_0;
    %load/vec4 v0x1587b87a0_0;
    %cmp/u;
    %flag_mov 8, 5;
    %jmp/0 T_6.14, 8;
    %load/vec4 v0x1587b87a0_0;
    %load/vec4 v0x1587b8940_0;
    %sub;
    %jmp/1 T_6.15, 8;
T_6.14 ; End of true expr.
    %load/vec4 v0x1587b8940_0;
    %load/vec4 v0x1587b87a0_0;
    %sub;
    %jmp/0 T_6.15, 8;
 ; End of false expr.
    %blend;
T_6.15;
    %store/vec4 v0x1587b86e0_0, 0, 11;
    %load/vec4 v0x1587b8940_0;
    %load/vec4 v0x1587b87a0_0;
    %cmp/u;
    %jmp/0xz  T_6.16, 5;
    %load/vec4 v0x1587b8e40_0;
    %ix/getv 4, v0x1587b86e0_0;
    %shiftr 4;
    %store/vec4 v0x1587b8e40_0, 0, 53;
    %load/vec4 v0x1587b8940_0;
    %load/vec4 v0x1587b86e0_0;
    %add;
    %store/vec4 v0x1587b8940_0, 0, 11;
T_6.16 ;
    %load/vec4 v0x1587b87a0_0;
    %load/vec4 v0x1587b8940_0;
    %cmp/u;
    %jmp/0xz  T_6.18, 5;
    %load/vec4 v0x1587b8db0_0;
    %ix/getv 4, v0x1587b86e0_0;
    %shiftr 4;
    %store/vec4 v0x1587b8db0_0, 0, 53;
    %load/vec4 v0x1587b87a0_0;
    %load/vec4 v0x1587b86e0_0;
    %add;
    %store/vec4 v0x1587b87a0_0, 0, 11;
T_6.18 ;
    %load/vec4 v0x1587b9290_0;
    %load/vec4 v0x1587b9330_0;
    %cmp/e;
    %jmp/0xz  T_6.20, 4;
    %load/vec4 v0x1587b9290_0;
    %store/vec4 v0x1587b90f0_0, 0, 1;
    %load/vec4 v0x1587b8db0_0;
    %pad/u 54;
    %load/vec4 v0x1587b8e40_0;
    %pad/u 54;
    %add;
    %store/vec4 v0x1587b93d0_0, 0, 54;
    %load/vec4 v0x1587b93d0_0;
    %parti/s 1, 53, 7;
    %flag_set/vec4 8;
    %jmp/0xz  T_6.22, 8;
    %load/vec4 v0x1587b87a0_0;
    %addi 1, 0, 11;
    %store/vec4 v0x1587b87a0_0, 0, 11;
    %load/vec4 v0x1587b93d0_0;
    %parti/s 53, 1, 2;
    %store/vec4 v0x1587b8ee0_0, 0, 53;
    %jmp T_6.23;
T_6.22 ;
    %load/vec4 v0x1587b93d0_0;
    %parti/s 53, 0, 2;
    %store/vec4 v0x1587b8ee0_0, 0, 53;
T_6.23 ;
    %jmp T_6.21;
T_6.20 ;
    %load/vec4 v0x1587b8e40_0;
    %load/vec4 v0x1587b8db0_0;
    %cmp/u;
    %flag_or 5, 4;
    %jmp/0xz  T_6.24, 5;
    %load/vec4 v0x1587b9290_0;
    %store/vec4 v0x1587b90f0_0, 0, 1;
    %load/vec4 v0x1587b8db0_0;
    %load/vec4 v0x1587b8e40_0;
    %sub;
    %store/vec4 v0x1587b8ee0_0, 0, 53;
    %jmp T_6.25;
T_6.24 ;
    %load/vec4 v0x1587b9330_0;
    %store/vec4 v0x1587b90f0_0, 0, 1;
    %load/vec4 v0x1587b8e40_0;
    %load/vec4 v0x1587b8db0_0;
    %sub;
    %store/vec4 v0x1587b8ee0_0, 0, 53;
T_6.25 ;
    %load/vec4 v0x1587b8ee0_0;
    %cmpi/e 0, 0, 53;
    %jmp/0xz  T_6.26, 4;
    %pushi/vec4 0, 0, 1;
    %store/vec4 v0x1587b90f0_0, 0, 1;
    %pushi/vec4 0, 0, 11;
    %store/vec4 v0x1587b87a0_0, 0, 11;
    %jmp T_6.27;
T_6.26 ;
T_6.28 ;
    %load/vec4 v0x1587b8ee0_0;
    %parti/s 1, 52, 7;
    %nor/r;
    %flag_set/vec4 8;
    %jmp/0xz T_6.29, 8;
    %load/vec4 v0x1587b8ee0_0;
    %ix/load 4, 1, 0;
    %flag_set/imm 4, 0;
    %shiftl 4;
    %store/vec4 v0x1587b8ee0_0, 0, 53;
    %load/vec4 v0x1587b87a0_0;
    %subi 1, 0, 11;
    %store/vec4 v0x1587b87a0_0, 0, 11;
    %jmp T_6.28;
T_6.29 ;
T_6.27 ;
T_6.21 ;
    %load/vec4 v0x1587b90f0_0;
    %load/vec4 v0x1587b87a0_0;
    %concat/vec4; draw_concat_vec4
    %load/vec4 v0x1587b8ee0_0;
    %parti/s 52, 0, 2;
    %concat/vec4; draw_concat_vec4
    %store/vec4 v0x1587b8f90_0, 0, 64;
T_6.13 ;
T_6.7 ;
    %jmp T_6.5;
T_6.1 ;
    %load/vec4 v0x1587b8570_0;
    %parti/s 63, 0, 2;
    %cmpi/e 0, 0, 63;
    %jmp/0xz  T_6.30, 4;
    %load/vec4 v0x1587b8630_0;
    %parti/s 63, 0, 2;
    %cmpi/e 0, 0, 63;
    %jmp/0xz  T_6.32, 4;
    %pushi/vec4 0, 0, 64;
    %store/vec4 v0x1587b8f90_0, 0, 64;
    %jmp T_6.33;
T_6.32 ;
    %load/vec4 v0x1587b8c60_0;
    %cmpi/e 0, 0, 5;
    %jmp/0xz  T_6.34, 4;
    %load/vec4 v0x1587b8630_0;
    %store/vec4 v0x1587b8f90_0, 0, 64;
    %jmp T_6.35;
T_6.34 ;
    %load/vec4 v0x1587b8630_0;
    %parti/s 1, 63, 7;
    %inv;
    %load/vec4 v0x1587b8630_0;
    %parti/s 63, 0, 2;
    %concat/vec4; draw_concat_vec4
    %store/vec4 v0x1587b8f90_0, 0, 64;
T_6.35 ;
T_6.33 ;
    %jmp T_6.31;
T_6.30 ;
    %load/vec4 v0x1587b8630_0;
    %parti/s 63, 0, 2;
    %cmpi/e 0, 0, 63;
    %jmp/0xz  T_6.36, 4;
    %load/vec4 v0x1587b8570_0;
    %store/vec4 v0x1587b8f90_0, 0, 64;
    %jmp T_6.37;
T_6.36 ;
    %load/vec4 v0x1587b8570_0;
    %parti/s 1, 63, 7;
    %store/vec4 v0x1587b9290_0, 0, 1;
    %load/vec4 v0x1587b8630_0;
    %parti/s 1, 63, 7;
    %load/vec4 v0x1587b8c60_0;
    %pushi/vec4 1, 0, 5;
    %cmp/e;
    %flag_get/vec4 4;
    %xor;
    %store/vec4 v0x1587b9330_0, 0, 1;
    %load/vec4 v0x1587b8570_0;
    %parti/s 11, 52, 7;
    %store/vec4 v0x1587b87a0_0, 0, 11;
    %load/vec4 v0x1587b8630_0;
    %parti/s 11, 52, 7;
    %store/vec4 v0x1587b8940_0, 0, 11;
    %pushi/vec4 1, 0, 1;
    %load/vec4 v0x1587b8570_0;
    %parti/s 52, 0, 2;
    %concat/vec4; draw_concat_vec4
    %store/vec4 v0x1587b8db0_0, 0, 53;
    %pushi/vec4 1, 0, 1;
    %load/vec4 v0x1587b8630_0;
    %parti/s 52, 0, 2;
    %concat/vec4; draw_concat_vec4
    %store/vec4 v0x1587b8e40_0, 0, 53;
    %load/vec4 v0x1587b8940_0;
    %load/vec4 v0x1587b87a0_0;
    %cmp/u;
    %flag_mov 8, 5;
    %jmp/0 T_6.38, 8;
    %load/vec4 v0x1587b87a0_0;
    %load/vec4 v0x1587b8940_0;
    %sub;
    %jmp/1 T_6.39, 8;
T_6.38 ; End of true expr.
    %load/vec4 v0x1587b8940_0;
    %load/vec4 v0x1587b87a0_0;
    %sub;
    %jmp/0 T_6.39, 8;
 ; End of false expr.
    %blend;
T_6.39;
    %store/vec4 v0x1587b86e0_0, 0, 11;
    %load/vec4 v0x1587b8940_0;
    %load/vec4 v0x1587b87a0_0;
    %cmp/u;
    %jmp/0xz  T_6.40, 5;
    %load/vec4 v0x1587b8e40_0;
    %ix/getv 4, v0x1587b86e0_0;
    %shiftr 4;
    %store/vec4 v0x1587b8e40_0, 0, 53;
    %load/vec4 v0x1587b8940_0;
    %load/vec4 v0x1587b86e0_0;
    %add;
    %store/vec4 v0x1587b8940_0, 0, 11;
T_6.40 ;
    %load/vec4 v0x1587b87a0_0;
    %load/vec4 v0x1587b8940_0;
    %cmp/u;
    %jmp/0xz  T_6.42, 5;
    %load/vec4 v0x1587b8db0_0;
    %ix/getv 4, v0x1587b86e0_0;
    %shiftr 4;
    %store/vec4 v0x1587b8db0_0, 0, 53;
    %load/vec4 v0x1587b87a0_0;
    %load/vec4 v0x1587b86e0_0;
    %add;
    %store/vec4 v0x1587b87a0_0, 0, 11;
T_6.42 ;
    %load/vec4 v0x1587b9290_0;
    %load/vec4 v0x1587b9330_0;
    %cmp/e;
    %jmp/0xz  T_6.44, 4;
    %load/vec4 v0x1587b9290_0;
    %store/vec4 v0x1587b90f0_0, 0, 1;
    %load/vec4 v0x1587b8db0_0;
    %pad/u 54;
    %load/vec4 v0x1587b8e40_0;
    %pad/u 54;
    %add;
    %store/vec4 v0x1587b93d0_0, 0, 54;
    %load/vec4 v0x1587b93d0_0;
    %parti/s 1, 53, 7;
    %flag_set/vec4 8;
    %jmp/0xz  T_6.46, 8;
    %load/vec4 v0x1587b87a0_0;
    %addi 1, 0, 11;
    %store/vec4 v0x1587b87a0_0, 0, 11;
    %load/vec4 v0x1587b93d0_0;
    %parti/s 53, 1, 2;
    %store/vec4 v0x1587b8ee0_0, 0, 53;
    %jmp T_6.47;
T_6.46 ;
    %load/vec4 v0x1587b93d0_0;
    %parti/s 53, 0, 2;
    %store/vec4 v0x1587b8ee0_0, 0, 53;
T_6.47 ;
    %jmp T_6.45;
T_6.44 ;
    %load/vec4 v0x1587b8e40_0;
    %load/vec4 v0x1587b8db0_0;
    %cmp/u;
    %flag_or 5, 4;
    %jmp/0xz  T_6.48, 5;
    %load/vec4 v0x1587b9290_0;
    %store/vec4 v0x1587b90f0_0, 0, 1;
    %load/vec4 v0x1587b8db0_0;
    %load/vec4 v0x1587b8e40_0;
    %sub;
    %store/vec4 v0x1587b8ee0_0, 0, 53;
    %jmp T_6.49;
T_6.48 ;
    %load/vec4 v0x1587b9330_0;
    %store/vec4 v0x1587b90f0_0, 0, 1;
    %load/vec4 v0x1587b8e40_0;
    %load/vec4 v0x1587b8db0_0;
    %sub;
    %store/vec4 v0x1587b8ee0_0, 0, 53;
T_6.49 ;
    %load/vec4 v0x1587b8ee0_0;
    %cmpi/e 0, 0, 53;
    %jmp/0xz  T_6.50, 4;
    %pushi/vec4 0, 0, 1;
    %store/vec4 v0x1587b90f0_0, 0, 1;
    %pushi/vec4 0, 0, 11;
    %store/vec4 v0x1587b87a0_0, 0, 11;
    %jmp T_6.51;
T_6.50 ;
T_6.52 ;
    %load/vec4 v0x1587b8ee0_0;
    %parti/s 1, 52, 7;
    %nor/r;
    %flag_set/vec4 8;
    %jmp/0xz T_6.53, 8;
    %load/vec4 v0x1587b8ee0_0;
    %ix/load 4, 1, 0;
    %flag_set/imm 4, 0;
    %shiftl 4;
    %store/vec4 v0x1587b8ee0_0, 0, 53;
    %load/vec4 v0x1587b87a0_0;
    %subi 1, 0, 11;
    %store/vec4 v0x1587b87a0_0, 0, 11;
    %jmp T_6.52;
T_6.53 ;
T_6.51 ;
T_6.45 ;
    %load/vec4 v0x1587b90f0_0;
    %load/vec4 v0x1587b87a0_0;
    %concat/vec4; draw_concat_vec4
    %load/vec4 v0x1587b8ee0_0;
    %parti/s 52, 0, 2;
    %concat/vec4; draw_concat_vec4
    %store/vec4 v0x1587b8f90_0, 0, 64;
T_6.37 ;
T_6.31 ;
    %jmp T_6.5;
T_6.2 ;
    %load/vec4 v0x1587b8570_0;
    %parti/s 11, 52, 7;
    %cmpi/e 2047, 0, 11;
    %flag_get/vec4 4;
    %jmp/0 T_6.57, 4;
    %load/vec4 v0x1587b8570_0;
    %parti/s 52, 0, 2;
    %pushi/vec4 0, 0, 52;
    %cmp/ne;
    %flag_get/vec4 4;
    %and;
T_6.57;
    %flag_set/vec4 8;
    %jmp/1 T_6.56, 8;
    %load/vec4 v0x1587b8630_0;
    %parti/s 11, 52, 7;
    %cmpi/e 2047, 0, 11;
    %flag_get/vec4 4;
    %jmp/0 T_6.58, 4;
    %load/vec4 v0x1587b8630_0;
    %parti/s 52, 0, 2;
    %pushi/vec4 0, 0, 52;
    %cmp/ne;
    %flag_get/vec4 4;
    %and;
T_6.58;
    %flag_set/vec4 9;
    %flag_or 8, 9;
T_6.56;
    %jmp/0xz  T_6.54, 8;
    %pushi/vec4 4293918720, 0, 33;
    %concati/vec4 0, 0, 31;
    %store/vec4 v0x1587b8f90_0, 0, 64;
    %jmp T_6.55;
T_6.54 ;
    %load/vec4 v0x1587b8570_0;
    %parti/s 11, 52, 7;
    %cmpi/e 2047, 0, 11;
    %flag_get/vec4 4;
    %jmp/0 T_6.63, 4;
    %load/vec4 v0x1587b8570_0;
    %parti/s 52, 0, 2;
    %pushi/vec4 0, 0, 52;
    %cmp/e;
    %flag_get/vec4 4;
    %and;
T_6.63;
    %flag_set/vec4 9;
    %flag_get/vec4 9;
    %jmp/0 T_6.62, 9;
    %load/vec4 v0x1587b8630_0;
    %parti/s 63, 0, 2;
    %pushi/vec4 0, 0, 63;
    %cmp/e;
    %flag_get/vec4 4;
    %and;
T_6.62;
    %flag_set/vec4 8;
    %jmp/1 T_6.61, 8;
    %load/vec4 v0x1587b8630_0;
    %parti/s 11, 52, 7;
    %cmpi/e 2047, 0, 11;
    %flag_get/vec4 4;
    %jmp/0 T_6.65, 4;
    %load/vec4 v0x1587b8630_0;
    %parti/s 52, 0, 2;
    %pushi/vec4 0, 0, 52;
    %cmp/e;
    %flag_get/vec4 4;
    %and;
T_6.65;
    %flag_set/vec4 10;
    %flag_get/vec4 10;
    %jmp/0 T_6.64, 10;
    %load/vec4 v0x1587b8570_0;
    %parti/s 63, 0, 2;
    %pushi/vec4 0, 0, 63;
    %cmp/e;
    %flag_get/vec4 4;
    %and;
T_6.64;
    %flag_set/vec4 9;
    %flag_or 8, 9;
T_6.61;
    %jmp/0xz  T_6.59, 8;
    %pushi/vec4 4293918720, 0, 33;
    %concati/vec4 0, 0, 31;
    %store/vec4 v0x1587b8f90_0, 0, 64;
    %jmp T_6.60;
T_6.59 ;
    %load/vec4 v0x1587b8570_0;
    %parti/s 11, 52, 7;
    %cmpi/e 2047, 0, 11;
    %flag_get/vec4 4;
    %jmp/0 T_6.69, 4;
    %load/vec4 v0x1587b8570_0;
    %parti/s 52, 0, 2;
    %pushi/vec4 0, 0, 52;
    %cmp/e;
    %flag_get/vec4 4;
    %and;
T_6.69;
    %flag_set/vec4 8;
    %jmp/1 T_6.68, 8;
    %load/vec4 v0x1587b8630_0;
    %parti/s 11, 52, 7;
    %cmpi/e 2047, 0, 11;
    %flag_get/vec4 4;
    %jmp/0 T_6.70, 4;
    %load/vec4 v0x1587b8630_0;
    %parti/s 52, 0, 2;
    %pushi/vec4 0, 0, 52;
    %cmp/e;
    %flag_get/vec4 4;
    %and;
T_6.70;
    %flag_set/vec4 9;
    %flag_or 8, 9;
T_6.68;
    %jmp/0xz  T_6.66, 8;
    %load/vec4 v0x1587b8570_0;
    %parti/s 1, 63, 7;
    %load/vec4 v0x1587b8630_0;
    %parti/s 1, 63, 7;
    %xor;
    %concati/vec4 2047, 0, 11;
    %concati/vec4 0, 0, 52;
    %store/vec4 v0x1587b8f90_0, 0, 64;
    %jmp T_6.67;
T_6.66 ;
    %load/vec4 v0x1587b8570_0;
    %parti/s 63, 0, 2;
    %cmpi/e 0, 0, 63;
    %jmp/1 T_6.73, 4;
    %flag_mov 8, 4;
    %load/vec4 v0x1587b8630_0;
    %parti/s 63, 0, 2;
    %cmpi/e 0, 0, 63;
    %flag_or 4, 8;
T_6.73;
    %jmp/0xz  T_6.71, 4;
    %load/vec4 v0x1587b8570_0;
    %parti/s 1, 63, 7;
    %load/vec4 v0x1587b8630_0;
    %parti/s 1, 63, 7;
    %xor;
    %concati/vec4 0, 0, 11;
    %concati/vec4 0, 0, 52;
    %store/vec4 v0x1587b8f90_0, 0, 64;
    %jmp T_6.72;
T_6.71 ;
    %load/vec4 v0x1587b8570_0;
    %parti/s 1, 63, 7;
    %load/vec4 v0x1587b8630_0;
    %parti/s 1, 63, 7;
    %xor;
    %store/vec4 v0x1587b90f0_0, 0, 1;
    %load/vec4 v0x1587b8570_0;
    %parti/s 11, 52, 7;
    %subi 1023, 0, 11;
    %store/vec4 v0x1587b87a0_0, 0, 11;
    %load/vec4 v0x1587b8630_0;
    %parti/s 11, 52, 7;
    %subi 1023, 0, 11;
    %store/vec4 v0x1587b8940_0, 0, 11;
    %pushi/vec4 1, 0, 1;
    %load/vec4 v0x1587b8570_0;
    %parti/s 52, 0, 2;
    %concat/vec4; draw_concat_vec4
    %store/vec4 v0x1587b8db0_0, 0, 53;
    %pushi/vec4 1, 0, 1;
    %load/vec4 v0x1587b8630_0;
    %parti/s 52, 0, 2;
    %concat/vec4; draw_concat_vec4
    %store/vec4 v0x1587b8e40_0, 0, 53;
    %load/vec4 v0x1587b8db0_0;
    %pad/u 106;
    %load/vec4 v0x1587b8e40_0;
    %pad/u 106;
    %mul;
    %store/vec4 v0x1587b9480_0, 0, 106;
    %load/vec4 v0x1587b87a0_0;
    %pad/u 12;
    %load/vec4 v0x1587b8940_0;
    %pad/u 12;
    %add;
    %addi 1023, 0, 12;
    %store/vec4 v0x1587b8aa0_0, 0, 12;
    %load/vec4 v0x1587b9480_0;
    %parti/s 1, 105, 8;
    %flag_set/vec4 8;
    %jmp/0xz  T_6.74, 8;
    %load/vec4 v0x1587b9480_0;
    %parti/s 53, 53, 7;
    %store/vec4 v0x1587b8ee0_0, 0, 53;
    %load/vec4 v0x1587b8aa0_0;
    %addi 1, 0, 12;
    %store/vec4 v0x1587b8aa0_0, 0, 12;
    %jmp T_6.75;
T_6.74 ;
    %load/vec4 v0x1587b9480_0;
    %parti/s 53, 52, 7;
    %store/vec4 v0x1587b8ee0_0, 0, 53;
T_6.75 ;
    %load/vec4 v0x1587b90f0_0;
    %load/vec4 v0x1587b8aa0_0;
    %parti/s 11, 0, 2;
    %concat/vec4; draw_concat_vec4
    %load/vec4 v0x1587b8ee0_0;
    %parti/s 52, 0, 2;
    %concat/vec4; draw_concat_vec4
    %store/vec4 v0x1587b8f90_0, 0, 64;
T_6.72 ;
T_6.67 ;
T_6.60 ;
T_6.55 ;
    %jmp T_6.5;
T_6.3 ;
    %load/vec4 v0x1587b8570_0;
    %parti/s 11, 52, 7;
    %cmpi/e 2047, 0, 11;
    %flag_get/vec4 4;
    %jmp/0 T_6.79, 4;
    %load/vec4 v0x1587b8570_0;
    %parti/s 52, 0, 2;
    %pushi/vec4 0, 0, 52;
    %cmp/ne;
    %flag_get/vec4 4;
    %and;
T_6.79;
    %flag_set/vec4 8;
    %jmp/1 T_6.78, 8;
    %load/vec4 v0x1587b8630_0;
    %parti/s 11, 52, 7;
    %cmpi/e 2047, 0, 11;
    %flag_get/vec4 4;
    %jmp/0 T_6.80, 4;
    %load/vec4 v0x1587b8630_0;
    %parti/s 52, 0, 2;
    %pushi/vec4 0, 0, 52;
    %cmp/ne;
    %flag_get/vec4 4;
    %and;
T_6.80;
    %flag_set/vec4 9;
    %flag_or 8, 9;
T_6.78;
    %jmp/0xz  T_6.76, 8;
    %pushi/vec4 4293918720, 0, 33;
    %concati/vec4 0, 0, 31;
    %store/vec4 v0x1587b8f90_0, 0, 64;
    %jmp T_6.77;
T_6.76 ;
    %load/vec4 v0x1587b8570_0;
    %parti/s 11, 52, 7;
    %cmpi/e 2047, 0, 11;
    %flag_get/vec4 4;
    %jmp/0 T_6.84, 4;
    %load/vec4 v0x1587b8570_0;
    %parti/s 52, 0, 2;
    %pushi/vec4 0, 0, 52;
    %cmp/e;
    %flag_get/vec4 4;
    %and;
T_6.84;
    %flag_set/vec4 9;
    %flag_get/vec4 9;
    %jmp/0 T_6.83, 9;
    %load/vec4 v0x1587b8630_0;
    %parti/s 11, 52, 7;
    %cmpi/e 2047, 0, 11;
    %flag_get/vec4 4;
    %jmp/0 T_6.85, 4;
    %load/vec4 v0x1587b8630_0;
    %parti/s 52, 0, 2;
    %pushi/vec4 0, 0, 52;
    %cmp/e;
    %flag_get/vec4 4;
    %and;
T_6.85;
    %and;
T_6.83;
    %flag_set/vec4 8;
    %jmp/0xz  T_6.81, 8;
    %pushi/vec4 4293918720, 0, 33;
    %concati/vec4 0, 0, 31;
    %store/vec4 v0x1587b8f90_0, 0, 64;
    %jmp T_6.82;
T_6.81 ;
    %load/vec4 v0x1587b8570_0;
    %parti/s 63, 0, 2;
    %cmpi/e 0, 0, 63;
    %flag_get/vec4 4;
    %jmp/0 T_6.88, 4;
    %load/vec4 v0x1587b8630_0;
    %parti/s 63, 0, 2;
    %pushi/vec4 0, 0, 63;
    %cmp/e;
    %flag_get/vec4 4;
    %and;
T_6.88;
    %flag_set/vec4 8;
    %jmp/0xz  T_6.86, 8;
    %pushi/vec4 4293918720, 0, 33;
    %concati/vec4 0, 0, 31;
    %store/vec4 v0x1587b8f90_0, 0, 64;
    %jmp T_6.87;
T_6.86 ;
    %load/vec4 v0x1587b8570_0;
    %parti/s 11, 52, 7;
    %cmpi/e 2047, 0, 11;
    %flag_get/vec4 4;
    %jmp/0 T_6.91, 4;
    %load/vec4 v0x1587b8570_0;
    %parti/s 52, 0, 2;
    %pushi/vec4 0, 0, 52;
    %cmp/e;
    %flag_get/vec4 4;
    %and;
T_6.91;
    %flag_set/vec4 8;
    %jmp/0xz  T_6.89, 8;
    %load/vec4 v0x1587b8570_0;
    %parti/s 1, 63, 7;
    %load/vec4 v0x1587b8630_0;
    %parti/s 1, 63, 7;
    %xor;
    %concati/vec4 2047, 0, 11;
    %concati/vec4 0, 0, 52;
    %store/vec4 v0x1587b8f90_0, 0, 64;
    %jmp T_6.90;
T_6.89 ;
    %load/vec4 v0x1587b8630_0;
    %parti/s 11, 52, 7;
    %cmpi/e 2047, 0, 11;
    %flag_get/vec4 4;
    %jmp/0 T_6.94, 4;
    %load/vec4 v0x1587b8630_0;
    %parti/s 52, 0, 2;
    %pushi/vec4 0, 0, 52;
    %cmp/e;
    %flag_get/vec4 4;
    %and;
T_6.94;
    %flag_set/vec4 8;
    %jmp/0xz  T_6.92, 8;
    %load/vec4 v0x1587b8570_0;
    %parti/s 1, 63, 7;
    %load/vec4 v0x1587b8630_0;
    %parti/s 1, 63, 7;
    %xor;
    %concati/vec4 0, 0, 11;
    %concati/vec4 0, 0, 52;
    %store/vec4 v0x1587b8f90_0, 0, 64;
    %jmp T_6.93;
T_6.92 ;
    %load/vec4 v0x1587b8570_0;
    %parti/s 63, 0, 2;
    %cmpi/e 0, 0, 63;
    %jmp/0xz  T_6.95, 4;
    %load/vec4 v0x1587b8570_0;
    %parti/s 1, 63, 7;
    %load/vec4 v0x1587b8630_0;
    %parti/s 1, 63, 7;
    %xor;
    %concati/vec4 0, 0, 11;
    %concati/vec4 0, 0, 52;
    %store/vec4 v0x1587b8f90_0, 0, 64;
    %jmp T_6.96;
T_6.95 ;
    %load/vec4 v0x1587b8630_0;
    %parti/s 63, 0, 2;
    %cmpi/e 0, 0, 63;
    %jmp/0xz  T_6.97, 4;
    %load/vec4 v0x1587b8570_0;
    %parti/s 1, 63, 7;
    %load/vec4 v0x1587b8630_0;
    %parti/s 1, 63, 7;
    %xor;
    %concati/vec4 2047, 0, 11;
    %concati/vec4 0, 0, 52;
    %store/vec4 v0x1587b8f90_0, 0, 64;
    %jmp T_6.98;
T_6.97 ;
    %load/vec4 v0x1587b8570_0;
    %parti/s 11, 52, 7;
    %pad/u 32;
    %cmpi/e 0, 0, 32;
    %flag_get/vec4 4;
    %jmp/0 T_6.102, 4;
    %load/vec4 v0x1587b8570_0;
    %parti/s 52, 0, 2;
    %pushi/vec4 0, 0, 52;
    %cmp/ne;
    %flag_get/vec4 4;
    %and;
T_6.102;
    %flag_set/vec4 8;
    %jmp/1 T_6.101, 8;
    %load/vec4 v0x1587b8630_0;
    %parti/s 11, 52, 7;
    %pad/u 32;
    %cmpi/e 0, 0, 32;
    %flag_get/vec4 4;
    %jmp/0 T_6.103, 4;
    %load/vec4 v0x1587b8630_0;
    %parti/s 52, 0, 2;
    %pushi/vec4 0, 0, 52;
    %cmp/ne;
    %flag_get/vec4 4;
    %and;
T_6.103;
    %flag_set/vec4 9;
    %flag_or 8, 9;
T_6.101;
    %jmp/0xz  T_6.99, 8;
    %load/vec4 v0x1587b8570_0;
    %parti/s 1, 63, 7;
    %load/vec4 v0x1587b8630_0;
    %parti/s 1, 63, 7;
    %xor;
    %store/vec4 v0x1587b90f0_0, 0, 1;
    %load/vec4 v0x1587b8570_0;
    %parti/s 11, 52, 7;
    %pad/u 32;
    %cmpi/e 0, 0, 32;
    %flag_mov 8, 4;
    %jmp/0 T_6.104, 8;
    %pushi/vec4 4294966274, 0, 32;
    %jmp/1 T_6.105, 8;
T_6.104 ; End of true expr.
    %load/vec4 v0x1587b8570_0;
    %parti/s 11, 52, 7;
    %pad/u 32;
    %subi 1023, 0, 32;
    %jmp/0 T_6.105, 8;
 ; End of false expr.
    %blend;
T_6.105;
    %store/vec4 v0x1587b8850_0, 0, 32;
    %load/vec4 v0x1587b8630_0;
    %parti/s 11, 52, 7;
    %pad/u 32;
    %cmpi/e 0, 0, 32;
    %flag_mov 8, 4;
    %jmp/0 T_6.106, 8;
    %pushi/vec4 4294966274, 0, 32;
    %jmp/1 T_6.107, 8;
T_6.106 ; End of true expr.
    %load/vec4 v0x1587b8630_0;
    %parti/s 11, 52, 7;
    %pad/u 32;
    %subi 1023, 0, 32;
    %jmp/0 T_6.107, 8;
 ; End of false expr.
    %blend;
T_6.107;
    %store/vec4 v0x1587b89f0_0, 0, 32;
    %load/vec4 v0x1587b8570_0;
    %parti/s 11, 52, 7;
    %pad/u 32;
    %cmpi/e 0, 0, 32;
    %flag_mov 8, 4;
    %jmp/0 T_6.108, 8;
    %pushi/vec4 0, 0, 1;
    %load/vec4 v0x1587b8570_0;
    %parti/s 52, 0, 2;
    %concat/vec4; draw_concat_vec4
    %jmp/1 T_6.109, 8;
T_6.108 ; End of true expr.
    %pushi/vec4 1, 0, 1;
    %load/vec4 v0x1587b8570_0;
    %parti/s 52, 0, 2;
    %concat/vec4; draw_concat_vec4
    %jmp/0 T_6.109, 8;
 ; End of false expr.
    %blend;
T_6.109;
    %store/vec4 v0x1587b8db0_0, 0, 53;
    %load/vec4 v0x1587b8630_0;
    %parti/s 11, 52, 7;
    %pad/u 32;
    %cmpi/e 0, 0, 32;
    %flag_mov 8, 4;
    %jmp/0 T_6.110, 8;
    %pushi/vec4 0, 0, 1;
    %load/vec4 v0x1587b8630_0;
    %parti/s 52, 0, 2;
    %concat/vec4; draw_concat_vec4
    %jmp/1 T_6.111, 8;
T_6.110 ; End of true expr.
    %pushi/vec4 1, 0, 1;
    %load/vec4 v0x1587b8630_0;
    %parti/s 52, 0, 2;
    %concat/vec4; draw_concat_vec4
    %jmp/0 T_6.111, 8;
 ; End of false expr.
    %blend;
T_6.111;
    %store/vec4 v0x1587b8e40_0, 0, 53;
    %pushi/vec4 0, 0, 32;
    %store/vec4 v0x1587b8d20_0, 0, 32;
T_6.112 ; Top of for-loop
    %load/vec4 v0x1587b8d20_0;
    %cmpi/s 52, 0, 32;
    %flag_get/vec4 5;
    %jmp/0 T_6.116, 5;
    %load/vec4 v0x1587b8db0_0;
    %pushi/vec4 0, 0, 53;
    %cmp/ne;
    %flag_get/vec4 4;
    %and;
T_6.116;
    %flag_set/vec4 9;
    %flag_get/vec4 9;
    %jmp/0 T_6.115, 9;
    %load/vec4 v0x1587b8db0_0;
    %parti/s 1, 52, 7;
    %nor/r;
    %and;
T_6.115;
    %flag_set/vec4 8;
	  %jmp/0xz T_6.113, 8;
    %load/vec4 v0x1587b8db0_0;
    %ix/load 4, 1, 0;
    %flag_set/imm 4, 0;
    %shiftl 4;
    %store/vec4 v0x1587b8db0_0, 0, 53;
    %load/vec4 v0x1587b8850_0;
    %subi 1, 0, 32;
    %store/vec4 v0x1587b8850_0, 0, 32;
T_6.114 ; for-loop step statement
    %load/vec4 v0x1587b8d20_0;
    %addi 1, 0, 32;
    %store/vec4 v0x1587b8d20_0, 0, 32;
    %jmp T_6.112;
T_6.113 ; for-loop exit label
    %pushi/vec4 0, 0, 32;
    %store/vec4 v0x1587b8d20_0, 0, 32;
T_6.117 ; Top of for-loop
    %load/vec4 v0x1587b8d20_0;
    %cmpi/s 52, 0, 32;
    %flag_get/vec4 5;
    %jmp/0 T_6.121, 5;
    %load/vec4 v0x1587b8e40_0;
    %pushi/vec4 0, 0, 53;
    %cmp/ne;
    %flag_get/vec4 4;
    %and;
T_6.121;
    %flag_set/vec4 9;
    %flag_get/vec4 9;
    %jmp/0 T_6.120, 9;
    %load/vec4 v0x1587b8e40_0;
    %parti/s 1, 52, 7;
    %nor/r;
    %and;
T_6.120;
    %flag_set/vec4 8;
	  %jmp/0xz T_6.118, 8;
    %load/vec4 v0x1587b8e40_0;
    %ix/load 4, 1, 0;
    %flag_set/imm 4, 0;
    %shiftl 4;
    %store/vec4 v0x1587b8e40_0, 0, 53;
    %load/vec4 v0x1587b89f0_0;
    %subi 1, 0, 32;
    %store/vec4 v0x1587b89f0_0, 0, 32;
T_6.119 ; for-loop step statement
    %load/vec4 v0x1587b8d20_0;
    %addi 1, 0, 32;
    %store/vec4 v0x1587b8d20_0, 0, 32;
    %jmp T_6.117;
T_6.118 ; for-loop exit label
    %load/vec4 v0x1587b8850_0;
    %load/vec4 v0x1587b89f0_0;
    %sub;
    %store/vec4 v0x1587b8b50_0, 0, 32;
    %pushi/vec4 0, 0, 53;
    %load/vec4 v0x1587b8db0_0;
    %concat/vec4; draw_concat_vec4
    %ix/load 4, 52, 0;
    %flag_set/imm 4, 0;
    %shiftl 4;
    %load/vec4 v0x1587b8e40_0;
    %pad/u 106;
    %div;
    %store/vec4 v0x1587b9480_0, 0, 106;
    %load/vec4 v0x1587b9480_0;
    %parti/s 53, 0, 2;
    %store/vec4 v0x1587b8ee0_0, 0, 53;
    %load/vec4 v0x1587b8ee0_0;
    %pushi/vec4 2147483648, 0, 32;
    %concati/vec4 0, 0, 21;
    %cmp/u;
    %jmp/0xz  T_6.122, 5;
    %load/vec4 v0x1587b8ee0_0;
    %ix/load 4, 1, 0;
    %flag_set/imm 4, 0;
    %shiftl 4;
    %store/vec4 v0x1587b8ee0_0, 0, 53;
    %load/vec4 v0x1587b8b50_0;
    %subi 1, 0, 32;
    %store/vec4 v0x1587b8b50_0, 0, 32;
T_6.122 ;
    %load/vec4 v0x1587b8b50_0;
    %cmpi/s 4294966274, 0, 32;
    %jmp/0xz  T_6.124, 5;
    %pushi/vec4 4294966274, 0, 32;
    %load/vec4 v0x1587b8b50_0;
    %sub;
    %store/vec4 v0x1587b9040_0, 0, 32;
    %load/vec4 v0x1587b8ee0_0;
    %load/vec4 v0x1587b9040_0;
    %ix/vec4 4;
    %shiftr 4;
    %store/vec4 v0x1587b8ee0_0, 0, 53;
    %load/vec4 v0x1587b90f0_0;
    %concati/vec4 0, 0, 11;
    %load/vec4 v0x1587b8ee0_0;
    %parti/s 52, 0, 2;
    %concat/vec4; draw_concat_vec4
    %store/vec4 v0x1587b8f90_0, 0, 64;
    %jmp T_6.125;
T_6.124 ;
    %load/vec4 v0x1587b8b50_0;
    %addi 1023, 0, 32;
    %pad/s 12;
    %store/vec4 v0x1587b8aa0_0, 0, 12;
    %load/vec4 v0x1587b90f0_0;
    %load/vec4 v0x1587b8aa0_0;
    %parti/s 11, 0, 2;
    %concat/vec4; draw_concat_vec4
    %load/vec4 v0x1587b8ee0_0;
    %parti/s 52, 0, 2;
    %concat/vec4; draw_concat_vec4
    %store/vec4 v0x1587b8f90_0, 0, 64;
T_6.125 ;
    %jmp T_6.100;
T_6.99 ;
    %load/vec4 v0x1587b8570_0;
    %parti/s 1, 63, 7;
    %load/vec4 v0x1587b8630_0;
    %parti/s 1, 63, 7;
    %xor;
    %store/vec4 v0x1587b90f0_0, 0, 1;
    %load/vec4 v0x1587b8570_0;
    %parti/s 11, 52, 7;
    %pad/u 32;
    %cmpi/e 0, 0, 32;
    %flag_mov 8, 4;
    %jmp/0 T_6.126, 8;
    %pushi/vec4 1, 0, 11;
    %jmp/1 T_6.127, 8;
T_6.126 ; End of true expr.
    %load/vec4 v0x1587b8570_0;
    %parti/s 11, 52, 7;
    %jmp/0 T_6.127, 8;
 ; End of false expr.
    %blend;
T_6.127;
    %store/vec4 v0x1587b87a0_0, 0, 11;
    %load/vec4 v0x1587b8630_0;
    %parti/s 11, 52, 7;
    %pad/u 32;
    %cmpi/e 0, 0, 32;
    %flag_mov 8, 4;
    %jmp/0 T_6.128, 8;
    %pushi/vec4 1, 0, 11;
    %jmp/1 T_6.129, 8;
T_6.128 ; End of true expr.
    %load/vec4 v0x1587b8630_0;
    %parti/s 11, 52, 7;
    %jmp/0 T_6.129, 8;
 ; End of false expr.
    %blend;
T_6.129;
    %store/vec4 v0x1587b8940_0, 0, 11;
    %load/vec4 v0x1587b8570_0;
    %parti/s 11, 52, 7;
    %pad/u 32;
    %cmpi/e 0, 0, 32;
    %flag_mov 8, 4;
    %jmp/0 T_6.130, 8;
    %pushi/vec4 0, 0, 1;
    %load/vec4 v0x1587b8570_0;
    %parti/s 52, 0, 2;
    %concat/vec4; draw_concat_vec4
    %jmp/1 T_6.131, 8;
T_6.130 ; End of true expr.
    %pushi/vec4 1, 0, 1;
    %load/vec4 v0x1587b8570_0;
    %parti/s 52, 0, 2;
    %concat/vec4; draw_concat_vec4
    %jmp/0 T_6.131, 8;
 ; End of false expr.
    %blend;
T_6.131;
    %store/vec4 v0x1587b8db0_0, 0, 53;
    %load/vec4 v0x1587b8630_0;
    %parti/s 11, 52, 7;
    %pad/u 32;
    %cmpi/e 0, 0, 32;
    %flag_mov 8, 4;
    %jmp/0 T_6.132, 8;
    %pushi/vec4 0, 0, 1;
    %load/vec4 v0x1587b8630_0;
    %parti/s 52, 0, 2;
    %concat/vec4; draw_concat_vec4
    %jmp/1 T_6.133, 8;
T_6.132 ; End of true expr.
    %pushi/vec4 1, 0, 1;
    %load/vec4 v0x1587b8630_0;
    %parti/s 52, 0, 2;
    %concat/vec4; draw_concat_vec4
    %jmp/0 T_6.133, 8;
 ; End of false expr.
    %blend;
T_6.133;
    %store/vec4 v0x1587b8e40_0, 0, 53;
    %load/vec4 v0x1587b87a0_0;
    %pad/u 12;
    %load/vec4 v0x1587b8940_0;
    %pad/u 12;
    %sub;
    %addi 1023, 0, 12;
    %store/vec4 v0x1587b8aa0_0, 0, 12;
    %pushi/vec4 0, 0, 53;
    %load/vec4 v0x1587b8db0_0;
    %concat/vec4; draw_concat_vec4
    %ix/load 4, 52, 0;
    %flag_set/imm 4, 0;
    %shiftl 4;
    %load/vec4 v0x1587b8e40_0;
    %pad/u 106;
    %div;
    %store/vec4 v0x1587b9480_0, 0, 106;
    %load/vec4 v0x1587b9480_0;
    %parti/s 53, 0, 2;
    %store/vec4 v0x1587b8ee0_0, 0, 53;
    %load/vec4 v0x1587b8ee0_0;
    %pushi/vec4 2147483648, 0, 32;
    %concati/vec4 0, 0, 21;
    %cmp/u;
    %jmp/0xz  T_6.134, 5;
    %load/vec4 v0x1587b8aa0_0;
    %pad/u 32;
    %cmpi/u 1, 0, 32;
    %flag_or 5, 4; GT is !LE
    %flag_inv 5;
    %jmp/0xz  T_6.136, 5;
    %load/vec4 v0x1587b8ee0_0;
    %ix/load 4, 1, 0;
    %flag_set/imm 4, 0;
    %shiftl 4;
    %store/vec4 v0x1587b8ee0_0, 0, 53;
    %load/vec4 v0x1587b8aa0_0;
    %subi 1, 0, 12;
    %store/vec4 v0x1587b8aa0_0, 0, 12;
    %jmp T_6.137;
T_6.136 ;
    %pushi/vec4 0, 0, 12;
    %store/vec4 v0x1587b8aa0_0, 0, 12;
T_6.137 ;
T_6.134 ;
    %load/vec4 v0x1587b90f0_0;
    %load/vec4 v0x1587b8aa0_0;
    %parti/s 11, 0, 2;
    %concat/vec4; draw_concat_vec4
    %load/vec4 v0x1587b8ee0_0;
    %parti/s 52, 0, 2;
    %concat/vec4; draw_concat_vec4
    %store/vec4 v0x1587b8f90_0, 0, 64;
T_6.100 ;
T_6.98 ;
T_6.96 ;
T_6.93 ;
T_6.90 ;
T_6.87 ;
T_6.82 ;
T_6.77 ;
    %jmp T_6.5;
T_6.5 ;
    %pop/vec4 1;
    %jmp T_6;
    .thread T_6, $push;
    .scope S_0x1587788a0;
T_7 ;
    %wait E_0x158746d00;
    %load/vec4 v0x1587be8d0_0;
    %flag_set/vec4 8;
    %jmp/0xz  T_7.0, 8;
    %load/vec4 v0x1587be010_0;
    %store/vec4 v0x1587be220_0, 0, 64;
    %jmp T_7.1;
T_7.0 ;
    %load/vec4 v0x1587bda50_0;
    %flag_set/vec4 8;
    %jmp/0xz  T_7.2, 8;
    %load/vec4 v0x1587be5b0_0;
    %store/vec4 v0x1587be220_0, 0, 64;
    %jmp T_7.3;
T_7.2 ;
    %load/vec4 v0x1587bd650_0;
    %flag_set/vec4 8;
    %jmp/0xz  T_7.4, 8;
    %load/vec4 v0x1587be5b0_0;
    %store/vec4 v0x1587be220_0, 0, 64;
    %jmp T_7.5;
T_7.4 ;
    %load/vec4 v0x1587bd910_0;
    %flag_set/vec4 8;
    %jmp/0xz  T_7.6, 8;
    %load/vec4 v0x1587be380_0;
    %load/vec4 v0x1587be5b0_0;
    %add;
    %store/vec4 v0x1587be220_0, 0, 64;
    %jmp T_7.7;
T_7.6 ;
    %load/vec4 v0x1587bd860_0;
    %flag_set/vec4 8;
    %jmp/0xz  T_7.8, 8;
    %load/vec4 v0x1587be380_0;
    %load/vec4 v0x1587bd9c0_0;
    %add;
    %store/vec4 v0x1587be220_0, 0, 64;
    %jmp T_7.9;
T_7.8 ;
    %load/vec4 v0x1587bd7b0_0;
    %flag_set/vec4 8;
    %jmp/0xz  T_7.10, 8;
    %load/vec4 v0x1587bea30_0;
    %cmpi/ne 0, 0, 64;
    %jmp/0xz  T_7.12, 4;
    %load/vec4 v0x1587be5b0_0;
    %store/vec4 v0x1587be220_0, 0, 64;
    %jmp T_7.13;
T_7.12 ;
    %load/vec4 v0x1587be380_0;
    %addi 4, 0, 64;
    %store/vec4 v0x1587be220_0, 0, 64;
T_7.13 ;
    %jmp T_7.11;
T_7.10 ;
    %load/vec4 v0x1587bd700_0;
    %flag_set/vec4 8;
    %jmp/0xz  T_7.14, 8;
    %load/vec4 v0x1587bebd0_0;
    %load/vec4 v0x1587bea30_0;
    %cmp/s;
    %jmp/0xz  T_7.16, 5;
    %load/vec4 v0x1587be5b0_0;
    %store/vec4 v0x1587be220_0, 0, 64;
    %jmp T_7.17;
T_7.16 ;
    %load/vec4 v0x1587be380_0;
    %addi 4, 0, 64;
    %store/vec4 v0x1587be220_0, 0, 64;
T_7.17 ;
    %jmp T_7.15;
T_7.14 ;
    %load/vec4 v0x1587be380_0;
    %addi 4, 0, 64;
    %store/vec4 v0x1587be220_0, 0, 64;
T_7.15 ;
T_7.11 ;
T_7.9 ;
T_7.7 ;
T_7.5 ;
T_7.3 ;
T_7.1 ;
    %jmp T_7;
    .thread T_7, $push;
    .scope S_0x15876c730;
T_8 ;
    %delay 10000, 0;
    %load/vec4 v0x1587bf150_0;
    %inv;
    %store/vec4 v0x1587bf150_0, 0, 1;
    %jmp T_8;
    .thread T_8;
    .scope S_0x15876c730;
T_9 ;
    %pushi/vec4 0, 0, 1;
    %store/vec4 v0x1587bf150_0, 0, 1;
    %pushi/vec4 1, 0, 1;
    %store/vec4 v0x1587bf270_0, 0, 1;
    %delay 1000, 0;
    %pushi/vec4 0, 0, 1;
    %store/vec4 v0x1587bf270_0, 0, 1;
    %pushi/vec4 0, 0, 64;
    %ix/load 4, 2, 0;
    %flag_set/imm 4, 0;
    %store/vec4a v0x1587bc5f0, 4, 0;
    %pushi/vec4 2148007936, 0, 33;
    %concati/vec4 0, 0, 31;
    %ix/load 4, 3, 0;
    %flag_set/imm 4, 0;
    %store/vec4a v0x1587bc5f0, 4, 0;
    %pushi/vec4 8192, 0, 64;
    %store/vec4 v0x1587bf010_0, 0, 64;
    %pushi/vec4 2688823296, 0, 32;
    %store/vec4 v0x1587bf0a0_0, 0, 32;
    %fork TD_tb_special_case_fpu.load_instr, S_0x1587bee50;
    %join;
    %delay 20000, 0;
    %vpi_call/w 3 42 "$display", "FADD +Zero r1 = %h", &A<v0x1587bc5f0, 1> {0 0 0};
    %vpi_call/w 3 43 "$display", "----------------------------------" {0 0 0};
    %pushi/vec4 1, 0, 1;
    %store/vec4 v0x1587bf270_0, 0, 1;
    %delay 1000, 0;
    %pushi/vec4 0, 0, 1;
    %store/vec4 v0x1587bf270_0, 0, 1;
    %pushi/vec4 0, 0, 64;
    %ix/load 4, 2, 0;
    %flag_set/imm 4, 0;
    %store/vec4a v0x1587bc5f0, 4, 0;
    %pushi/vec4 2147483648, 0, 33;
    %concati/vec4 0, 0, 31;
    %ix/load 4, 3, 0;
    %flag_set/imm 4, 0;
    %store/vec4a v0x1587bc5f0, 4, 0;
    %pushi/vec4 8192, 0, 64;
    %store/vec4 v0x1587bf010_0, 0, 64;
    %pushi/vec4 2823041024, 0, 32;
    %store/vec4 v0x1587bf0a0_0, 0, 32;
    %fork TD_tb_special_case_fpu.load_instr, S_0x1587bee50;
    %join;
    %delay 20000, 0;
    %vpi_call/w 3 54 "$display", "FSUB +Zero r1 = %h", &A<v0x1587bc5f0, 1> {0 0 0};
    %vpi_call/w 3 55 "$display", "----------------------------------" {0 0 0};
    %pushi/vec4 1, 0, 1;
    %store/vec4 v0x1587bf270_0, 0, 1;
    %delay 1000, 0;
    %pushi/vec4 0, 0, 1;
    %store/vec4 v0x1587bf270_0, 0, 1;
    %pushi/vec4 4292870144, 0, 33;
    %concati/vec4 0, 0, 31;
    %ix/load 4, 2, 0;
    %flag_set/imm 4, 0;
    %store/vec4a v0x1587bc5f0, 4, 0;
    %pushi/vec4 2147483648, 0, 33;
    %concati/vec4 0, 0, 31;
    %ix/load 4, 3, 0;
    %flag_set/imm 4, 0;
    %store/vec4a v0x1587bc5f0, 4, 0;
    %pushi/vec4 8192, 0, 64;
    %store/vec4 v0x1587bf010_0, 0, 64;
    %pushi/vec4 2957258752, 0, 32;
    %store/vec4 v0x1587bf0a0_0, 0, 32;
    %fork TD_tb_special_case_fpu.load_instr, S_0x1587bee50;
    %join;
    %delay 20000, 0;
    %vpi_call/w 3 66 "$display", "FMUL +Infinity r1 = %h", &A<v0x1587bc5f0, 1> {0 0 0};
    %vpi_call/w 3 67 "$display", "----------------------------------" {0 0 0};
    %pushi/vec4 1, 0, 1;
    %store/vec4 v0x1587bf270_0, 0, 1;
    %delay 1000, 0;
    %pushi/vec4 0, 0, 1;
    %store/vec4 v0x1587bf270_0, 0, 1;
    %pushi/vec4 4292870144, 0, 33;
    %concati/vec4 0, 0, 31;
    %ix/load 4, 2, 0;
    %flag_set/imm 4, 0;
    %store/vec4a v0x1587bc5f0, 4, 0;
    %pushi/vec4 2147483648, 0, 33;
    %concati/vec4 0, 0, 31;
    %ix/load 4, 3, 0;
    %flag_set/imm 4, 0;
    %store/vec4a v0x1587bc5f0, 4, 0;
    %pushi/vec4 8192, 0, 64;
    %store/vec4 v0x1587bf010_0, 0, 64;
    %pushi/vec4 3091476480, 0, 32;
    %store/vec4 v0x1587bf0a0_0, 0, 32;
    %fork TD_tb_special_case_fpu.load_instr, S_0x1587bee50;
    %join;
    %delay 20000, 0;
    %vpi_call/w 3 78 "$display", "FDIV +Infinity r1 = %h", &A<v0x1587bc5f0, 1> {0 0 0};
    %vpi_call/w 3 79 "$display", "----------------------------------" {0 0 0};
    %pushi/vec4 1, 0, 1;
    %store/vec4 v0x1587bf270_0, 0, 1;
    %delay 1000, 0;
    %pushi/vec4 0, 0, 1;
    %store/vec4 v0x1587bf270_0, 0, 1;
    %pushi/vec4 0, 0, 64;
    %ix/load 4, 2, 0;
    %flag_set/imm 4, 0;
    %store/vec4a v0x1587bc5f0, 4, 0;
    %pushi/vec4 2147483648, 0, 33;
    %concati/vec4 0, 0, 31;
    %ix/load 4, 3, 0;
    %flag_set/imm 4, 0;
    %store/vec4a v0x1587bc5f0, 4, 0;
    %pushi/vec4 8192, 0, 64;
    %store/vec4 v0x1587bf010_0, 0, 64;
    %pushi/vec4 3091476480, 0, 32;
    %store/vec4 v0x1587bf0a0_0, 0, 32;
    %fork TD_tb_special_case_fpu.load_instr, S_0x1587bee50;
    %join;
    %delay 20000, 0;
    %vpi_call/w 3 90 "$display", "FDIV +Zero r1 = %h", &A<v0x1587bc5f0, 1> {0 0 0};
    %vpi_call/w 3 91 "$display", "----------------------------------" {0 0 0};
    %pushi/vec4 1, 0, 1;
    %store/vec4 v0x1587bf270_0, 0, 1;
    %delay 1000, 0;
    %pushi/vec4 0, 0, 1;
    %store/vec4 v0x1587bf270_0, 0, 1;
    %pushi/vec4 2148532224, 0, 33;
    %concati/vec4 0, 0, 31;
    %ix/load 4, 2, 0;
    %flag_set/imm 4, 0;
    %store/vec4a v0x1587bc5f0, 4, 0;
    %pushi/vec4 0, 0, 64;
    %ix/load 4, 3, 0;
    %flag_set/imm 4, 0;
    %store/vec4a v0x1587bc5f0, 4, 0;
    %pushi/vec4 8192, 0, 64;
    %store/vec4 v0x1587bf010_0, 0, 64;
    %pushi/vec4 3091476480, 0, 32;
    %store/vec4 v0x1587bf0a0_0, 0, 32;
    %fork TD_tb_special_case_fpu.load_instr, S_0x1587bee50;
    %join;
    %delay 20000, 0;
    %vpi_call/w 3 102 "$display", "FDIV divide by zero r1 = %h", &A<v0x1587bc5f0, 1> {0 0 0};
    %vpi_call/w 3 103 "$display", "----------------------------------" {0 0 0};
    %pushi/vec4 1, 0, 1;
    %store/vec4 v0x1587bf270_0, 0, 1;
    %delay 1000, 0;
    %pushi/vec4 0, 0, 1;
    %store/vec4 v0x1587bf270_0, 0, 1;
    %pushi/vec4 4293918720, 0, 33;
    %concati/vec4 1, 0, 31;
    %ix/load 4, 2, 0;
    %flag_set/imm 4, 0;
    %store/vec4a v0x1587bc5f0, 4, 0;
    %pushi/vec4 2148007936, 0, 33;
    %concati/vec4 0, 0, 31;
    %ix/load 4, 3, 0;
    %flag_set/imm 4, 0;
    %store/vec4a v0x1587bc5f0, 4, 0;
    %pushi/vec4 8192, 0, 64;
    %store/vec4 v0x1587bf010_0, 0, 64;
    %pushi/vec4 2688823296, 0, 32;
    %store/vec4 v0x1587bf0a0_0, 0, 32;
    %fork TD_tb_special_case_fpu.load_instr, S_0x1587bee50;
    %join;
    %delay 20000, 0;
    %vpi_call/w 3 114 "$display", "FADD NaN r1 = %h", &A<v0x1587bc5f0, 1> {0 0 0};
    %vpi_call/w 3 117 "$finish" {0 0 0};
    %end;
    .thread T_9;
# The file index is used to find the file name in the following table.
:file_names 11;
    "N/A";
    "<interactive>";
    "-";
    "test/tb_special_case_fpu.sv";
    "./tinker.sv";
    "./alu.sv";
    "./instruction_decoder.sv";
    "./instruction_fetch.sv";
    "./fpu.sv";
    "./memory.sv";
    "./register_file.sv";
