#! /opt/homebrew/Cellar/icarus-verilog/13.0/bin/vvp
:ivl_version "13.0 (stable)" "(v13_0)";
:ivl_delay_selection "TYPICAL";
:vpi_time_precision - 12;
:vpi_module "/opt/homebrew/Cellar/icarus-verilog/13.0/lib/ivl/system.vpi";
:vpi_module "/opt/homebrew/Cellar/icarus-verilog/13.0/lib/ivl/vhdl_sys.vpi";
:vpi_module "/opt/homebrew/Cellar/icarus-verilog/13.0/lib/ivl/vhdl_textio.vpi";
:vpi_module "/opt/homebrew/Cellar/icarus-verilog/13.0/lib/ivl/v2005_math.vpi";
:vpi_module "/opt/homebrew/Cellar/icarus-verilog/13.0/lib/ivl/va_math.vpi";
:vpi_module "/opt/homebrew/Cellar/icarus-verilog/13.0/lib/ivl/v2009.vpi";
S_0x145a57cd0 .scope package, "$unit" "$unit" 2 1;
 .timescale 0 0;
S_0x145a57090 .scope module, "tb_reset" "tb_reset" 3 3;
 .timescale -9 -12;
v0x145a9c390_0 .var "clk", 0 0;
v0x145a9c4a0_0 .var "reset", 0 0;
S_0x145a63200 .scope module, "dut" "tinker_core" 3 7, 4 8 0, S_0x145a57090;
 .timescale -9 -12;
    .port_info 0 /INPUT 1 "clk";
    .port_info 1 /INPUT 1 "reset";
L_0x145a9d140 .functor BUFZ 1, v0x145a94bf0_0, C4<0>, C4<0>, C4<0>;
v0x145a9a470_0 .net "L", 11 0, L_0x145a9f020;  1 drivers
L_0x130040010 .functor BUFT 1, C4<0000000000000000000000000000000000000000000000000000>, C4<0>, C4<0>, C4<0>;
v0x145a9a540_0 .net/2u *"_ivl_0", 51 0, L_0x130040010;  1 drivers
L_0x130040058 .functor BUFT 1, C4<0000000000000000000000000000000000000000000000000000000000001000>, C4<0>, C4<0>, C4<0>;
v0x145a9a5d0_0 .net/2u *"_ivl_16", 63 0, L_0x130040058;  1 drivers
L_0x1300400a0 .functor BUFT 1, C4<0000000000000000000000000000000000000000000000000000000000000100>, C4<0>, C4<0>, C4<0>;
v0x145a9a660_0 .net/2u *"_ivl_20", 63 0, L_0x1300400a0;  1 drivers
v0x145a9a6f0_0 .net *"_ivl_5", 0 0, L_0x145a9c6f0;  1 drivers
v0x145a9a7e0_0 .net *"_ivl_7", 51 0, L_0x145a9c790;  1 drivers
v0x145a9a890_0 .net "alu_a", 63 0, L_0x145a9c9d0;  1 drivers
v0x145a9a930_0 .net "alu_b", 63 0, L_0x145a9cb60;  1 drivers
v0x145a9a9e0_0 .net "alu_op", 4 0, v0x145a947d0_0;  1 drivers
v0x145a9aaf0_0 .net "alu_result", 63 0, v0x145a94100_0;  1 drivers
v0x145a9ab90_0 .net "br_abs", 0 0, v0x145a94890_0;  1 drivers
v0x145a9ac40_0 .net "br_gt", 0 0, v0x145a94940_0;  1 drivers
v0x145a9acf0_0 .net "br_nz", 0 0, v0x145a949d0_0;  1 drivers
v0x145a9ada0_0 .net "br_rel_lit", 0 0, v0x145a94ab0_0;  1 drivers
v0x145a9ae50_0 .net "br_rel_reg", 0 0, v0x145a94b50_0;  1 drivers
v0x145a9af00_0 .net "branch_offset", 63 0, L_0x145a9c870;  1 drivers
v0x145a9af90_0 .net "call_inst", 0 0, v0x145a94bf0_0;  1 drivers
v0x145a9b140_0 .net "clk", 0 0, v0x145a9c390_0;  1 drivers
v0x145a9b1d0_0 .net "fpu_op", 4 0, v0x145a94c90_0;  1 drivers
v0x145a9b260_0 .net "fpu_result", 63 0, v0x145a96640_0;  1 drivers
v0x145a9b2f0_0 .net "instruction", 31 0, L_0x145a9d8f0;  1 drivers
v0x145a9b380_0 .net "is_literal", 0 0, v0x145a94e50_0;  1 drivers
v0x145a9b410_0 .net "literal_ext", 63 0, L_0x145a9c5b0;  1 drivers
v0x145a9b4a0_0 .net "mem_addr", 63 0, L_0x145a9ceb0;  1 drivers
v0x145a9b550_0 .net "mem_data", 63 0, L_0x145a9e7e0;  1 drivers
v0x145a9b600_0 .net "mem_write", 0 0, L_0x145a9d140;  1 drivers
v0x145a9b6b0_0 .net "mem_write_data", 63 0, L_0x145a9cff0;  1 drivers
v0x145a9b760_0 .var "next_pc", 63 0;
v0x145a9b810_0 .net "opcode", 4 0, L_0x145a9ece0;  1 drivers
v0x145a9b8c0_0 .net "pc", 63 0, v0x145a959d0_0;  1 drivers
v0x145a99b30_31 .array/port v0x145a99b30, 31;
v0x145a9b990_0 .net "r31_data", 63 0, v0x145a99b30_31;  1 drivers
v0x145a9ba20_0 .net "rd", 4 0, L_0x145a9ee40;  1 drivers
v0x145a9baf0_0 .net "rd_data", 63 0, L_0x145a9f300;  1 drivers
v0x145a9b020_0 .net "reg_write", 0 0, v0x145a95050_0;  1 drivers
v0x145a9bd80_0 .net "reset", 0 0, v0x145a9c4a0_0;  1 drivers
v0x145a9be10_0 .net "return_inst", 0 0, v0x145a950f0_0;  1 drivers
v0x145a9bea0_0 .net "rs", 4 0, L_0x145a9eee0;  1 drivers
v0x145a9bf70_0 .net "rs_data", 63 0, L_0x145a9f5b0;  1 drivers
v0x145a9c040_0 .net "rt", 4 0, L_0x145a9ef80;  1 drivers
v0x145a9c110_0 .net "rt_data", 63 0, L_0x145a9f8d0;  1 drivers
v0x145a9c1e0_0 .net "use_alu", 0 0, v0x145a953d0_0;  1 drivers
v0x145a9c270_0 .net "use_fpu", 0 0, v0x145a95460_0;  1 drivers
v0x145a9c300_0 .net "write_data", 63 0, L_0x145a9cc80;  1 drivers
E_0x145a3b890/0 .event anyedge, v0x145a950f0_0, v0x145a98910_0, v0x145a94bf0_0, v0x145a999e0_0;
E_0x145a3b890/1 .event anyedge, v0x145a94890_0, v0x145a94b50_0, v0x145a959d0_0, v0x145a94ab0_0;
E_0x145a3b890/2 .event anyedge, v0x145a9af00_0, v0x145a949d0_0, v0x145a95ea0_0, v0x145a94940_0;
E_0x145a3b890/3 .event anyedge, v0x145a95f60_0;
E_0x145a3b890 .event/or E_0x145a3b890/0, E_0x145a3b890/1, E_0x145a3b890/2, E_0x145a3b890/3;
L_0x145a9c5b0 .concat [ 12 52 0 0], L_0x145a9f020, L_0x130040010;
L_0x145a9c6f0 .part L_0x145a9f020, 11, 1;
L_0x145a9c790 .repeat 52, 52, L_0x145a9c6f0;
L_0x145a9c870 .concat [ 12 52 0 0], L_0x145a9f020, L_0x145a9c790;
L_0x145a9c9d0 .functor MUXZ 64, L_0x145a9f5b0, L_0x145a9f300, v0x145a94e50_0, C4<>;
L_0x145a9cb60 .functor MUXZ 64, L_0x145a9f8d0, L_0x145a9c5b0, v0x145a94e50_0, C4<>;
L_0x145a9cc80 .functor MUXZ 64, v0x145a94100_0, v0x145a96640_0, v0x145a95460_0, C4<>;
L_0x145a9ceb0 .arith/sub 64, v0x145a99b30_31, L_0x130040058;
L_0x145a9cff0 .arith/sum 64, v0x145a959d0_0, L_0x1300400a0;
S_0x145a5d460 .scope module, "alu" "alu" 4 77, 5 1 0, S_0x145a63200;
 .timescale -9 -12;
    .port_info 0 /INPUT 5 "alu_op";
    .port_info 1 /INPUT 64 "a";
    .port_info 2 /INPUT 64 "b";
    .port_info 3 /OUTPUT 64 "result";
v0x145a6fa70_0 .net "a", 63 0, L_0x145a9c9d0;  alias, 1 drivers
v0x145a93f90_0 .net "alu_op", 4 0, v0x145a947d0_0;  alias, 1 drivers
v0x145a94040_0 .net "b", 63 0, L_0x145a9cb60;  alias, 1 drivers
v0x145a94100_0 .var "result", 63 0;
E_0x145a3bdb0 .event anyedge, v0x145a93f90_0, v0x145a6fa70_0, v0x145a94040_0;
S_0x145a94210 .scope module, "decoder" "instruction_decoder" 4 75, 6 1 0, S_0x145a63200;
 .timescale -9 -12;
    .port_info 0 /INPUT 32 "instruction";
    .port_info 1 /OUTPUT 5 "opcode";
    .port_info 2 /OUTPUT 5 "rd";
    .port_info 3 /OUTPUT 5 "rs";
    .port_info 4 /OUTPUT 5 "rt";
    .port_info 5 /OUTPUT 12 "L";
    .port_info 6 /OUTPUT 1 "use_alu";
    .port_info 7 /OUTPUT 1 "use_fpu";
    .port_info 8 /OUTPUT 1 "is_literal";
    .port_info 9 /OUTPUT 1 "br_abs";
    .port_info 10 /OUTPUT 1 "br_rel_reg";
    .port_info 11 /OUTPUT 1 "br_rel_lit";
    .port_info 12 /OUTPUT 1 "br_nz";
    .port_info 13 /OUTPUT 1 "br_gt";
    .port_info 14 /OUTPUT 1 "call_inst";
    .port_info 15 /OUTPUT 1 "return_inst";
    .port_info 16 /OUTPUT 5 "alu_op";
    .port_info 17 /OUTPUT 5 "fpu_op";
    .port_info 18 /OUTPUT 1 "reg_write";
v0x145a94720_0 .net "L", 11 0, L_0x145a9f020;  alias, 1 drivers
v0x145a947d0_0 .var "alu_op", 4 0;
v0x145a94890_0 .var "br_abs", 0 0;
v0x145a94940_0 .var "br_gt", 0 0;
v0x145a949d0_0 .var "br_nz", 0 0;
v0x145a94ab0_0 .var "br_rel_lit", 0 0;
v0x145a94b50_0 .var "br_rel_reg", 0 0;
v0x145a94bf0_0 .var "call_inst", 0 0;
v0x145a94c90_0 .var "fpu_op", 4 0;
v0x145a94da0_0 .net "instruction", 31 0, L_0x145a9d8f0;  alias, 1 drivers
v0x145a94e50_0 .var "is_literal", 0 0;
v0x145a94ef0_0 .net "opcode", 4 0, L_0x145a9ece0;  alias, 1 drivers
v0x145a94fa0_0 .net "rd", 4 0, L_0x145a9ee40;  alias, 1 drivers
v0x145a95050_0 .var "reg_write", 0 0;
v0x145a950f0_0 .var "return_inst", 0 0;
v0x145a95190_0 .net "rs", 4 0, L_0x145a9eee0;  alias, 1 drivers
v0x145a95240_0 .net "rt", 4 0, L_0x145a9ef80;  alias, 1 drivers
v0x145a953d0_0 .var "use_alu", 0 0;
v0x145a95460_0 .var "use_fpu", 0 0;
E_0x145a946e0 .event anyedge, v0x145a94ef0_0;
L_0x145a9ece0 .part L_0x145a9d8f0, 27, 5;
L_0x145a9ee40 .part L_0x145a9d8f0, 22, 5;
L_0x145a9eee0 .part L_0x145a9d8f0, 17, 5;
L_0x145a9ef80 .part L_0x145a9d8f0, 12, 5;
L_0x145a9f020 .part L_0x145a9d8f0, 0, 12;
S_0x145a956c0 .scope module, "fetch" "instruction_fetch" 4 73, 7 1 0, S_0x145a63200;
 .timescale -9 -12;
    .port_info 0 /INPUT 1 "clk";
    .port_info 1 /INPUT 1 "reset";
    .port_info 2 /INPUT 64 "next_pc";
    .port_info 3 /OUTPUT 64 "pc";
v0x145a95870_0 .net "clk", 0 0, v0x145a9c390_0;  alias, 1 drivers
v0x145a95920_0 .net "next_pc", 63 0, v0x145a9b760_0;  1 drivers
v0x145a959d0_0 .var "pc", 63 0;
v0x145a95a90_0 .net "reset", 0 0, v0x145a9c4a0_0;  alias, 1 drivers
E_0x145a95830 .event posedge, v0x145a95a90_0, v0x145a95870_0;
S_0x145a95b90 .scope module, "fpu" "fpu" 4 78, 8 1 0, S_0x145a63200;
 .timescale -9 -12;
    .port_info 0 /INPUT 64 "a";
    .port_info 1 /INPUT 64 "b";
    .port_info 2 /INPUT 5 "fpu_op";
    .port_info 3 /OUTPUT 64 "result";
v0x145a95ea0_0 .net "a", 63 0, L_0x145a9f5b0;  alias, 1 drivers
v0x145a95f60_0 .net "b", 63 0, L_0x145a9f8d0;  alias, 1 drivers
v0x145a96010_0 .var "diff", 10 0;
v0x145a960d0_0 .var "exp_1", 10 0;
v0x145a96180_0 .var "exp_2", 10 0;
v0x145a96270_0 .var "exp_res", 11 0;
v0x145a96320_0 .net "fpu_op", 4 0, v0x145a94c90_0;  alias, 1 drivers
v0x145a963c0_0 .var "mant_1", 52 0;
v0x145a96460_0 .var "mant_2", 52 0;
v0x145a96590_0 .var "mant_res", 52 0;
v0x145a96640_0 .var "result", 63 0;
v0x145a966f0_0 .var "sign", 0 0;
v0x145a96790_0 .var "sign_a", 0 0;
v0x145a96830_0 .var "sign_b", 0 0;
v0x145a968d0_0 .var "temp", 53 0;
v0x145a96980_0 .var "temp_big", 105 0;
E_0x145a95dd0/0 .event anyedge, v0x145a94c90_0, v0x145a95ea0_0, v0x145a95f60_0, v0x145a960d0_0;
E_0x145a95dd0/1 .event anyedge, v0x145a96180_0, v0x145a96460_0, v0x145a96010_0, v0x145a963c0_0;
E_0x145a95dd0/2 .event anyedge, v0x145a96790_0, v0x145a96830_0, v0x145a968d0_0, v0x145a96590_0;
E_0x145a95dd0/3 .event anyedge, v0x145a966f0_0, v0x145a96980_0, v0x145a96270_0;
E_0x145a95dd0 .event/or E_0x145a95dd0/0, E_0x145a95dd0/1, E_0x145a95dd0/2, E_0x145a95dd0/3;
S_0x145a96a90 .scope module, "memory" "memory" 4 74, 9 1 0, S_0x145a63200;
 .timescale -9 -12;
    .port_info 0 /INPUT 1 "clk";
    .port_info 1 /INPUT 1 "reset";
    .port_info 2 /INPUT 64 "pc";
    .port_info 3 /OUTPUT 32 "instruction";
    .port_info 4 /INPUT 64 "data_addr";
    .port_info 5 /INPUT 64 "write_data";
    .port_info 6 /INPUT 1 "mem_write";
    .port_info 7 /OUTPUT 64 "data_read";
P_0x145a96c50 .param/l "MEM_SIZE" 0 9 2, +C4<0000000000000000000000000000000000000000000010000000000000000000>;
v0x145a96f10_0 .net *"_ivl_0", 7 0, L_0x145a9d1f0;  1 drivers
v0x145a96fa0_0 .net *"_ivl_10", 63 0, L_0x145a9d4f0;  1 drivers
v0x145a97030_0 .net *"_ivl_12", 7 0, L_0x145a9d630;  1 drivers
L_0x130040178 .functor BUFT 1, C4<0000000000000000000000000000000000000000000000000000000000000001>, C4<0>, C4<0>, C4<0>;
v0x145a970c0_0 .net/2u *"_ivl_14", 63 0, L_0x130040178;  1 drivers
v0x145a97150_0 .net *"_ivl_16", 63 0, L_0x145a9d6d0;  1 drivers
v0x145a97240_0 .net *"_ivl_18", 7 0, L_0x145a9d810;  1 drivers
L_0x1300400e8 .functor BUFT 1, C4<0000000000000000000000000000000000000000000000000000000000000011>, C4<0>, C4<0>, C4<0>;
v0x145a972f0_0 .net/2u *"_ivl_2", 63 0, L_0x1300400e8;  1 drivers
v0x145a973a0_0 .net *"_ivl_22", 7 0, L_0x145a9da90;  1 drivers
L_0x1300401c0 .functor BUFT 1, C4<0000000000000000000000000000000000000000000000000000000000000111>, C4<0>, C4<0>, C4<0>;
v0x145a97450_0 .net/2u *"_ivl_24", 63 0, L_0x1300401c0;  1 drivers
v0x145a97560_0 .net *"_ivl_26", 63 0, L_0x145a9db80;  1 drivers
v0x145a97610_0 .net *"_ivl_28", 7 0, L_0x145a9dc80;  1 drivers
L_0x130040208 .functor BUFT 1, C4<0000000000000000000000000000000000000000000000000000000000000110>, C4<0>, C4<0>, C4<0>;
v0x145a976c0_0 .net/2u *"_ivl_30", 63 0, L_0x130040208;  1 drivers
v0x145a97770_0 .net *"_ivl_32", 63 0, L_0x145a9dd80;  1 drivers
v0x145a97820_0 .net *"_ivl_34", 7 0, L_0x145a9df00;  1 drivers
L_0x130040250 .functor BUFT 1, C4<0000000000000000000000000000000000000000000000000000000000000101>, C4<0>, C4<0>, C4<0>;
v0x145a978d0_0 .net/2u *"_ivl_36", 63 0, L_0x130040250;  1 drivers
v0x145a97980_0 .net *"_ivl_38", 63 0, L_0x145a9e090;  1 drivers
v0x145a97a30_0 .net *"_ivl_4", 63 0, L_0x145a9d290;  1 drivers
v0x145a97bc0_0 .net *"_ivl_40", 7 0, L_0x145a9e130;  1 drivers
L_0x130040298 .functor BUFT 1, C4<0000000000000000000000000000000000000000000000000000000000000100>, C4<0>, C4<0>, C4<0>;
v0x145a97c50_0 .net/2u *"_ivl_42", 63 0, L_0x130040298;  1 drivers
v0x145a97d00_0 .net *"_ivl_44", 63 0, L_0x145a9e250;  1 drivers
v0x145a97db0_0 .net *"_ivl_46", 7 0, L_0x145a9e2f0;  1 drivers
L_0x1300402e0 .functor BUFT 1, C4<0000000000000000000000000000000000000000000000000000000000000011>, C4<0>, C4<0>, C4<0>;
v0x145a97e60_0 .net/2u *"_ivl_48", 63 0, L_0x1300402e0;  1 drivers
v0x145a97f10_0 .net *"_ivl_50", 63 0, L_0x145a9e420;  1 drivers
v0x145a97fc0_0 .net *"_ivl_52", 7 0, L_0x145a9e500;  1 drivers
L_0x130040328 .functor BUFT 1, C4<0000000000000000000000000000000000000000000000000000000000000010>, C4<0>, C4<0>, C4<0>;
v0x145a98070_0 .net/2u *"_ivl_54", 63 0, L_0x130040328;  1 drivers
v0x145a98120_0 .net *"_ivl_56", 63 0, L_0x145a9e640;  1 drivers
v0x145a981d0_0 .net *"_ivl_58", 7 0, L_0x145a9de60;  1 drivers
v0x145a98280_0 .net *"_ivl_6", 7 0, L_0x145a9d450;  1 drivers
L_0x130040370 .functor BUFT 1, C4<0000000000000000000000000000000000000000000000000000000000000001>, C4<0>, C4<0>, C4<0>;
v0x145a98330_0 .net/2u *"_ivl_60", 63 0, L_0x130040370;  1 drivers
v0x145a983e0_0 .net *"_ivl_62", 63 0, L_0x145a9e5a0;  1 drivers
v0x145a98490_0 .net *"_ivl_64", 7 0, L_0x145a9e8f0;  1 drivers
L_0x130040130 .functor BUFT 1, C4<0000000000000000000000000000000000000000000000000000000000000010>, C4<0>, C4<0>, C4<0>;
v0x145a98540_0 .net/2u *"_ivl_8", 63 0, L_0x130040130;  1 drivers
v0x145a985f0 .array "bytes", 524287 0, 7 0;
v0x145a97ad0_0 .net "clk", 0 0, v0x145a9c390_0;  alias, 1 drivers
v0x145a98880_0 .net "data_addr", 63 0, L_0x145a9ceb0;  alias, 1 drivers
v0x145a98910_0 .net "data_read", 63 0, L_0x145a9e7e0;  alias, 1 drivers
v0x145a989a0_0 .net "instruction", 31 0, L_0x145a9d8f0;  alias, 1 drivers
v0x145a98a30_0 .net "mem_write", 0 0, L_0x145a9d140;  alias, 1 drivers
v0x145a98ac0_0 .net "pc", 63 0, v0x145a959d0_0;  alias, 1 drivers
v0x145a98b50_0 .net "reset", 0 0, v0x145a9c4a0_0;  alias, 1 drivers
v0x145a98be0_0 .net "write_data", 63 0, L_0x145a9cff0;  alias, 1 drivers
E_0x145a96d10 .event posedge, v0x145a95870_0;
L_0x145a9d1f0 .array/port v0x145a985f0, L_0x145a9d290;
L_0x145a9d290 .arith/sum 64, v0x145a959d0_0, L_0x1300400e8;
L_0x145a9d450 .array/port v0x145a985f0, L_0x145a9d4f0;
L_0x145a9d4f0 .arith/sum 64, v0x145a959d0_0, L_0x130040130;
L_0x145a9d630 .array/port v0x145a985f0, L_0x145a9d6d0;
L_0x145a9d6d0 .arith/sum 64, v0x145a959d0_0, L_0x130040178;
L_0x145a9d810 .array/port v0x145a985f0, v0x145a959d0_0;
L_0x145a9d8f0 .concat [ 8 8 8 8], L_0x145a9d810, L_0x145a9d630, L_0x145a9d450, L_0x145a9d1f0;
L_0x145a9da90 .array/port v0x145a985f0, L_0x145a9db80;
L_0x145a9db80 .arith/sum 64, L_0x145a9ceb0, L_0x1300401c0;
L_0x145a9dc80 .array/port v0x145a985f0, L_0x145a9dd80;
L_0x145a9dd80 .arith/sum 64, L_0x145a9ceb0, L_0x130040208;
L_0x145a9df00 .array/port v0x145a985f0, L_0x145a9e090;
L_0x145a9e090 .arith/sum 64, L_0x145a9ceb0, L_0x130040250;
L_0x145a9e130 .array/port v0x145a985f0, L_0x145a9e250;
L_0x145a9e250 .arith/sum 64, L_0x145a9ceb0, L_0x130040298;
L_0x145a9e2f0 .array/port v0x145a985f0, L_0x145a9e420;
L_0x145a9e420 .arith/sum 64, L_0x145a9ceb0, L_0x1300402e0;
L_0x145a9e500 .array/port v0x145a985f0, L_0x145a9e640;
L_0x145a9e640 .arith/sum 64, L_0x145a9ceb0, L_0x130040328;
L_0x145a9de60 .array/port v0x145a985f0, L_0x145a9e5a0;
L_0x145a9e5a0 .arith/sum 64, L_0x145a9ceb0, L_0x130040370;
L_0x145a9e8f0 .array/port v0x145a985f0, L_0x145a9ceb0;
LS_0x145a9e7e0_0_0 .concat [ 8 8 8 8], L_0x145a9e8f0, L_0x145a9de60, L_0x145a9e500, L_0x145a9e2f0;
LS_0x145a9e7e0_0_4 .concat [ 8 8 8 8], L_0x145a9e130, L_0x145a9df00, L_0x145a9dc80, L_0x145a9da90;
L_0x145a9e7e0 .concat [ 32 32 0 0], LS_0x145a9e7e0_0_0, LS_0x145a9e7e0_0_4;
S_0x145a98d20 .scope module, "reg_file" "register_file" 4 76, 10 1 0, S_0x145a63200;
 .timescale -9 -12;
    .port_info 0 /INPUT 1 "clk";
    .port_info 1 /INPUT 1 "reset";
    .port_info 2 /INPUT 5 "rd";
    .port_info 3 /INPUT 5 "rs";
    .port_info 4 /INPUT 5 "rt";
    .port_info 5 /INPUT 64 "write_data";
    .port_info 6 /INPUT 1 "reg_write";
    .port_info 7 /OUTPUT 64 "rd_data";
    .port_info 8 /OUTPUT 64 "rs_data";
    .port_info 9 /OUTPUT 64 "rt_data";
    .port_info 10 /OUTPUT 64 "r31_data";
L_0x145a9f300 .functor BUFZ 64, L_0x145a9f1c0, C4<0000000000000000000000000000000000000000000000000000000000000000>, C4<0000000000000000000000000000000000000000000000000000000000000000>, C4<0000000000000000000000000000000000000000000000000000000000000000>;
L_0x145a9f5b0 .functor BUFZ 64, L_0x145a9f3b0, C4<0000000000000000000000000000000000000000000000000000000000000000>, C4<0000000000000000000000000000000000000000000000000000000000000000>, C4<0000000000000000000000000000000000000000000000000000000000000000>;
L_0x145a9f8d0 .functor BUFZ 64, L_0x145a9f6a0, C4<0000000000000000000000000000000000000000000000000000000000000000>, C4<0000000000000000000000000000000000000000000000000000000000000000>, C4<0000000000000000000000000000000000000000000000000000000000000000>;
v0x145a990a0_0 .net *"_ivl_0", 63 0, L_0x145a9f1c0;  1 drivers
v0x145a99160_0 .net *"_ivl_10", 6 0, L_0x145a9f450;  1 drivers
L_0x130040400 .functor BUFT 1, C4<00>, C4<0>, C4<0>, C4<0>;
v0x145a99200_0 .net *"_ivl_13", 1 0, L_0x130040400;  1 drivers
v0x145a99290_0 .net *"_ivl_16", 63 0, L_0x145a9f6a0;  1 drivers
v0x145a99340_0 .net *"_ivl_18", 6 0, L_0x145a9f770;  1 drivers
v0x145a99430_0 .net *"_ivl_2", 6 0, L_0x145a9f260;  1 drivers
L_0x130040448 .functor BUFT 1, C4<00>, C4<0>, C4<0>, C4<0>;
v0x145a994e0_0 .net *"_ivl_21", 1 0, L_0x130040448;  1 drivers
L_0x1300403b8 .functor BUFT 1, C4<00>, C4<0>, C4<0>, C4<0>;
v0x145a99590_0 .net *"_ivl_5", 1 0, L_0x1300403b8;  1 drivers
v0x145a99640_0 .net *"_ivl_8", 63 0, L_0x145a9f3b0;  1 drivers
v0x145a99750_0 .net "clk", 0 0, v0x145a9c390_0;  alias, 1 drivers
v0x145a997e0_0 .var/i "i", 31 0;
v0x145a99890_0 .net "r31_data", 63 0, v0x145a99b30_31;  alias, 1 drivers
v0x145a99940_0 .net "rd", 4 0, L_0x145a9ee40;  alias, 1 drivers
v0x145a999e0_0 .net "rd_data", 63 0, L_0x145a9f300;  alias, 1 drivers
v0x145a99a80_0 .net "reg_write", 0 0, v0x145a95050_0;  alias, 1 drivers
v0x145a99b30 .array "registers", 31 0, 63 0;
v0x145a99ec0_0 .net "reset", 0 0, v0x145a9c4a0_0;  alias, 1 drivers
v0x145a9a090_0 .net "rs", 4 0, L_0x145a9eee0;  alias, 1 drivers
v0x145a9a120_0 .net "rs_data", 63 0, L_0x145a9f5b0;  alias, 1 drivers
v0x145a9a1b0_0 .net "rt", 4 0, L_0x145a9ef80;  alias, 1 drivers
v0x145a9a240_0 .net "rt_data", 63 0, L_0x145a9f8d0;  alias, 1 drivers
v0x145a9a2d0_0 .net "write_data", 63 0, L_0x145a9cc80;  alias, 1 drivers
L_0x145a9f1c0 .array/port v0x145a99b30, L_0x145a9f260;
L_0x145a9f260 .concat [ 5 2 0 0], L_0x145a9ee40, L_0x1300403b8;
L_0x145a9f3b0 .array/port v0x145a99b30, L_0x145a9f450;
L_0x145a9f450 .concat [ 5 2 0 0], L_0x145a9eee0, L_0x130040400;
L_0x145a9f6a0 .array/port v0x145a99b30, L_0x145a9f770;
L_0x145a9f770 .concat [ 5 2 0 0], L_0x145a9ef80, L_0x130040448;
    .scope S_0x145a956c0;
T_0 ;
    %wait E_0x145a95830;
    %load/vec4 v0x145a95a90_0;
    %flag_set/vec4 8;
    %jmp/0xz  T_0.0, 8;
    %pushi/vec4 8192, 0, 64;
    %assign/vec4 v0x145a959d0_0, 0;
    %jmp T_0.1;
T_0.0 ;
    %load/vec4 v0x145a95920_0;
    %assign/vec4 v0x145a959d0_0, 0;
T_0.1 ;
    %jmp T_0;
    .thread T_0;
    .scope S_0x145a96a90;
T_1 ;
    %wait E_0x145a96d10;
    %load/vec4 v0x145a98a30_0;
    %flag_set/vec4 8;
    %jmp/0xz  T_1.0, 8;
    %load/vec4 v0x145a98be0_0;
    %parti/s 8, 56, 7;
    %load/vec4 v0x145a98880_0;
    %addi 7, 0, 64;
    %ix/vec4 3;
    %ix/load 4, 0, 0; Constant delay
    %assign/vec4/a/d v0x145a985f0, 0, 4;
    %load/vec4 v0x145a98be0_0;
    %parti/s 8, 48, 7;
    %load/vec4 v0x145a98880_0;
    %addi 6, 0, 64;
    %ix/vec4 3;
    %ix/load 4, 0, 0; Constant delay
    %assign/vec4/a/d v0x145a985f0, 0, 4;
    %load/vec4 v0x145a98be0_0;
    %parti/s 8, 40, 7;
    %load/vec4 v0x145a98880_0;
    %addi 5, 0, 64;
    %ix/vec4 3;
    %ix/load 4, 0, 0; Constant delay
    %assign/vec4/a/d v0x145a985f0, 0, 4;
    %load/vec4 v0x145a98be0_0;
    %parti/s 8, 32, 7;
    %load/vec4 v0x145a98880_0;
    %addi 4, 0, 64;
    %ix/vec4 3;
    %ix/load 4, 0, 0; Constant delay
    %assign/vec4/a/d v0x145a985f0, 0, 4;
    %load/vec4 v0x145a98be0_0;
    %parti/s 8, 24, 6;
    %load/vec4 v0x145a98880_0;
    %addi 3, 0, 64;
    %ix/vec4 3;
    %ix/load 4, 0, 0; Constant delay
    %assign/vec4/a/d v0x145a985f0, 0, 4;
    %load/vec4 v0x145a98be0_0;
    %parti/s 8, 16, 6;
    %load/vec4 v0x145a98880_0;
    %addi 2, 0, 64;
    %ix/vec4 3;
    %ix/load 4, 0, 0; Constant delay
    %assign/vec4/a/d v0x145a985f0, 0, 4;
    %load/vec4 v0x145a98be0_0;
    %parti/s 8, 8, 5;
    %load/vec4 v0x145a98880_0;
    %addi 1, 0, 64;
    %ix/vec4 3;
    %ix/load 4, 0, 0; Constant delay
    %assign/vec4/a/d v0x145a985f0, 0, 4;
    %load/vec4 v0x145a98be0_0;
    %parti/s 8, 0, 2;
    %ix/getv 3, v0x145a98880_0;
    %ix/load 4, 0, 0; Constant delay
    %assign/vec4/a/d v0x145a985f0, 0, 4;
T_1.0 ;
    %jmp T_1;
    .thread T_1;
    .scope S_0x145a94210;
T_2 ;
    %wait E_0x145a946e0;
    %pushi/vec4 0, 0, 1;
    %store/vec4 v0x145a953d0_0, 0, 1;
    %pushi/vec4 0, 0, 1;
    %store/vec4 v0x145a95460_0, 0, 1;
    %pushi/vec4 0, 0, 1;
    %store/vec4 v0x145a94e50_0, 0, 1;
    %pushi/vec4 0, 0, 1;
    %store/vec4 v0x145a94890_0, 0, 1;
    %pushi/vec4 0, 0, 1;
    %store/vec4 v0x145a94b50_0, 0, 1;
    %pushi/vec4 0, 0, 1;
    %store/vec4 v0x145a94ab0_0, 0, 1;
    %pushi/vec4 0, 0, 1;
    %store/vec4 v0x145a949d0_0, 0, 1;
    %pushi/vec4 0, 0, 1;
    %store/vec4 v0x145a94940_0, 0, 1;
    %pushi/vec4 0, 0, 1;
    %store/vec4 v0x145a94bf0_0, 0, 1;
    %pushi/vec4 0, 0, 1;
    %store/vec4 v0x145a950f0_0, 0, 1;
    %pushi/vec4 0, 0, 5;
    %store/vec4 v0x145a947d0_0, 0, 5;
    %pushi/vec4 0, 0, 5;
    %store/vec4 v0x145a94c90_0, 0, 5;
    %pushi/vec4 0, 0, 1;
    %store/vec4 v0x145a95050_0, 0, 1;
    %load/vec4 v0x145a94ef0_0;
    %dup/vec4;
    %pushi/vec4 0, 0, 5;
    %cmp/u;
    %jmp/1 T_2.0, 6;
    %dup/vec4;
    %pushi/vec4 1, 0, 5;
    %cmp/u;
    %jmp/1 T_2.1, 6;
    %dup/vec4;
    %pushi/vec4 2, 0, 5;
    %cmp/u;
    %jmp/1 T_2.2, 6;
    %dup/vec4;
    %pushi/vec4 3, 0, 5;
    %cmp/u;
    %jmp/1 T_2.3, 6;
    %dup/vec4;
    %pushi/vec4 4, 0, 5;
    %cmp/u;
    %jmp/1 T_2.4, 6;
    %dup/vec4;
    %pushi/vec4 5, 0, 5;
    %cmp/u;
    %jmp/1 T_2.5, 6;
    %dup/vec4;
    %pushi/vec4 6, 0, 5;
    %cmp/u;
    %jmp/1 T_2.6, 6;
    %dup/vec4;
    %pushi/vec4 7, 0, 5;
    %cmp/u;
    %jmp/1 T_2.7, 6;
    %dup/vec4;
    %pushi/vec4 8, 0, 5;
    %cmp/u;
    %jmp/1 T_2.8, 6;
    %dup/vec4;
    %pushi/vec4 9, 0, 5;
    %cmp/u;
    %jmp/1 T_2.9, 6;
    %dup/vec4;
    %pushi/vec4 10, 0, 5;
    %cmp/u;
    %jmp/1 T_2.10, 6;
    %dup/vec4;
    %pushi/vec4 11, 0, 5;
    %cmp/u;
    %jmp/1 T_2.11, 6;
    %dup/vec4;
    %pushi/vec4 12, 0, 5;
    %cmp/u;
    %jmp/1 T_2.12, 6;
    %dup/vec4;
    %pushi/vec4 13, 0, 5;
    %cmp/u;
    %jmp/1 T_2.13, 6;
    %dup/vec4;
    %pushi/vec4 14, 0, 5;
    %cmp/u;
    %jmp/1 T_2.14, 6;
    %dup/vec4;
    %pushi/vec4 17, 0, 5;
    %cmp/u;
    %jmp/1 T_2.15, 6;
    %dup/vec4;
    %pushi/vec4 18, 0, 5;
    %cmp/u;
    %jmp/1 T_2.16, 6;
    %dup/vec4;
    %pushi/vec4 20, 0, 5;
    %cmp/u;
    %jmp/1 T_2.17, 6;
    %dup/vec4;
    %pushi/vec4 21, 0, 5;
    %cmp/u;
    %jmp/1 T_2.18, 6;
    %dup/vec4;
    %pushi/vec4 22, 0, 5;
    %cmp/u;
    %jmp/1 T_2.19, 6;
    %dup/vec4;
    %pushi/vec4 23, 0, 5;
    %cmp/u;
    %jmp/1 T_2.20, 6;
    %dup/vec4;
    %pushi/vec4 24, 0, 5;
    %cmp/u;
    %jmp/1 T_2.21, 6;
    %dup/vec4;
    %pushi/vec4 25, 0, 5;
    %cmp/u;
    %jmp/1 T_2.22, 6;
    %dup/vec4;
    %pushi/vec4 26, 0, 5;
    %cmp/u;
    %jmp/1 T_2.23, 6;
    %dup/vec4;
    %pushi/vec4 27, 0, 5;
    %cmp/u;
    %jmp/1 T_2.24, 6;
    %dup/vec4;
    %pushi/vec4 28, 0, 5;
    %cmp/u;
    %jmp/1 T_2.25, 6;
    %dup/vec4;
    %pushi/vec4 29, 0, 5;
    %cmp/u;
    %jmp/1 T_2.26, 6;
    %jmp T_2.28;
T_2.0 ;
    %pushi/vec4 1, 0, 1;
    %store/vec4 v0x145a953d0_0, 0, 1;
    %pushi/vec4 1, 0, 1;
    %store/vec4 v0x145a95050_0, 0, 1;
    %pushi/vec4 0, 0, 5;
    %store/vec4 v0x145a947d0_0, 0, 5;
    %jmp T_2.28;
T_2.1 ;
    %pushi/vec4 1, 0, 1;
    %store/vec4 v0x145a953d0_0, 0, 1;
    %pushi/vec4 1, 0, 1;
    %store/vec4 v0x145a95050_0, 0, 1;
    %pushi/vec4 1, 0, 5;
    %store/vec4 v0x145a947d0_0, 0, 5;
    %jmp T_2.28;
T_2.2 ;
    %pushi/vec4 1, 0, 1;
    %store/vec4 v0x145a953d0_0, 0, 1;
    %pushi/vec4 1, 0, 1;
    %store/vec4 v0x145a95050_0, 0, 1;
    %pushi/vec4 2, 0, 5;
    %store/vec4 v0x145a947d0_0, 0, 5;
    %jmp T_2.28;
T_2.3 ;
    %pushi/vec4 1, 0, 1;
    %store/vec4 v0x145a953d0_0, 0, 1;
    %pushi/vec4 1, 0, 1;
    %store/vec4 v0x145a95050_0, 0, 1;
    %pushi/vec4 3, 0, 5;
    %store/vec4 v0x145a947d0_0, 0, 5;
    %jmp T_2.28;
T_2.4 ;
    %pushi/vec4 1, 0, 1;
    %store/vec4 v0x145a953d0_0, 0, 1;
    %pushi/vec4 1, 0, 1;
    %store/vec4 v0x145a95050_0, 0, 1;
    %pushi/vec4 4, 0, 5;
    %store/vec4 v0x145a947d0_0, 0, 5;
    %jmp T_2.28;
T_2.5 ;
    %pushi/vec4 1, 0, 1;
    %store/vec4 v0x145a953d0_0, 0, 1;
    %pushi/vec4 1, 0, 1;
    %store/vec4 v0x145a94e50_0, 0, 1;
    %pushi/vec4 1, 0, 1;
    %store/vec4 v0x145a95050_0, 0, 1;
    %pushi/vec4 4, 0, 5;
    %store/vec4 v0x145a947d0_0, 0, 5;
    %jmp T_2.28;
T_2.6 ;
    %pushi/vec4 1, 0, 1;
    %store/vec4 v0x145a953d0_0, 0, 1;
    %pushi/vec4 1, 0, 1;
    %store/vec4 v0x145a95050_0, 0, 1;
    %pushi/vec4 5, 0, 5;
    %store/vec4 v0x145a947d0_0, 0, 5;
    %jmp T_2.28;
T_2.7 ;
    %pushi/vec4 1, 0, 1;
    %store/vec4 v0x145a953d0_0, 0, 1;
    %pushi/vec4 1, 0, 1;
    %store/vec4 v0x145a94e50_0, 0, 1;
    %pushi/vec4 1, 0, 1;
    %store/vec4 v0x145a95050_0, 0, 1;
    %pushi/vec4 5, 0, 5;
    %store/vec4 v0x145a947d0_0, 0, 5;
    %jmp T_2.28;
T_2.8 ;
    %pushi/vec4 1, 0, 1;
    %store/vec4 v0x145a94890_0, 0, 1;
    %jmp T_2.28;
T_2.9 ;
    %pushi/vec4 1, 0, 1;
    %store/vec4 v0x145a94b50_0, 0, 1;
    %jmp T_2.28;
T_2.10 ;
    %pushi/vec4 1, 0, 1;
    %store/vec4 v0x145a94ab0_0, 0, 1;
    %jmp T_2.28;
T_2.11 ;
    %pushi/vec4 1, 0, 1;
    %store/vec4 v0x145a949d0_0, 0, 1;
    %jmp T_2.28;
T_2.12 ;
    %pushi/vec4 1, 0, 1;
    %store/vec4 v0x145a94bf0_0, 0, 1;
    %jmp T_2.28;
T_2.13 ;
    %pushi/vec4 1, 0, 1;
    %store/vec4 v0x145a950f0_0, 0, 1;
    %jmp T_2.28;
T_2.14 ;
    %pushi/vec4 1, 0, 1;
    %store/vec4 v0x145a94940_0, 0, 1;
    %jmp T_2.28;
T_2.15 ;
    %pushi/vec4 1, 0, 1;
    %store/vec4 v0x145a953d0_0, 0, 1;
    %pushi/vec4 1, 0, 1;
    %store/vec4 v0x145a95050_0, 0, 1;
    %pushi/vec4 8, 0, 5;
    %store/vec4 v0x145a947d0_0, 0, 5;
    %jmp T_2.28;
T_2.16 ;
    %pushi/vec4 1, 0, 1;
    %store/vec4 v0x145a953d0_0, 0, 1;
    %pushi/vec4 1, 0, 1;
    %store/vec4 v0x145a94e50_0, 0, 1;
    %pushi/vec4 1, 0, 1;
    %store/vec4 v0x145a95050_0, 0, 1;
    %pushi/vec4 9, 0, 5;
    %store/vec4 v0x145a947d0_0, 0, 5;
    %jmp T_2.28;
T_2.17 ;
    %pushi/vec4 1, 0, 1;
    %store/vec4 v0x145a95460_0, 0, 1;
    %pushi/vec4 1, 0, 1;
    %store/vec4 v0x145a95050_0, 0, 1;
    %pushi/vec4 0, 0, 5;
    %store/vec4 v0x145a94c90_0, 0, 5;
    %jmp T_2.28;
T_2.18 ;
    %pushi/vec4 1, 0, 1;
    %store/vec4 v0x145a95460_0, 0, 1;
    %pushi/vec4 1, 0, 1;
    %store/vec4 v0x145a95050_0, 0, 1;
    %pushi/vec4 1, 0, 5;
    %store/vec4 v0x145a94c90_0, 0, 5;
    %jmp T_2.28;
T_2.19 ;
    %pushi/vec4 1, 0, 1;
    %store/vec4 v0x145a95460_0, 0, 1;
    %pushi/vec4 1, 0, 1;
    %store/vec4 v0x145a95050_0, 0, 1;
    %pushi/vec4 2, 0, 5;
    %store/vec4 v0x145a94c90_0, 0, 5;
    %jmp T_2.28;
T_2.20 ;
    %pushi/vec4 1, 0, 1;
    %store/vec4 v0x145a95460_0, 0, 1;
    %pushi/vec4 1, 0, 1;
    %store/vec4 v0x145a95050_0, 0, 1;
    %pushi/vec4 3, 0, 5;
    %store/vec4 v0x145a94c90_0, 0, 5;
    %jmp T_2.28;
T_2.21 ;
    %pushi/vec4 1, 0, 1;
    %store/vec4 v0x145a953d0_0, 0, 1;
    %pushi/vec4 1, 0, 1;
    %store/vec4 v0x145a95050_0, 0, 1;
    %pushi/vec4 6, 0, 5;
    %store/vec4 v0x145a947d0_0, 0, 5;
    %jmp T_2.28;
T_2.22 ;
    %pushi/vec4 1, 0, 1;
    %store/vec4 v0x145a953d0_0, 0, 1;
    %pushi/vec4 1, 0, 1;
    %store/vec4 v0x145a94e50_0, 0, 1;
    %pushi/vec4 1, 0, 1;
    %store/vec4 v0x145a95050_0, 0, 1;
    %pushi/vec4 6, 0, 5;
    %store/vec4 v0x145a947d0_0, 0, 5;
    %jmp T_2.28;
T_2.23 ;
    %pushi/vec4 1, 0, 1;
    %store/vec4 v0x145a953d0_0, 0, 1;
    %pushi/vec4 1, 0, 1;
    %store/vec4 v0x145a95050_0, 0, 1;
    %pushi/vec4 7, 0, 5;
    %store/vec4 v0x145a947d0_0, 0, 5;
    %jmp T_2.28;
T_2.24 ;
    %pushi/vec4 1, 0, 1;
    %store/vec4 v0x145a953d0_0, 0, 1;
    %pushi/vec4 1, 0, 1;
    %store/vec4 v0x145a94e50_0, 0, 1;
    %pushi/vec4 1, 0, 1;
    %store/vec4 v0x145a95050_0, 0, 1;
    %pushi/vec4 7, 0, 5;
    %store/vec4 v0x145a947d0_0, 0, 5;
    %jmp T_2.28;
T_2.25 ;
    %pushi/vec4 1, 0, 1;
    %store/vec4 v0x145a953d0_0, 0, 1;
    %pushi/vec4 1, 0, 1;
    %store/vec4 v0x145a95050_0, 0, 1;
    %pushi/vec4 10, 0, 5;
    %store/vec4 v0x145a947d0_0, 0, 5;
    %jmp T_2.28;
T_2.26 ;
    %pushi/vec4 1, 0, 1;
    %store/vec4 v0x145a953d0_0, 0, 1;
    %pushi/vec4 1, 0, 1;
    %store/vec4 v0x145a95050_0, 0, 1;
    %pushi/vec4 11, 0, 5;
    %store/vec4 v0x145a947d0_0, 0, 5;
    %jmp T_2.28;
T_2.28 ;
    %pop/vec4 1;
    %jmp T_2;
    .thread T_2, $push;
    .scope S_0x145a98d20;
T_3 ;
    %wait E_0x145a95830;
    %load/vec4 v0x145a99ec0_0;
    %flag_set/vec4 8;
    %jmp/0xz  T_3.0, 8;
    %pushi/vec4 0, 0, 32;
    %store/vec4 v0x145a997e0_0, 0, 32;
T_3.2 ; Top of for-loop
    %load/vec4 v0x145a997e0_0;
    %cmpi/s 31, 0, 32;
	  %jmp/0xz T_3.3, 5;
    %pushi/vec4 0, 0, 64;
    %ix/getv/s 3, v0x145a997e0_0;
    %ix/load 4, 0, 0; Constant delay
    %assign/vec4/a/d v0x145a99b30, 0, 4;
T_3.4 ; for-loop step statement
    %load/vec4 v0x145a997e0_0;
    %addi 1, 0, 32;
    %store/vec4 v0x145a997e0_0, 0, 32;
    %jmp T_3.2;
T_3.3 ; for-loop exit label
    %pushi/vec4 524288, 0, 64;
    %ix/load 3, 31, 0;
    %flag_set/imm 4, 0;
    %ix/load 4, 0, 0; Constant delay
    %assign/vec4/a/d v0x145a99b30, 0, 4;
    %jmp T_3.1;
T_3.0 ;
    %load/vec4 v0x145a99a80_0;
    %flag_set/vec4 8;
    %jmp/0xz  T_3.5, 8;
    %load/vec4 v0x145a9a2d0_0;
    %load/vec4 v0x145a99940_0;
    %pad/u 7;
    %ix/vec4 3;
    %ix/load 4, 0, 0; Constant delay
    %assign/vec4/a/d v0x145a99b30, 0, 4;
T_3.5 ;
T_3.1 ;
    %jmp T_3;
    .thread T_3;
    .scope S_0x145a5d460;
T_4 ;
    %wait E_0x145a3bdb0;
    %load/vec4 v0x145a93f90_0;
    %dup/vec4;
    %pushi/vec4 0, 0, 5;
    %cmp/u;
    %jmp/1 T_4.0, 6;
    %dup/vec4;
    %pushi/vec4 1, 0, 5;
    %cmp/u;
    %jmp/1 T_4.1, 6;
    %dup/vec4;
    %pushi/vec4 2, 0, 5;
    %cmp/u;
    %jmp/1 T_4.2, 6;
    %dup/vec4;
    %pushi/vec4 3, 0, 5;
    %cmp/u;
    %jmp/1 T_4.3, 6;
    %dup/vec4;
    %pushi/vec4 4, 0, 5;
    %cmp/u;
    %jmp/1 T_4.4, 6;
    %dup/vec4;
    %pushi/vec4 5, 0, 5;
    %cmp/u;
    %jmp/1 T_4.5, 6;
    %dup/vec4;
    %pushi/vec4 6, 0, 5;
    %cmp/u;
    %jmp/1 T_4.6, 6;
    %dup/vec4;
    %pushi/vec4 7, 0, 5;
    %cmp/u;
    %jmp/1 T_4.7, 6;
    %dup/vec4;
    %pushi/vec4 8, 0, 5;
    %cmp/u;
    %jmp/1 T_4.8, 6;
    %dup/vec4;
    %pushi/vec4 9, 0, 5;
    %cmp/u;
    %jmp/1 T_4.9, 6;
    %dup/vec4;
    %pushi/vec4 10, 0, 5;
    %cmp/u;
    %jmp/1 T_4.10, 6;
    %dup/vec4;
    %pushi/vec4 11, 0, 5;
    %cmp/u;
    %jmp/1 T_4.11, 6;
    %pushi/vec4 0, 0, 64;
    %store/vec4 v0x145a94100_0, 0, 64;
    %jmp T_4.13;
T_4.0 ;
    %load/vec4 v0x145a6fa70_0;
    %load/vec4 v0x145a94040_0;
    %and;
    %store/vec4 v0x145a94100_0, 0, 64;
    %jmp T_4.13;
T_4.1 ;
    %load/vec4 v0x145a6fa70_0;
    %load/vec4 v0x145a94040_0;
    %or;
    %store/vec4 v0x145a94100_0, 0, 64;
    %jmp T_4.13;
T_4.2 ;
    %load/vec4 v0x145a6fa70_0;
    %load/vec4 v0x145a94040_0;
    %xor;
    %store/vec4 v0x145a94100_0, 0, 64;
    %jmp T_4.13;
T_4.3 ;
    %load/vec4 v0x145a6fa70_0;
    %inv;
    %store/vec4 v0x145a94100_0, 0, 64;
    %jmp T_4.13;
T_4.4 ;
    %load/vec4 v0x145a6fa70_0;
    %load/vec4 v0x145a94040_0;
    %parti/s 6, 0, 2;
    %ix/vec4 4;
    %shiftr 4;
    %store/vec4 v0x145a94100_0, 0, 64;
    %jmp T_4.13;
T_4.5 ;
    %load/vec4 v0x145a6fa70_0;
    %load/vec4 v0x145a94040_0;
    %parti/s 6, 0, 2;
    %ix/vec4 4;
    %shiftl 4;
    %store/vec4 v0x145a94100_0, 0, 64;
    %jmp T_4.13;
T_4.6 ;
    %load/vec4 v0x145a6fa70_0;
    %load/vec4 v0x145a94040_0;
    %add;
    %store/vec4 v0x145a94100_0, 0, 64;
    %jmp T_4.13;
T_4.7 ;
    %load/vec4 v0x145a6fa70_0;
    %load/vec4 v0x145a94040_0;
    %sub;
    %store/vec4 v0x145a94100_0, 0, 64;
    %jmp T_4.13;
T_4.8 ;
    %load/vec4 v0x145a6fa70_0;
    %store/vec4 v0x145a94100_0, 0, 64;
    %jmp T_4.13;
T_4.9 ;
    %load/vec4 v0x145a6fa70_0;
    %parti/s 52, 12, 5;
    %load/vec4 v0x145a94040_0;
    %parti/s 12, 0, 2;
    %concat/vec4; draw_concat_vec4
    %store/vec4 v0x145a94100_0, 0, 64;
    %jmp T_4.13;
T_4.10 ;
    %load/vec4 v0x145a6fa70_0;
    %load/vec4 v0x145a94040_0;
    %mul;
    %store/vec4 v0x145a94100_0, 0, 64;
    %jmp T_4.13;
T_4.11 ;
    %load/vec4 v0x145a94040_0;
    %cmpi/ne 0, 0, 64;
    %flag_mov 8, 4;
    %jmp/0 T_4.14, 8;
    %load/vec4 v0x145a6fa70_0;
    %load/vec4 v0x145a94040_0;
    %div;
    %jmp/1 T_4.15, 8;
T_4.14 ; End of true expr.
    %pushi/vec4 0, 0, 64;
    %jmp/0 T_4.15, 8;
 ; End of false expr.
    %blend;
T_4.15;
    %store/vec4 v0x145a94100_0, 0, 64;
    %jmp T_4.13;
T_4.13 ;
    %pop/vec4 1;
    %jmp T_4;
    .thread T_4, $push;
    .scope S_0x145a95b90;
T_5 ;
    %wait E_0x145a95dd0;
    %load/vec4 v0x145a96320_0;
    %dup/vec4;
    %pushi/vec4 0, 0, 5;
    %cmp/u;
    %jmp/1 T_5.0, 6;
    %dup/vec4;
    %pushi/vec4 1, 0, 5;
    %cmp/u;
    %jmp/1 T_5.1, 6;
    %dup/vec4;
    %pushi/vec4 2, 0, 5;
    %cmp/u;
    %jmp/1 T_5.2, 6;
    %dup/vec4;
    %pushi/vec4 3, 0, 5;
    %cmp/u;
    %jmp/1 T_5.3, 6;
    %pushi/vec4 0, 0, 64;
    %store/vec4 v0x145a96640_0, 0, 64;
    %jmp T_5.5;
T_5.0 ;
    %load/vec4 v0x145a95ea0_0;
    %parti/s 63, 0, 2;
    %cmpi/e 0, 0, 63;
    %jmp/0xz  T_5.6, 4;
    %load/vec4 v0x145a95f60_0;
    %store/vec4 v0x145a96640_0, 0, 64;
    %jmp T_5.7;
T_5.6 ;
    %load/vec4 v0x145a95f60_0;
    %parti/s 63, 0, 2;
    %cmpi/e 0, 0, 63;
    %jmp/0xz  T_5.8, 4;
    %load/vec4 v0x145a95ea0_0;
    %store/vec4 v0x145a96640_0, 0, 64;
    %jmp T_5.9;
T_5.8 ;
    %load/vec4 v0x145a95ea0_0;
    %parti/s 1, 63, 7;
    %store/vec4 v0x145a96790_0, 0, 1;
    %load/vec4 v0x145a95f60_0;
    %parti/s 1, 63, 7;
    %load/vec4 v0x145a96320_0;
    %pushi/vec4 1, 0, 5;
    %cmp/e;
    %flag_get/vec4 4;
    %xor;
    %store/vec4 v0x145a96830_0, 0, 1;
    %load/vec4 v0x145a95ea0_0;
    %parti/s 11, 52, 7;
    %store/vec4 v0x145a960d0_0, 0, 11;
    %load/vec4 v0x145a95f60_0;
    %parti/s 11, 52, 7;
    %store/vec4 v0x145a96180_0, 0, 11;
    %pushi/vec4 1, 0, 1;
    %load/vec4 v0x145a95ea0_0;
    %parti/s 52, 0, 2;
    %concat/vec4; draw_concat_vec4
    %store/vec4 v0x145a963c0_0, 0, 53;
    %pushi/vec4 1, 0, 1;
    %load/vec4 v0x145a95f60_0;
    %parti/s 52, 0, 2;
    %concat/vec4; draw_concat_vec4
    %store/vec4 v0x145a96460_0, 0, 53;
    %load/vec4 v0x145a96180_0;
    %load/vec4 v0x145a960d0_0;
    %cmp/u;
    %flag_mov 8, 5;
    %jmp/0 T_5.10, 8;
    %load/vec4 v0x145a960d0_0;
    %load/vec4 v0x145a96180_0;
    %sub;
    %jmp/1 T_5.11, 8;
T_5.10 ; End of true expr.
    %load/vec4 v0x145a96180_0;
    %load/vec4 v0x145a960d0_0;
    %sub;
    %jmp/0 T_5.11, 8;
 ; End of false expr.
    %blend;
T_5.11;
    %store/vec4 v0x145a96010_0, 0, 11;
    %load/vec4 v0x145a96180_0;
    %load/vec4 v0x145a960d0_0;
    %cmp/u;
    %jmp/0xz  T_5.12, 5;
    %load/vec4 v0x145a96460_0;
    %ix/getv 4, v0x145a96010_0;
    %shiftr 4;
    %store/vec4 v0x145a96460_0, 0, 53;
    %load/vec4 v0x145a96180_0;
    %load/vec4 v0x145a96010_0;
    %add;
    %store/vec4 v0x145a96180_0, 0, 11;
T_5.12 ;
    %load/vec4 v0x145a960d0_0;
    %load/vec4 v0x145a96180_0;
    %cmp/u;
    %jmp/0xz  T_5.14, 5;
    %load/vec4 v0x145a963c0_0;
    %ix/getv 4, v0x145a96010_0;
    %shiftr 4;
    %store/vec4 v0x145a963c0_0, 0, 53;
    %load/vec4 v0x145a960d0_0;
    %load/vec4 v0x145a96010_0;
    %add;
    %store/vec4 v0x145a960d0_0, 0, 11;
T_5.14 ;
    %load/vec4 v0x145a96790_0;
    %load/vec4 v0x145a96830_0;
    %cmp/e;
    %jmp/0xz  T_5.16, 4;
    %load/vec4 v0x145a96790_0;
    %store/vec4 v0x145a966f0_0, 0, 1;
    %load/vec4 v0x145a963c0_0;
    %pad/u 54;
    %load/vec4 v0x145a96460_0;
    %pad/u 54;
    %add;
    %store/vec4 v0x145a968d0_0, 0, 54;
    %load/vec4 v0x145a968d0_0;
    %parti/s 1, 53, 7;
    %flag_set/vec4 8;
    %jmp/0xz  T_5.18, 8;
    %load/vec4 v0x145a960d0_0;
    %addi 1, 0, 11;
    %store/vec4 v0x145a960d0_0, 0, 11;
    %load/vec4 v0x145a968d0_0;
    %parti/s 53, 1, 2;
    %store/vec4 v0x145a96590_0, 0, 53;
    %jmp T_5.19;
T_5.18 ;
    %load/vec4 v0x145a968d0_0;
    %parti/s 53, 0, 2;
    %store/vec4 v0x145a96590_0, 0, 53;
T_5.19 ;
    %jmp T_5.17;
T_5.16 ;
    %load/vec4 v0x145a96460_0;
    %load/vec4 v0x145a963c0_0;
    %cmp/u;
    %flag_or 5, 4;
    %jmp/0xz  T_5.20, 5;
    %load/vec4 v0x145a96790_0;
    %store/vec4 v0x145a966f0_0, 0, 1;
    %load/vec4 v0x145a963c0_0;
    %load/vec4 v0x145a96460_0;
    %sub;
    %store/vec4 v0x145a96590_0, 0, 53;
    %jmp T_5.21;
T_5.20 ;
    %load/vec4 v0x145a96830_0;
    %store/vec4 v0x145a966f0_0, 0, 1;
    %load/vec4 v0x145a96460_0;
    %load/vec4 v0x145a963c0_0;
    %sub;
    %store/vec4 v0x145a96590_0, 0, 53;
T_5.21 ;
    %load/vec4 v0x145a96590_0;
    %cmpi/e 0, 0, 53;
    %jmp/0xz  T_5.22, 4;
    %pushi/vec4 0, 0, 1;
    %store/vec4 v0x145a966f0_0, 0, 1;
    %pushi/vec4 0, 0, 11;
    %store/vec4 v0x145a960d0_0, 0, 11;
    %jmp T_5.23;
T_5.22 ;
T_5.24 ;
    %load/vec4 v0x145a96590_0;
    %parti/s 1, 52, 7;
    %nor/r;
    %flag_set/vec4 8;
    %jmp/0xz T_5.25, 8;
    %load/vec4 v0x145a96590_0;
    %ix/load 4, 1, 0;
    %flag_set/imm 4, 0;
    %shiftl 4;
    %store/vec4 v0x145a96590_0, 0, 53;
    %load/vec4 v0x145a960d0_0;
    %subi 1, 0, 11;
    %store/vec4 v0x145a960d0_0, 0, 11;
    %jmp T_5.24;
T_5.25 ;
T_5.23 ;
T_5.17 ;
T_5.9 ;
T_5.7 ;
    %load/vec4 v0x145a966f0_0;
    %load/vec4 v0x145a960d0_0;
    %concat/vec4; draw_concat_vec4
    %load/vec4 v0x145a96590_0;
    %parti/s 52, 0, 2;
    %concat/vec4; draw_concat_vec4
    %store/vec4 v0x145a96640_0, 0, 64;
    %jmp T_5.5;
T_5.1 ;
    %load/vec4 v0x145a95ea0_0;
    %parti/s 63, 0, 2;
    %cmpi/e 0, 0, 63;
    %jmp/0xz  T_5.26, 4;
    %load/vec4 v0x145a95f60_0;
    %store/vec4 v0x145a96640_0, 0, 64;
    %jmp T_5.27;
T_5.26 ;
    %load/vec4 v0x145a95f60_0;
    %parti/s 63, 0, 2;
    %cmpi/e 0, 0, 63;
    %jmp/0xz  T_5.28, 4;
    %load/vec4 v0x145a95ea0_0;
    %store/vec4 v0x145a96640_0, 0, 64;
    %jmp T_5.29;
T_5.28 ;
    %load/vec4 v0x145a95ea0_0;
    %parti/s 1, 63, 7;
    %store/vec4 v0x145a96790_0, 0, 1;
    %load/vec4 v0x145a95f60_0;
    %parti/s 1, 63, 7;
    %load/vec4 v0x145a96320_0;
    %pushi/vec4 1, 0, 5;
    %cmp/e;
    %flag_get/vec4 4;
    %xor;
    %store/vec4 v0x145a96830_0, 0, 1;
    %load/vec4 v0x145a95ea0_0;
    %parti/s 11, 52, 7;
    %store/vec4 v0x145a960d0_0, 0, 11;
    %load/vec4 v0x145a95f60_0;
    %parti/s 11, 52, 7;
    %store/vec4 v0x145a96180_0, 0, 11;
    %pushi/vec4 1, 0, 1;
    %load/vec4 v0x145a95ea0_0;
    %parti/s 52, 0, 2;
    %concat/vec4; draw_concat_vec4
    %store/vec4 v0x145a963c0_0, 0, 53;
    %pushi/vec4 1, 0, 1;
    %load/vec4 v0x145a95f60_0;
    %parti/s 52, 0, 2;
    %concat/vec4; draw_concat_vec4
    %store/vec4 v0x145a96460_0, 0, 53;
    %load/vec4 v0x145a96180_0;
    %load/vec4 v0x145a960d0_0;
    %cmp/u;
    %flag_mov 8, 5;
    %jmp/0 T_5.30, 8;
    %load/vec4 v0x145a960d0_0;
    %load/vec4 v0x145a96180_0;
    %sub;
    %jmp/1 T_5.31, 8;
T_5.30 ; End of true expr.
    %load/vec4 v0x145a96180_0;
    %load/vec4 v0x145a960d0_0;
    %sub;
    %jmp/0 T_5.31, 8;
 ; End of false expr.
    %blend;
T_5.31;
    %store/vec4 v0x145a96010_0, 0, 11;
    %load/vec4 v0x145a96180_0;
    %load/vec4 v0x145a960d0_0;
    %cmp/u;
    %jmp/0xz  T_5.32, 5;
    %load/vec4 v0x145a96460_0;
    %ix/getv 4, v0x145a96010_0;
    %shiftr 4;
    %store/vec4 v0x145a96460_0, 0, 53;
    %load/vec4 v0x145a96180_0;
    %load/vec4 v0x145a96010_0;
    %add;
    %store/vec4 v0x145a96180_0, 0, 11;
T_5.32 ;
    %load/vec4 v0x145a960d0_0;
    %load/vec4 v0x145a96180_0;
    %cmp/u;
    %jmp/0xz  T_5.34, 5;
    %load/vec4 v0x145a963c0_0;
    %ix/getv 4, v0x145a96010_0;
    %shiftr 4;
    %store/vec4 v0x145a963c0_0, 0, 53;
    %load/vec4 v0x145a960d0_0;
    %load/vec4 v0x145a96010_0;
    %add;
    %store/vec4 v0x145a960d0_0, 0, 11;
T_5.34 ;
    %load/vec4 v0x145a96790_0;
    %load/vec4 v0x145a96830_0;
    %cmp/e;
    %jmp/0xz  T_5.36, 4;
    %load/vec4 v0x145a96790_0;
    %store/vec4 v0x145a966f0_0, 0, 1;
    %load/vec4 v0x145a963c0_0;
    %pad/u 54;
    %load/vec4 v0x145a96460_0;
    %pad/u 54;
    %add;
    %store/vec4 v0x145a968d0_0, 0, 54;
    %load/vec4 v0x145a968d0_0;
    %parti/s 1, 53, 7;
    %flag_set/vec4 8;
    %jmp/0xz  T_5.38, 8;
    %load/vec4 v0x145a960d0_0;
    %addi 1, 0, 11;
    %store/vec4 v0x145a960d0_0, 0, 11;
    %load/vec4 v0x145a968d0_0;
    %parti/s 53, 1, 2;
    %store/vec4 v0x145a96590_0, 0, 53;
    %jmp T_5.39;
T_5.38 ;
    %load/vec4 v0x145a968d0_0;
    %parti/s 53, 0, 2;
    %store/vec4 v0x145a96590_0, 0, 53;
T_5.39 ;
    %jmp T_5.37;
T_5.36 ;
    %load/vec4 v0x145a96460_0;
    %load/vec4 v0x145a963c0_0;
    %cmp/u;
    %flag_or 5, 4;
    %jmp/0xz  T_5.40, 5;
    %load/vec4 v0x145a96790_0;
    %store/vec4 v0x145a966f0_0, 0, 1;
    %load/vec4 v0x145a963c0_0;
    %load/vec4 v0x145a96460_0;
    %sub;
    %store/vec4 v0x145a96590_0, 0, 53;
    %jmp T_5.41;
T_5.40 ;
    %load/vec4 v0x145a96830_0;
    %store/vec4 v0x145a966f0_0, 0, 1;
    %load/vec4 v0x145a96460_0;
    %load/vec4 v0x145a963c0_0;
    %sub;
    %store/vec4 v0x145a96590_0, 0, 53;
T_5.41 ;
    %load/vec4 v0x145a96590_0;
    %cmpi/e 0, 0, 53;
    %jmp/0xz  T_5.42, 4;
    %pushi/vec4 0, 0, 1;
    %store/vec4 v0x145a966f0_0, 0, 1;
    %pushi/vec4 0, 0, 11;
    %store/vec4 v0x145a960d0_0, 0, 11;
    %jmp T_5.43;
T_5.42 ;
T_5.44 ;
    %load/vec4 v0x145a96590_0;
    %parti/s 1, 52, 7;
    %nor/r;
    %flag_set/vec4 8;
    %jmp/0xz T_5.45, 8;
    %load/vec4 v0x145a96590_0;
    %ix/load 4, 1, 0;
    %flag_set/imm 4, 0;
    %shiftl 4;
    %store/vec4 v0x145a96590_0, 0, 53;
    %load/vec4 v0x145a960d0_0;
    %subi 1, 0, 11;
    %store/vec4 v0x145a960d0_0, 0, 11;
    %jmp T_5.44;
T_5.45 ;
T_5.43 ;
T_5.37 ;
T_5.29 ;
T_5.27 ;
    %load/vec4 v0x145a966f0_0;
    %load/vec4 v0x145a960d0_0;
    %concat/vec4; draw_concat_vec4
    %load/vec4 v0x145a96590_0;
    %parti/s 52, 0, 2;
    %concat/vec4; draw_concat_vec4
    %store/vec4 v0x145a96640_0, 0, 64;
    %jmp T_5.5;
T_5.2 ;
    %load/vec4 v0x145a95ea0_0;
    %parti/s 11, 52, 7;
    %cmpi/e 2047, 0, 11;
    %flag_get/vec4 4;
    %jmp/0 T_5.49, 4;
    %load/vec4 v0x145a95ea0_0;
    %parti/s 52, 0, 2;
    %pushi/vec4 0, 0, 52;
    %cmp/ne;
    %flag_get/vec4 4;
    %and;
T_5.49;
    %flag_set/vec4 8;
    %jmp/1 T_5.48, 8;
    %load/vec4 v0x145a95f60_0;
    %parti/s 11, 52, 7;
    %cmpi/e 2047, 0, 11;
    %flag_get/vec4 4;
    %jmp/0 T_5.50, 4;
    %load/vec4 v0x145a95f60_0;
    %parti/s 52, 0, 2;
    %pushi/vec4 0, 0, 52;
    %cmp/ne;
    %flag_get/vec4 4;
    %and;
T_5.50;
    %flag_set/vec4 9;
    %flag_or 8, 9;
T_5.48;
    %jmp/0xz  T_5.46, 8;
    %pushi/vec4 4293918720, 0, 33;
    %concati/vec4 0, 0, 31;
    %store/vec4 v0x145a96640_0, 0, 64;
    %jmp T_5.47;
T_5.46 ;
    %load/vec4 v0x145a95ea0_0;
    %parti/s 11, 52, 7;
    %cmpi/e 2047, 0, 11;
    %flag_get/vec4 4;
    %jmp/0 T_5.55, 4;
    %load/vec4 v0x145a95ea0_0;
    %parti/s 52, 0, 2;
    %pushi/vec4 0, 0, 52;
    %cmp/e;
    %flag_get/vec4 4;
    %and;
T_5.55;
    %flag_set/vec4 9;
    %flag_get/vec4 9;
    %jmp/0 T_5.54, 9;
    %load/vec4 v0x145a95f60_0;
    %parti/s 63, 0, 2;
    %pushi/vec4 0, 0, 63;
    %cmp/e;
    %flag_get/vec4 4;
    %and;
T_5.54;
    %flag_set/vec4 8;
    %jmp/1 T_5.53, 8;
    %load/vec4 v0x145a95f60_0;
    %parti/s 11, 52, 7;
    %cmpi/e 2047, 0, 11;
    %flag_get/vec4 4;
    %jmp/0 T_5.57, 4;
    %load/vec4 v0x145a95f60_0;
    %parti/s 52, 0, 2;
    %pushi/vec4 0, 0, 52;
    %cmp/e;
    %flag_get/vec4 4;
    %and;
T_5.57;
    %flag_set/vec4 10;
    %flag_get/vec4 10;
    %jmp/0 T_5.56, 10;
    %load/vec4 v0x145a95ea0_0;
    %parti/s 63, 0, 2;
    %pushi/vec4 0, 0, 63;
    %cmp/e;
    %flag_get/vec4 4;
    %and;
T_5.56;
    %flag_set/vec4 9;
    %flag_or 8, 9;
T_5.53;
    %jmp/0xz  T_5.51, 8;
    %pushi/vec4 4293918720, 0, 33;
    %concati/vec4 0, 0, 31;
    %store/vec4 v0x145a96640_0, 0, 64;
    %jmp T_5.52;
T_5.51 ;
    %load/vec4 v0x145a95ea0_0;
    %parti/s 11, 52, 7;
    %cmpi/e 2047, 0, 11;
    %flag_get/vec4 4;
    %jmp/0 T_5.61, 4;
    %load/vec4 v0x145a95ea0_0;
    %parti/s 52, 0, 2;
    %pushi/vec4 0, 0, 52;
    %cmp/e;
    %flag_get/vec4 4;
    %and;
T_5.61;
    %flag_set/vec4 8;
    %jmp/1 T_5.60, 8;
    %load/vec4 v0x145a95f60_0;
    %parti/s 11, 52, 7;
    %cmpi/e 2047, 0, 11;
    %flag_get/vec4 4;
    %jmp/0 T_5.62, 4;
    %load/vec4 v0x145a95f60_0;
    %parti/s 52, 0, 2;
    %pushi/vec4 0, 0, 52;
    %cmp/e;
    %flag_get/vec4 4;
    %and;
T_5.62;
    %flag_set/vec4 9;
    %flag_or 8, 9;
T_5.60;
    %jmp/0xz  T_5.58, 8;
    %load/vec4 v0x145a95ea0_0;
    %parti/s 1, 63, 7;
    %load/vec4 v0x145a95f60_0;
    %parti/s 1, 63, 7;
    %xor;
    %concati/vec4 2047, 0, 11;
    %concati/vec4 0, 0, 52;
    %store/vec4 v0x145a96640_0, 0, 64;
    %jmp T_5.59;
T_5.58 ;
    %load/vec4 v0x145a95ea0_0;
    %parti/s 63, 0, 2;
    %cmpi/e 0, 0, 63;
    %jmp/1 T_5.65, 4;
    %flag_mov 8, 4;
    %load/vec4 v0x145a95f60_0;
    %parti/s 63, 0, 2;
    %cmpi/e 0, 0, 63;
    %flag_or 4, 8;
T_5.65;
    %jmp/0xz  T_5.63, 4;
    %load/vec4 v0x145a95ea0_0;
    %parti/s 1, 63, 7;
    %load/vec4 v0x145a95f60_0;
    %parti/s 1, 63, 7;
    %xor;
    %concati/vec4 0, 0, 11;
    %concati/vec4 0, 0, 52;
    %store/vec4 v0x145a96640_0, 0, 64;
    %jmp T_5.64;
T_5.63 ;
    %load/vec4 v0x145a95ea0_0;
    %parti/s 1, 63, 7;
    %load/vec4 v0x145a95f60_0;
    %parti/s 1, 63, 7;
    %xor;
    %store/vec4 v0x145a966f0_0, 0, 1;
    %load/vec4 v0x145a95ea0_0;
    %parti/s 11, 52, 7;
    %subi 1023, 0, 11;
    %store/vec4 v0x145a960d0_0, 0, 11;
    %load/vec4 v0x145a95f60_0;
    %parti/s 11, 52, 7;
    %subi 1023, 0, 11;
    %store/vec4 v0x145a96180_0, 0, 11;
    %pushi/vec4 1, 0, 1;
    %load/vec4 v0x145a95ea0_0;
    %parti/s 52, 0, 2;
    %concat/vec4; draw_concat_vec4
    %store/vec4 v0x145a963c0_0, 0, 53;
    %pushi/vec4 1, 0, 1;
    %load/vec4 v0x145a95f60_0;
    %parti/s 52, 0, 2;
    %concat/vec4; draw_concat_vec4
    %store/vec4 v0x145a96460_0, 0, 53;
    %load/vec4 v0x145a963c0_0;
    %pad/u 106;
    %load/vec4 v0x145a96460_0;
    %pad/u 106;
    %mul;
    %store/vec4 v0x145a96980_0, 0, 106;
    %load/vec4 v0x145a960d0_0;
    %pad/u 12;
    %load/vec4 v0x145a96180_0;
    %pad/u 12;
    %add;
    %addi 1023, 0, 12;
    %store/vec4 v0x145a96270_0, 0, 12;
    %load/vec4 v0x145a96980_0;
    %parti/s 1, 105, 8;
    %flag_set/vec4 8;
    %jmp/0xz  T_5.66, 8;
    %load/vec4 v0x145a96980_0;
    %parti/s 53, 53, 7;
    %store/vec4 v0x145a96590_0, 0, 53;
    %load/vec4 v0x145a96270_0;
    %addi 1, 0, 12;
    %store/vec4 v0x145a96270_0, 0, 12;
    %jmp T_5.67;
T_5.66 ;
    %load/vec4 v0x145a96980_0;
    %parti/s 53, 52, 7;
    %store/vec4 v0x145a96590_0, 0, 53;
T_5.67 ;
    %load/vec4 v0x145a966f0_0;
    %load/vec4 v0x145a96270_0;
    %parti/s 11, 0, 2;
    %concat/vec4; draw_concat_vec4
    %load/vec4 v0x145a96590_0;
    %parti/s 52, 0, 2;
    %concat/vec4; draw_concat_vec4
    %store/vec4 v0x145a96640_0, 0, 64;
T_5.64 ;
T_5.59 ;
T_5.52 ;
T_5.47 ;
    %jmp T_5.5;
T_5.3 ;
    %load/vec4 v0x145a95ea0_0;
    %parti/s 11, 52, 7;
    %cmpi/e 2047, 0, 11;
    %flag_get/vec4 4;
    %jmp/0 T_5.71, 4;
    %load/vec4 v0x145a95ea0_0;
    %parti/s 52, 0, 2;
    %pushi/vec4 0, 0, 52;
    %cmp/ne;
    %flag_get/vec4 4;
    %and;
T_5.71;
    %flag_set/vec4 8;
    %jmp/1 T_5.70, 8;
    %load/vec4 v0x145a95f60_0;
    %parti/s 11, 52, 7;
    %cmpi/e 2047, 0, 11;
    %flag_get/vec4 4;
    %jmp/0 T_5.72, 4;
    %load/vec4 v0x145a95f60_0;
    %parti/s 52, 0, 2;
    %pushi/vec4 0, 0, 52;
    %cmp/ne;
    %flag_get/vec4 4;
    %and;
T_5.72;
    %flag_set/vec4 9;
    %flag_or 8, 9;
T_5.70;
    %jmp/0xz  T_5.68, 8;
    %pushi/vec4 4293918720, 0, 33;
    %concati/vec4 0, 0, 31;
    %store/vec4 v0x145a96640_0, 0, 64;
    %jmp T_5.69;
T_5.68 ;
    %load/vec4 v0x145a95ea0_0;
    %parti/s 11, 52, 7;
    %cmpi/e 2047, 0, 11;
    %flag_get/vec4 4;
    %jmp/0 T_5.76, 4;
    %load/vec4 v0x145a95ea0_0;
    %parti/s 52, 0, 2;
    %pushi/vec4 0, 0, 52;
    %cmp/e;
    %flag_get/vec4 4;
    %and;
T_5.76;
    %flag_set/vec4 9;
    %flag_get/vec4 9;
    %jmp/0 T_5.75, 9;
    %load/vec4 v0x145a95f60_0;
    %parti/s 11, 52, 7;
    %cmpi/e 2047, 0, 11;
    %flag_get/vec4 4;
    %jmp/0 T_5.77, 4;
    %load/vec4 v0x145a95f60_0;
    %parti/s 52, 0, 2;
    %pushi/vec4 0, 0, 52;
    %cmp/e;
    %flag_get/vec4 4;
    %and;
T_5.77;
    %and;
T_5.75;
    %flag_set/vec4 8;
    %jmp/0xz  T_5.73, 8;
    %pushi/vec4 4293918720, 0, 33;
    %concati/vec4 0, 0, 31;
    %store/vec4 v0x145a96640_0, 0, 64;
    %jmp T_5.74;
T_5.73 ;
    %load/vec4 v0x145a95ea0_0;
    %parti/s 63, 0, 2;
    %cmpi/e 0, 0, 63;
    %flag_get/vec4 4;
    %jmp/0 T_5.80, 4;
    %load/vec4 v0x145a95f60_0;
    %parti/s 63, 0, 2;
    %pushi/vec4 0, 0, 63;
    %cmp/e;
    %flag_get/vec4 4;
    %and;
T_5.80;
    %flag_set/vec4 8;
    %jmp/0xz  T_5.78, 8;
    %pushi/vec4 4293918720, 0, 33;
    %concati/vec4 0, 0, 31;
    %store/vec4 v0x145a96640_0, 0, 64;
    %jmp T_5.79;
T_5.78 ;
    %load/vec4 v0x145a95ea0_0;
    %parti/s 11, 52, 7;
    %cmpi/e 2047, 0, 11;
    %flag_get/vec4 4;
    %jmp/0 T_5.83, 4;
    %load/vec4 v0x145a95ea0_0;
    %parti/s 52, 0, 2;
    %pushi/vec4 0, 0, 52;
    %cmp/e;
    %flag_get/vec4 4;
    %and;
T_5.83;
    %flag_set/vec4 8;
    %jmp/0xz  T_5.81, 8;
    %load/vec4 v0x145a95ea0_0;
    %parti/s 1, 63, 7;
    %load/vec4 v0x145a95f60_0;
    %parti/s 1, 63, 7;
    %xor;
    %concati/vec4 2047, 0, 11;
    %concati/vec4 0, 0, 52;
    %store/vec4 v0x145a96640_0, 0, 64;
    %jmp T_5.82;
T_5.81 ;
    %load/vec4 v0x145a95f60_0;
    %parti/s 11, 52, 7;
    %cmpi/e 2047, 0, 11;
    %flag_get/vec4 4;
    %jmp/0 T_5.86, 4;
    %load/vec4 v0x145a95f60_0;
    %parti/s 52, 0, 2;
    %pushi/vec4 0, 0, 52;
    %cmp/e;
    %flag_get/vec4 4;
    %and;
T_5.86;
    %flag_set/vec4 8;
    %jmp/0xz  T_5.84, 8;
    %load/vec4 v0x145a95ea0_0;
    %parti/s 1, 63, 7;
    %load/vec4 v0x145a95f60_0;
    %parti/s 1, 63, 7;
    %xor;
    %concati/vec4 0, 0, 11;
    %concati/vec4 0, 0, 52;
    %store/vec4 v0x145a96640_0, 0, 64;
    %jmp T_5.85;
T_5.84 ;
    %load/vec4 v0x145a95ea0_0;
    %parti/s 1, 63, 7;
    %load/vec4 v0x145a95f60_0;
    %parti/s 1, 63, 7;
    %xor;
    %store/vec4 v0x145a966f0_0, 0, 1;
    %load/vec4 v0x145a95ea0_0;
    %parti/s 11, 52, 7;
    %store/vec4 v0x145a960d0_0, 0, 11;
    %load/vec4 v0x145a95f60_0;
    %parti/s 11, 52, 7;
    %store/vec4 v0x145a96180_0, 0, 11;
    %pushi/vec4 1, 0, 1;
    %load/vec4 v0x145a95ea0_0;
    %parti/s 52, 0, 2;
    %concat/vec4; draw_concat_vec4
    %store/vec4 v0x145a963c0_0, 0, 53;
    %pushi/vec4 1, 0, 1;
    %load/vec4 v0x145a95f60_0;
    %parti/s 52, 0, 2;
    %concat/vec4; draw_concat_vec4
    %store/vec4 v0x145a96460_0, 0, 53;
    %load/vec4 v0x145a96460_0;
    %cmpi/e 0, 0, 53;
    %flag_get/vec4 4;
    %jmp/0 T_5.89, 4;
    %load/vec4 v0x145a96180_0;
    %pad/u 32;
    %pushi/vec4 0, 0, 32;
    %cmp/e;
    %flag_get/vec4 4;
    %and;
T_5.89;
    %flag_set/vec4 8;
    %jmp/0xz  T_5.87, 8;
    %pushi/vec4 4293918720, 0, 33;
    %concati/vec4 0, 0, 31;
    %store/vec4 v0x145a96640_0, 0, 64;
    %jmp T_5.88;
T_5.87 ;
    %load/vec4 v0x145a960d0_0;
    %pad/u 12;
    %load/vec4 v0x145a96180_0;
    %pad/u 12;
    %sub;
    %addi 1023, 0, 12;
    %store/vec4 v0x145a96270_0, 0, 12;
    %pushi/vec4 0, 0, 53;
    %load/vec4 v0x145a963c0_0;
    %concat/vec4; draw_concat_vec4
    %ix/load 4, 52, 0;
    %flag_set/imm 4, 0;
    %shiftl 4;
    %load/vec4 v0x145a96460_0;
    %pad/u 106;
    %div;
    %store/vec4 v0x145a96980_0, 0, 106;
    %load/vec4 v0x145a96980_0;
    %parti/s 53, 0, 2;
    %store/vec4 v0x145a96590_0, 0, 53;
    %load/vec4 v0x145a96590_0;
    %pushi/vec4 2147483648, 0, 32;
    %concati/vec4 0, 0, 21;
    %cmp/u;
    %jmp/0xz  T_5.90, 5;
    %load/vec4 v0x145a96590_0;
    %ix/load 4, 1, 0;
    %flag_set/imm 4, 0;
    %shiftl 4;
    %store/vec4 v0x145a96590_0, 0, 53;
    %load/vec4 v0x145a96270_0;
    %subi 1, 0, 12;
    %store/vec4 v0x145a96270_0, 0, 12;
T_5.90 ;
    %load/vec4 v0x145a966f0_0;
    %load/vec4 v0x145a96270_0;
    %parti/s 11, 0, 2;
    %concat/vec4; draw_concat_vec4
    %load/vec4 v0x145a96590_0;
    %parti/s 52, 0, 2;
    %concat/vec4; draw_concat_vec4
    %store/vec4 v0x145a96640_0, 0, 64;
T_5.88 ;
T_5.85 ;
T_5.82 ;
T_5.79 ;
T_5.74 ;
T_5.69 ;
    %jmp T_5.5;
T_5.5 ;
    %pop/vec4 1;
    %jmp T_5;
    .thread T_5, $push;
    .scope S_0x145a63200;
T_6 ;
    %wait E_0x145a3b890;
    %load/vec4 v0x145a9be10_0;
    %flag_set/vec4 8;
    %jmp/0xz  T_6.0, 8;
    %load/vec4 v0x145a9b550_0;
    %store/vec4 v0x145a9b760_0, 0, 64;
    %jmp T_6.1;
T_6.0 ;
    %load/vec4 v0x145a9af90_0;
    %flag_set/vec4 8;
    %jmp/0xz  T_6.2, 8;
    %load/vec4 v0x145a9baf0_0;
    %store/vec4 v0x145a9b760_0, 0, 64;
    %jmp T_6.3;
T_6.2 ;
    %load/vec4 v0x145a9ab90_0;
    %flag_set/vec4 8;
    %jmp/0xz  T_6.4, 8;
    %load/vec4 v0x145a9baf0_0;
    %store/vec4 v0x145a9b760_0, 0, 64;
    %jmp T_6.5;
T_6.4 ;
    %load/vec4 v0x145a9ae50_0;
    %flag_set/vec4 8;
    %jmp/0xz  T_6.6, 8;
    %load/vec4 v0x145a9b8c0_0;
    %load/vec4 v0x145a9baf0_0;
    %add;
    %store/vec4 v0x145a9b760_0, 0, 64;
    %jmp T_6.7;
T_6.6 ;
    %load/vec4 v0x145a9ada0_0;
    %flag_set/vec4 8;
    %jmp/0xz  T_6.8, 8;
    %load/vec4 v0x145a9b8c0_0;
    %load/vec4 v0x145a9af00_0;
    %add;
    %store/vec4 v0x145a9b760_0, 0, 64;
    %jmp T_6.9;
T_6.8 ;
    %load/vec4 v0x145a9acf0_0;
    %flag_set/vec4 8;
    %jmp/0xz  T_6.10, 8;
    %load/vec4 v0x145a9bf70_0;
    %cmpi/ne 0, 0, 64;
    %jmp/0xz  T_6.12, 4;
    %load/vec4 v0x145a9baf0_0;
    %store/vec4 v0x145a9b760_0, 0, 64;
    %jmp T_6.13;
T_6.12 ;
    %load/vec4 v0x145a9b8c0_0;
    %addi 4, 0, 64;
    %store/vec4 v0x145a9b760_0, 0, 64;
T_6.13 ;
    %jmp T_6.11;
T_6.10 ;
    %load/vec4 v0x145a9ac40_0;
    %flag_set/vec4 8;
    %jmp/0xz  T_6.14, 8;
    %load/vec4 v0x145a9c110_0;
    %load/vec4 v0x145a9bf70_0;
    %cmp/s;
    %jmp/0xz  T_6.16, 5;
    %load/vec4 v0x145a9baf0_0;
    %store/vec4 v0x145a9b760_0, 0, 64;
    %jmp T_6.17;
T_6.16 ;
    %load/vec4 v0x145a9b8c0_0;
    %addi 4, 0, 64;
    %store/vec4 v0x145a9b760_0, 0, 64;
T_6.17 ;
    %jmp T_6.15;
T_6.14 ;
    %load/vec4 v0x145a9b8c0_0;
    %addi 4, 0, 64;
    %store/vec4 v0x145a9b760_0, 0, 64;
T_6.15 ;
T_6.11 ;
T_6.9 ;
T_6.7 ;
T_6.5 ;
T_6.3 ;
T_6.1 ;
    %jmp T_6;
    .thread T_6, $push;
    .scope S_0x145a57090;
T_7 ;
    %delay 10000, 0;
    %load/vec4 v0x145a9c390_0;
    %inv;
    %store/vec4 v0x145a9c390_0, 0, 1;
    %jmp T_7;
    .thread T_7;
    .scope S_0x145a57090;
T_8 ;
    %pushi/vec4 1, 0, 1;
    %store/vec4 v0x145a9c4a0_0, 0, 1;
    %pushi/vec4 0, 0, 1;
    %store/vec4 v0x145a9c390_0, 0, 1;
    %pushi/vec4 0, 0, 1;
    %store/vec4 v0x145a9c4a0_0, 0, 1;
    %vpi_call/w 3 16 "$display", "pc  = %h", v0x145a959d0_0 {0 0 0};
    %vpi_call/w 3 17 "$display", "r0  = %h", &A<v0x145a99b30, 0> {0 0 0};
    %vpi_call/w 3 18 "$display", "r1  = %h", &A<v0x145a99b30, 1> {0 0 0};
    %vpi_call/w 3 19 "$display", "r31 = %h", &A<v0x145a99b30, 31> {0 0 0};
    %delay 200000, 0;
    %vpi_call/w 3 23 "$display", "pc  = %h", v0x145a959d0_0 {0 0 0};
    %vpi_call/w 3 24 "$display", "r0  = %h", &A<v0x145a99b30, 0> {0 0 0};
    %vpi_call/w 3 25 "$display", "r1  = %h", &A<v0x145a99b30, 1> {0 0 0};
    %vpi_call/w 3 26 "$display", "r31 = %h", &A<v0x145a99b30, 31> {0 0 0};
    %pushi/vec4 0, 0, 1;
    %store/vec4 v0x145a9c4a0_0, 0, 1;
    %vpi_call/w 3 30 "$display", "pc  = %h", v0x145a959d0_0 {0 0 0};
    %vpi_call/w 3 31 "$display", "r0  = %h", &A<v0x145a99b30, 0> {0 0 0};
    %vpi_call/w 3 32 "$display", "r1  = %h", &A<v0x145a99b30, 1> {0 0 0};
    %vpi_call/w 3 33 "$display", "r31 = %h", &A<v0x145a99b30, 31> {0 0 0};
    %vpi_call/w 3 35 "$finish" {0 0 0};
    %end;
    .thread T_8;
# The file index is used to find the file name in the following table.
:file_names 11;
    "N/A";
    "<interactive>";
    "-";
    "test/tb_reset.sv";
    "./tinker.sv";
    "./alu.sv";
    "./instruction_decoder.sv";
    "./instruction_fetch.sv";
    "./fpu.sv";
    "./memory.sv";
    "./register_file.sv";
